2025-01-26 15:37:25.580 [INFO] [background-preinit] [o.h.validator.internal.util.Version] - HV000001: Hibernate Validator 8.0.1.Final
2025-01-26 15:37:25.658 [INFO] [main] [c.K.S.SpringBootJpaApplication] - Starting SpringBootJpaApplication using Java 17.0.8.1 with PID 12416 (C:\Users\KANG\Desktop\Self-study\Spring_Boot\Jpa\SpringBootTaco\build\classes\java\main started by KANG in C:\Users\KANG\Desktop\Self-study\Spring_Boot\Jpa\SpringBootTaco)
2025-01-26 15:37:25.659 [INFO] [main] [c.K.S.SpringBootJpaApplication] - No active profile set, falling back to 1 default profile: "default"
2025-01-26 15:37:26.542 [INFO] [main] [o.s.d.r.c.RepositoryConfigurationDelegate] - Multiple Spring Data modules found, entering strict repository configuration mode
2025-01-26 15:37:26.544 [INFO] [main] [o.s.d.r.c.RepositoryConfigurationDelegate] - Bootstrapping Spring Data JPA repositories in DEFAULT mode.
2025-01-26 15:37:26.597 [INFO] [main] [o.s.d.r.c.RepositoryConfigurationExtensionSupport] - Spring Data JPA - Could not safely identify store assignment for repository candidate interface com.Kang.SpringBoot_Jpa.mongorepo.ProjectRepository; If you want this repository to be a JPA repository, consider annotating your entities with one of these annotations: jakarta.persistence.Entity, jakarta.persistence.MappedSuperclass (preferred), or consider extending one of the following types with your repository: org.springframework.data.jpa.repository.JpaRepository
2025-01-26 15:37:26.599 [INFO] [main] [o.s.d.r.c.RepositoryConfigurationExtensionSupport] - Spring Data JPA - Could not safely identify store assignment for repository candidate interface com.Kang.SpringBoot_Jpa.mongorepo.SessionRepository; If you want this repository to be a JPA repository, consider annotating your entities with one of these annotations: jakarta.persistence.Entity, jakarta.persistence.MappedSuperclass (preferred), or consider extending one of the following types with your repository: org.springframework.data.jpa.repository.JpaRepository
2025-01-26 15:37:26.723 [INFO] [main] [o.s.d.r.c.RepositoryConfigurationDelegate] - Finished Spring Data repository scanning in 171 ms. Found 1 JPA repository interface.
2025-01-26 15:37:26.757 [INFO] [main] [o.s.d.r.c.RepositoryConfigurationDelegate] - Multiple Spring Data modules found, entering strict repository configuration mode
2025-01-26 15:37:26.758 [INFO] [main] [o.s.d.r.c.RepositoryConfigurationDelegate] - Bootstrapping Spring Data MongoDB repositories in DEFAULT mode.
2025-01-26 15:37:26.768 [INFO] [main] [o.s.d.r.c.RepositoryConfigurationExtensionSupport] - Spring Data MongoDB - Could not safely identify store assignment for repository candidate interface com.Kang.SpringBoot_Jpa.repository.UserRepository; If you want this repository to be a MongoDB repository, consider annotating your entities with one of these annotations: org.springframework.data.mongodb.core.mapping.Document (preferred), or consider extending one of the following types with your repository: org.springframework.data.mongodb.repository.MongoRepository
2025-01-26 15:37:26.776 [INFO] [main] [o.s.d.r.c.RepositoryConfigurationDelegate] - Finished Spring Data repository scanning in 16 ms. Found 2 MongoDB repository interfaces.
2025-01-26 15:37:26.790 [INFO] [main] [o.s.d.r.c.RepositoryConfigurationDelegate] - Multiple Spring Data modules found, entering strict repository configuration mode
2025-01-26 15:37:26.791 [INFO] [main] [o.s.d.r.c.RepositoryConfigurationDelegate] - Bootstrapping Spring Data Redis repositories in DEFAULT mode.
2025-01-26 15:37:26.805 [INFO] [main] [o.s.d.r.c.RepositoryConfigurationExtensionSupport] - Spring Data Redis - Could not safely identify store assignment for repository candidate interface com.Kang.SpringBoot_Jpa.mongorepo.ProjectRepository; If you want this repository to be a Redis repository, consider annotating your entities with one of these annotations: org.springframework.data.redis.core.RedisHash (preferred), or consider extending one of the following types with your repository: org.springframework.data.keyvalue.repository.KeyValueRepository
2025-01-26 15:37:26.806 [INFO] [main] [o.s.d.r.c.RepositoryConfigurationExtensionSupport] - Spring Data Redis - Could not safely identify store assignment for repository candidate interface com.Kang.SpringBoot_Jpa.mongorepo.SessionRepository; If you want this repository to be a Redis repository, consider annotating your entities with one of these annotations: org.springframework.data.redis.core.RedisHash (preferred), or consider extending one of the following types with your repository: org.springframework.data.keyvalue.repository.KeyValueRepository
2025-01-26 15:37:26.806 [INFO] [main] [o.s.d.r.c.RepositoryConfigurationExtensionSupport] - Spring Data Redis - Could not safely identify store assignment for repository candidate interface com.Kang.SpringBoot_Jpa.repository.UserRepository; If you want this repository to be a Redis repository, consider annotating your entities with one of these annotations: org.springframework.data.redis.core.RedisHash (preferred), or consider extending one of the following types with your repository: org.springframework.data.keyvalue.repository.KeyValueRepository
2025-01-26 15:37:26.806 [INFO] [main] [o.s.d.r.c.RepositoryConfigurationDelegate] - Finished Spring Data repository scanning in 6 ms. Found 0 Redis repository interfaces.
2025-01-26 15:37:27.490 [INFO] [main] [o.s.b.w.e.tomcat.TomcatWebServer] - Tomcat initialized with port 8080 (http)
2025-01-26 15:37:27.503 [INFO] [main] [o.a.coyote.http11.Http11NioProtocol] - Initializing ProtocolHandler ["http-nio-8080"]
2025-01-26 15:37:27.505 [INFO] [main] [o.a.catalina.core.StandardService] - Starting service [Tomcat]
2025-01-26 15:37:27.505 [INFO] [main] [o.a.catalina.core.StandardEngine] - Starting Servlet engine: [Apache Tomcat/10.1.33]
2025-01-26 15:37:27.587 [INFO] [main] [o.a.c.c.C.[Tomcat].[localhost].[/]] - Initializing Spring embedded WebApplicationContext
2025-01-26 15:37:27.587 [INFO] [main] [o.s.b.w.s.c.ServletWebServerApplicationContext] - Root WebApplicationContext: initialization completed in 1879 ms
2025-01-26 15:37:27.759 [INFO] [main] [o.h.jpa.internal.util.LogHelper] - HHH000204: Processing PersistenceUnitInfo [name: default]
2025-01-26 15:37:27.860 [INFO] [main] [org.hibernate.Version] - HHH000412: Hibernate ORM core version 6.6.2.Final
2025-01-26 15:37:27.912 [INFO] [main] [o.h.c.i.RegionFactoryInitiator] - HHH000026: Second-level cache disabled
2025-01-26 15:37:28.251 [INFO] [main] [o.s.o.j.p.SpringPersistenceUnitInfo] - No LoadTimeWeaver setup: ignoring JPA class transformer
2025-01-26 15:37:28.291 [INFO] [main] [com.zaxxer.hikari.HikariDataSource] - HikariPool-1 - Starting...
2025-01-26 15:37:28.613 [INFO] [main] [com.zaxxer.hikari.pool.HikariPool] - HikariPool-1 - Added connection com.mysql.cj.jdbc.ConnectionImpl@43ee1cf7
2025-01-26 15:37:28.615 [INFO] [main] [com.zaxxer.hikari.HikariDataSource] - HikariPool-1 - Start completed.
2025-01-26 15:37:28.726 [INFO] [main] [o.hibernate.orm.connections.pooling] - HHH10001005: Database info:
	Database JDBC URL [Connecting through datasource 'HikariDataSource (HikariPool-1)']
	Database driver: undefined/unknown
	Database version: 8.0.39
	Autocommit mode: undefined/unknown
	Isolation level: undefined/unknown
	Minimum pool size: undefined/unknown
	Maximum pool size: undefined/unknown
2025-01-26 15:37:29.570 [INFO] [main] [o.h.e.t.j.p.i.JtaPlatformInitiator] - HHH000489: No JTA platform available (set 'hibernate.transaction.jta.platform' to enable JTA platform integration)
2025-01-26 15:37:29.628 [INFO] [main] [o.s.o.j.LocalContainerEntityManagerFactoryBean] - Initialized JPA EntityManagerFactory for persistence unit 'default'
2025-01-26 15:37:30.538 [INFO] [main] [org.mongodb.driver.client] - MongoClient with metadata {"driver": {"name": "mongo-java-driver|sync|spring-boot", "version": "5.2.1"}, "os": {"type": "Windows", "name": "Windows 10", "architecture": "amd64", "version": "10.0"}, "platform": "Java/Eclipse Adoptium/17.0.8.1+1"} created with settings MongoClientSettings{readPreference=primary, writeConcern=WriteConcern{w=null, wTimeout=null ms, journal=null}, retryWrites=true, retryReads=true, readConcern=ReadConcern{level=null}, credential=null, transportSettings=null, commandListeners=[], codecRegistry=ProvidersCodecRegistry{codecProviders=[ValueCodecProvider{}, BsonValueCodecProvider{}, DBRefCodecProvider{}, DBObjectCodecProvider{}, DocumentCodecProvider{}, CollectionCodecProvider{}, IterableCodecProvider{}, MapCodecProvider{}, GeoJsonCodecProvider{}, GridFSFileCodecProvider{}, Jsr310CodecProvider{}, JsonObjectCodecProvider{}, BsonCodecProvider{}, EnumCodecProvider{}, com.mongodb.client.model.mql.ExpressionCodecProvider@49620576, com.mongodb.Jep395RecordCodecProvider@3397c8c0, com.mongodb.KotlinCodecProvider@22b581a5]}, loggerSettings=LoggerSettings{maxDocumentLength=1000}, clusterSettings={hosts=[localhost:27017], srvServiceName=mongodb, mode=SINGLE, requiredClusterType=UNKNOWN, requiredReplicaSetName='null', serverSelector='null', clusterListeners='[]', serverSelectionTimeout='30000 ms', localThreshold='15 ms'}, socketSettings=SocketSettings{connectTimeoutMS=10000, readTimeoutMS=0, receiveBufferSize=0, proxySettings=ProxySettings{host=null, port=null, username=null, password=null}}, heartbeatSocketSettings=SocketSettings{connectTimeoutMS=10000, readTimeoutMS=10000, receiveBufferSize=0, proxySettings=ProxySettings{host=null, port=null, username=null, password=null}}, connectionPoolSettings=ConnectionPoolSettings{maxSize=100, minSize=0, maxWaitTimeMS=120000, maxConnectionLifeTimeMS=0, maxConnectionIdleTimeMS=0, maintenanceInitialDelayMS=0, maintenanceFrequencyMS=60000, connectionPoolListeners=[], maxConnecting=2}, serverSettings=ServerSettings{heartbeatFrequencyMS=10000, minHeartbeatFrequencyMS=500, serverMonitoringMode=AUTO, serverListeners='[]', serverMonitorListeners='[]'}, sslSettings=SslSettings{enabled=false, invalidHostNameAllowed=false, context=null}, applicationName='null', compressorList=[], uuidRepresentation=JAVA_LEGACY, serverApi=null, autoEncryptionSettings=null, dnsClient=null, inetAddressResolver=null, contextProvider=null, timeoutMS=null}
2025-01-26 15:37:30.554 [INFO] [cluster-ClusterId{value='6795d82a0bad956adbbde993', description='null'}-localhost:27017] [org.mongodb.driver.cluster] - Monitor thread successfully connected to server with description ServerDescription{address=localhost:27017, type=STANDALONE, cryptd=false, state=CONNECTED, ok=true, minWireVersion=0, maxWireVersion=25, maxDocumentSize=16777216, logicalSessionTimeoutMinutes=30, roundTripTimeNanos=24441100, minRoundTripTimeNanos=0}
2025-01-26 15:37:30.868 [INFO] [main] [o.s.s.c.a.a.c.InitializeUserDetailsBeanManagerConfigurer$InitializeUserDetailsManagerConfigurer] - Global AuthenticationManager configured with UserDetailsService bean with name customUserDetailsService
2025-01-26 15:37:30.961 [INFO] [main] [o.s.b.a.w.s.WelcomePageHandlerMapping] - Adding welcome page template: index
2025-01-26 15:37:31.525 [INFO] [main] [o.a.coyote.http11.Http11NioProtocol] - Starting ProtocolHandler ["http-nio-8080"]
2025-01-26 15:37:31.543 [INFO] [main] [o.s.b.w.e.tomcat.TomcatWebServer] - Tomcat started on port 8080 (http) with context path '/'
2025-01-26 15:37:31.553 [INFO] [main] [c.K.S.SpringBootJpaApplication] - Started SpringBootJpaApplication in 6.536 seconds (process running for 6.964)
2025-01-26 15:37:42.812 [INFO] [http-nio-8080-exec-2] [o.a.c.c.C.[Tomcat].[localhost].[/]] - Initializing Spring DispatcherServlet 'dispatcherServlet'
2025-01-26 15:37:42.812 [INFO] [http-nio-8080-exec-2] [o.s.web.servlet.DispatcherServlet] - Initializing Servlet 'dispatcherServlet'
2025-01-26 15:37:42.813 [INFO] [http-nio-8080-exec-2] [o.s.web.servlet.DispatcherServlet] - Completed initialization in 1 ms
2025-01-26 15:37:42.856 [INFO] [http-nio-8080-exec-2] [c.K.S.controller.MainController] - Index page accessed by IP: 0:0:0:0:0:0:0:1
2025-01-26 15:37:45.985 [INFO] [http-nio-8080-exec-3] [c.K.S.controller.AdminController] - Admin page accessed by IP: 0:0:0:0:0:0:0:1
2025-01-26 15:37:48.913 [INFO] [http-nio-8080-exec-8] [c.K.S.controller.AdminController] - Admin project page accessed by IP: 0:0:0:0:0:0:0:1
2025-01-26 15:37:52.819 [INFO] [http-nio-8080-exec-1] [c.K.S.controller.AdminController] - Admin write project page accessed by IP: 0:0:0:0:0:0:0:1
2025-01-26 15:38:09.892 [INFO] [http-nio-8080-exec-6] [c.K.S.service.FileService] - File pre-upload successful: FileName=1.0 과정.PNG, FilePath=C:/Users/KANG/Desktop/Self-study/Spring_Boot/Test/temp/d7aea0d0-99cb-40a3-a192-d43fccfa9967.PNG
2025-01-26 15:38:32.487 [INFO] [http-nio-8080-exec-7] [c.K.S.service.FileService] - File pre-upload successful: FileName=1.1.PNG, FilePath=C:/Users/KANG/Desktop/Self-study/Spring_Boot/Test/temp/15b56019-566b-4bde-8b0e-2dbbe0ed3b15.PNG
2025-01-26 15:39:06.620 [INFO] [http-nio-8080-exec-10] [c.K.S.service.FileService] - File pre-upload successful: FileName=chrome_screenshot_www.youtube.com (10).png, FilePath=C:/Users/KANG/Desktop/Self-study/Spring_Boot/Test/temp/bca74a97-92f5-4f17-ad64-930db391173c.png
2025-01-26 15:39:10.517 [INFO] [http-nio-8080-exec-2] [c.K.S.service.FileService] - File pre-upload successful: FileName=chrome_screenshot_www.youtube.com (10).png, FilePath=C:/Users/KANG/Desktop/Self-study/Spring_Boot/Test/temp/d25f0896-e366-41bb-b343-5120e1c9f208.png
2025-01-26 15:39:12.411 [INFO] [http-nio-8080-exec-1] [c.K.S.service.FileService] - File pre-upload successful: FileName=chrome_screenshot_www.youtube.com (11).png, FilePath=C:/Users/KANG/Desktop/Self-study/Spring_Boot/Test/temp/2a347700-7503-47ea-aec7-df60fb4f7ef9.png
2025-01-26 15:44:34.535 [INFO] [background-preinit] [o.h.validator.internal.util.Version] - HV000001: Hibernate Validator 8.0.1.Final
2025-01-26 15:44:34.606 [INFO] [main] [c.K.S.SpringBootJpaApplication] - Starting SpringBootJpaApplication using Java 17.0.8.1 with PID 848 (C:\Users\KANG\Desktop\Self-study\Spring_Boot\Jpa\SpringBootTaco\build\classes\java\main started by KANG in C:\Users\KANG\Desktop\Self-study\Spring_Boot\Jpa\SpringBootTaco)
2025-01-26 15:44:34.608 [INFO] [main] [c.K.S.SpringBootJpaApplication] - No active profile set, falling back to 1 default profile: "default"
2025-01-26 15:44:35.433 [INFO] [main] [o.s.d.r.c.RepositoryConfigurationDelegate] - Multiple Spring Data modules found, entering strict repository configuration mode
2025-01-26 15:44:35.435 [INFO] [main] [o.s.d.r.c.RepositoryConfigurationDelegate] - Bootstrapping Spring Data JPA repositories in DEFAULT mode.
2025-01-26 15:44:35.485 [INFO] [main] [o.s.d.r.c.RepositoryConfigurationExtensionSupport] - Spring Data JPA - Could not safely identify store assignment for repository candidate interface com.Kang.SpringBoot_Jpa.mongorepo.ProjectRepository; If you want this repository to be a JPA repository, consider annotating your entities with one of these annotations: jakarta.persistence.Entity, jakarta.persistence.MappedSuperclass (preferred), or consider extending one of the following types with your repository: org.springframework.data.jpa.repository.JpaRepository
2025-01-26 15:44:35.488 [INFO] [main] [o.s.d.r.c.RepositoryConfigurationExtensionSupport] - Spring Data JPA - Could not safely identify store assignment for repository candidate interface com.Kang.SpringBoot_Jpa.mongorepo.SessionRepository; If you want this repository to be a JPA repository, consider annotating your entities with one of these annotations: jakarta.persistence.Entity, jakarta.persistence.MappedSuperclass (preferred), or consider extending one of the following types with your repository: org.springframework.data.jpa.repository.JpaRepository
2025-01-26 15:44:35.612 [INFO] [main] [o.s.d.r.c.RepositoryConfigurationDelegate] - Finished Spring Data repository scanning in 164 ms. Found 1 JPA repository interface.
2025-01-26 15:44:35.643 [INFO] [main] [o.s.d.r.c.RepositoryConfigurationDelegate] - Multiple Spring Data modules found, entering strict repository configuration mode
2025-01-26 15:44:35.643 [INFO] [main] [o.s.d.r.c.RepositoryConfigurationDelegate] - Bootstrapping Spring Data MongoDB repositories in DEFAULT mode.
2025-01-26 15:44:35.655 [INFO] [main] [o.s.d.r.c.RepositoryConfigurationExtensionSupport] - Spring Data MongoDB - Could not safely identify store assignment for repository candidate interface com.Kang.SpringBoot_Jpa.repository.UserRepository; If you want this repository to be a MongoDB repository, consider annotating your entities with one of these annotations: org.springframework.data.mongodb.core.mapping.Document (preferred), or consider extending one of the following types with your repository: org.springframework.data.mongodb.repository.MongoRepository
2025-01-26 15:44:35.663 [INFO] [main] [o.s.d.r.c.RepositoryConfigurationDelegate] - Finished Spring Data repository scanning in 18 ms. Found 2 MongoDB repository interfaces.
2025-01-26 15:44:35.676 [INFO] [main] [o.s.d.r.c.RepositoryConfigurationDelegate] - Multiple Spring Data modules found, entering strict repository configuration mode
2025-01-26 15:44:35.677 [INFO] [main] [o.s.d.r.c.RepositoryConfigurationDelegate] - Bootstrapping Spring Data Redis repositories in DEFAULT mode.
2025-01-26 15:44:35.690 [INFO] [main] [o.s.d.r.c.RepositoryConfigurationExtensionSupport] - Spring Data Redis - Could not safely identify store assignment for repository candidate interface com.Kang.SpringBoot_Jpa.mongorepo.ProjectRepository; If you want this repository to be a Redis repository, consider annotating your entities with one of these annotations: org.springframework.data.redis.core.RedisHash (preferred), or consider extending one of the following types with your repository: org.springframework.data.keyvalue.repository.KeyValueRepository
2025-01-26 15:44:35.690 [INFO] [main] [o.s.d.r.c.RepositoryConfigurationExtensionSupport] - Spring Data Redis - Could not safely identify store assignment for repository candidate interface com.Kang.SpringBoot_Jpa.mongorepo.SessionRepository; If you want this repository to be a Redis repository, consider annotating your entities with one of these annotations: org.springframework.data.redis.core.RedisHash (preferred), or consider extending one of the following types with your repository: org.springframework.data.keyvalue.repository.KeyValueRepository
2025-01-26 15:44:35.690 [INFO] [main] [o.s.d.r.c.RepositoryConfigurationExtensionSupport] - Spring Data Redis - Could not safely identify store assignment for repository candidate interface com.Kang.SpringBoot_Jpa.repository.UserRepository; If you want this repository to be a Redis repository, consider annotating your entities with one of these annotations: org.springframework.data.redis.core.RedisHash (preferred), or consider extending one of the following types with your repository: org.springframework.data.keyvalue.repository.KeyValueRepository
2025-01-26 15:44:35.690 [INFO] [main] [o.s.d.r.c.RepositoryConfigurationDelegate] - Finished Spring Data repository scanning in 6 ms. Found 0 Redis repository interfaces.
2025-01-26 15:44:36.342 [INFO] [main] [o.s.b.w.e.tomcat.TomcatWebServer] - Tomcat initialized with port 8080 (http)
2025-01-26 15:44:36.356 [INFO] [main] [o.a.coyote.http11.Http11NioProtocol] - Initializing ProtocolHandler ["http-nio-8080"]
2025-01-26 15:44:36.360 [INFO] [main] [o.a.catalina.core.StandardService] - Starting service [Tomcat]
2025-01-26 15:44:36.360 [INFO] [main] [o.a.catalina.core.StandardEngine] - Starting Servlet engine: [Apache Tomcat/10.1.33]
2025-01-26 15:44:36.452 [INFO] [main] [o.a.c.c.C.[Tomcat].[localhost].[/]] - Initializing Spring embedded WebApplicationContext
2025-01-26 15:44:36.453 [INFO] [main] [o.s.b.w.s.c.ServletWebServerApplicationContext] - Root WebApplicationContext: initialization completed in 1793 ms
2025-01-26 15:44:36.613 [INFO] [main] [o.h.jpa.internal.util.LogHelper] - HHH000204: Processing PersistenceUnitInfo [name: default]
2025-01-26 15:44:36.684 [INFO] [main] [org.hibernate.Version] - HHH000412: Hibernate ORM core version 6.6.2.Final
2025-01-26 15:44:36.732 [INFO] [main] [o.h.c.i.RegionFactoryInitiator] - HHH000026: Second-level cache disabled
2025-01-26 15:44:37.063 [INFO] [main] [o.s.o.j.p.SpringPersistenceUnitInfo] - No LoadTimeWeaver setup: ignoring JPA class transformer
2025-01-26 15:44:37.098 [INFO] [main] [com.zaxxer.hikari.HikariDataSource] - HikariPool-1 - Starting...
2025-01-26 15:44:37.397 [INFO] [main] [com.zaxxer.hikari.pool.HikariPool] - HikariPool-1 - Added connection com.mysql.cj.jdbc.ConnectionImpl@48860139
2025-01-26 15:44:37.399 [INFO] [main] [com.zaxxer.hikari.HikariDataSource] - HikariPool-1 - Start completed.
2025-01-26 15:44:37.489 [INFO] [main] [o.hibernate.orm.connections.pooling] - HHH10001005: Database info:
	Database JDBC URL [Connecting through datasource 'HikariDataSource (HikariPool-1)']
	Database driver: undefined/unknown
	Database version: 8.0.39
	Autocommit mode: undefined/unknown
	Isolation level: undefined/unknown
	Minimum pool size: undefined/unknown
	Maximum pool size: undefined/unknown
2025-01-26 15:44:38.295 [INFO] [main] [o.h.e.t.j.p.i.JtaPlatformInitiator] - HHH000489: No JTA platform available (set 'hibernate.transaction.jta.platform' to enable JTA platform integration)
2025-01-26 15:44:38.338 [INFO] [main] [o.s.o.j.LocalContainerEntityManagerFactoryBean] - Initialized JPA EntityManagerFactory for persistence unit 'default'
2025-01-26 15:44:39.160 [INFO] [main] [org.mongodb.driver.client] - MongoClient with metadata {"driver": {"name": "mongo-java-driver|sync|spring-boot", "version": "5.2.1"}, "os": {"type": "Windows", "name": "Windows 10", "architecture": "amd64", "version": "10.0"}, "platform": "Java/Eclipse Adoptium/17.0.8.1+1"} created with settings MongoClientSettings{readPreference=primary, writeConcern=WriteConcern{w=null, wTimeout=null ms, journal=null}, retryWrites=true, retryReads=true, readConcern=ReadConcern{level=null}, credential=null, transportSettings=null, commandListeners=[], codecRegistry=ProvidersCodecRegistry{codecProviders=[ValueCodecProvider{}, BsonValueCodecProvider{}, DBRefCodecProvider{}, DBObjectCodecProvider{}, DocumentCodecProvider{}, CollectionCodecProvider{}, IterableCodecProvider{}, MapCodecProvider{}, GeoJsonCodecProvider{}, GridFSFileCodecProvider{}, Jsr310CodecProvider{}, JsonObjectCodecProvider{}, BsonCodecProvider{}, EnumCodecProvider{}, com.mongodb.client.model.mql.ExpressionCodecProvider@1ee04ff6, com.mongodb.Jep395RecordCodecProvider@32fefbe6, com.mongodb.KotlinCodecProvider@3e92bded]}, loggerSettings=LoggerSettings{maxDocumentLength=1000}, clusterSettings={hosts=[localhost:27017], srvServiceName=mongodb, mode=SINGLE, requiredClusterType=UNKNOWN, requiredReplicaSetName='null', serverSelector='null', clusterListeners='[]', serverSelectionTimeout='30000 ms', localThreshold='15 ms'}, socketSettings=SocketSettings{connectTimeoutMS=10000, readTimeoutMS=0, receiveBufferSize=0, proxySettings=ProxySettings{host=null, port=null, username=null, password=null}}, heartbeatSocketSettings=SocketSettings{connectTimeoutMS=10000, readTimeoutMS=10000, receiveBufferSize=0, proxySettings=ProxySettings{host=null, port=null, username=null, password=null}}, connectionPoolSettings=ConnectionPoolSettings{maxSize=100, minSize=0, maxWaitTimeMS=120000, maxConnectionLifeTimeMS=0, maxConnectionIdleTimeMS=0, maintenanceInitialDelayMS=0, maintenanceFrequencyMS=60000, connectionPoolListeners=[], maxConnecting=2}, serverSettings=ServerSettings{heartbeatFrequencyMS=10000, minHeartbeatFrequencyMS=500, serverMonitoringMode=AUTO, serverListeners='[]', serverMonitorListeners='[]'}, sslSettings=SslSettings{enabled=false, invalidHostNameAllowed=false, context=null}, applicationName='null', compressorList=[], uuidRepresentation=JAVA_LEGACY, serverApi=null, autoEncryptionSettings=null, dnsClient=null, inetAddressResolver=null, contextProvider=null, timeoutMS=null}
2025-01-26 15:44:39.171 [INFO] [cluster-ClusterId{value='6795d9d7f440607c46e1ef9d', description='null'}-localhost:27017] [org.mongodb.driver.cluster] - Monitor thread successfully connected to server with description ServerDescription{address=localhost:27017, type=STANDALONE, cryptd=false, state=CONNECTED, ok=true, minWireVersion=0, maxWireVersion=25, maxDocumentSize=16777216, logicalSessionTimeoutMinutes=30, roundTripTimeNanos=21391100, minRoundTripTimeNanos=0}
2025-01-26 15:44:39.425 [INFO] [main] [o.s.s.c.a.a.c.InitializeUserDetailsBeanManagerConfigurer$InitializeUserDetailsManagerConfigurer] - Global AuthenticationManager configured with UserDetailsService bean with name customUserDetailsService
2025-01-26 15:44:39.512 [INFO] [main] [o.s.b.a.w.s.WelcomePageHandlerMapping] - Adding welcome page template: index
2025-01-26 15:44:39.989 [INFO] [main] [o.a.coyote.http11.Http11NioProtocol] - Starting ProtocolHandler ["http-nio-8080"]
2025-01-26 15:44:40.014 [INFO] [main] [o.s.b.w.e.tomcat.TomcatWebServer] - Tomcat started on port 8080 (http) with context path '/'
2025-01-26 15:44:40.023 [INFO] [main] [c.K.S.SpringBootJpaApplication] - Started SpringBootJpaApplication in 6.017 seconds (process running for 6.438)
2025-01-26 15:45:30.708 [INFO] [http-nio-8080-exec-1] [o.a.c.c.C.[Tomcat].[localhost].[/]] - Initializing Spring DispatcherServlet 'dispatcherServlet'
2025-01-26 15:45:30.708 [INFO] [http-nio-8080-exec-1] [o.s.web.servlet.DispatcherServlet] - Initializing Servlet 'dispatcherServlet'
2025-01-26 15:45:30.709 [INFO] [http-nio-8080-exec-1] [o.s.web.servlet.DispatcherServlet] - Completed initialization in 1 ms
2025-01-26 15:45:30.752 [INFO] [http-nio-8080-exec-1] [c.K.S.controller.AdminController] - Admin page accessed by IP: 0:0:0:0:0:0:0:1
2025-01-26 15:45:46.222 [INFO] [http-nio-8080-exec-5] [c.K.S.controller.AdminController] - Admin project page accessed by IP: 0:0:0:0:0:0:0:1
2025-01-26 15:45:47.897 [INFO] [http-nio-8080-exec-7] [c.K.S.controller.AdminController] - Admin write project page accessed by IP: 0:0:0:0:0:0:0:1
2025-01-26 15:46:04.505 [INFO] [http-nio-8080-exec-1] [c.K.S.service.FileService] - File pre-upload successful: FileName=1.1.PNG, FilePath=C:/Users/KANG/Desktop/Self-study/Spring_Boot/Test/temp/deac082e-6bd3-401f-9aba-0a6665b6de84.PNG
2025-01-26 15:46:31.392 [INFO] [http-nio-8080-exec-2] [c.K.S.service.FileService] - File pre-upload successful: FileName=chrome_screenshot_www.youtube.com (1).png, FilePath=C:/Users/KANG/Desktop/Self-study/Spring_Boot/Test/temp/dd46c795-52e1-402c-8935-57499b2e69c5.png
2025-01-26 15:46:34.812 [INFO] [http-nio-8080-exec-3] [c.K.S.service.FileService] - File pre-upload successful: FileName=chrome_screenshot_www.youtube.com (2).png, FilePath=C:/Users/KANG/Desktop/Self-study/Spring_Boot/Test/temp/b30db51b-3a46-4d2d-967b-8a0dd268880f.png
2025-01-26 15:46:48.569 [INFO] [http-nio-8080-exec-4] [c.K.S.service.FileService] - File pre-upload successful: FileName=chrome_screenshot_www.youtube.com (11).png, FilePath=C:/Users/KANG/Desktop/Self-study/Spring_Boot/Test/temp/3abcbee7-7b2f-404b-a658-a769d03db179.png
2025-01-26 15:48:37.497 [INFO] [http-nio-8080-exec-8] [c.K.S.service.FileService] - File real-upload successful: FileName=deac082e-6bd3-401f-9aba-0a6665b6de84.PNG, FilePath=C:/Users/KANG/Desktop/Self-study/Spring_Boot/Test/real/deac082e-6bd3-401f-9aba-0a6665b6de84.PNG
2025-01-26 15:48:37.498 [INFO] [http-nio-8080-exec-8] [c.K.S.service.AdminService] - Successfully uploaded thumbnail: C:/Users/KANG/Desktop/Self-study/Spring_Boot/Test/temp/deac082e-6bd3-401f-9aba-0a6665b6de84.PNG to C:/Users/KANG/Desktop/Self-study/Spring_Boot/Test/real/deac082e-6bd3-401f-9aba-0a6665b6de84.PNG
2025-01-26 15:48:37.498 [INFO] [http-nio-8080-exec-8] [c.K.S.service.FileService] - File real-upload successful: FileName=dd46c795-52e1-402c-8935-57499b2e69c5.png, FilePath=C:/Users/KANG/Desktop/Self-study/Spring_Boot/Test/real/dd46c795-52e1-402c-8935-57499b2e69c5.png
2025-01-26 15:48:37.498 [INFO] [http-nio-8080-exec-8] [c.K.S.service.AdminService] - Successfully uploaded attachment: C:/Users/KANG/Desktop/Self-study/Spring_Boot/Test/temp/dd46c795-52e1-402c-8935-57499b2e69c5.png to C:/Users/KANG/Desktop/Self-study/Spring_Boot/Test/real/dd46c795-52e1-402c-8935-57499b2e69c5.png
2025-01-26 15:48:37.499 [INFO] [http-nio-8080-exec-8] [c.K.S.service.FileService] - File real-upload successful: FileName=b30db51b-3a46-4d2d-967b-8a0dd268880f.png, FilePath=C:/Users/KANG/Desktop/Self-study/Spring_Boot/Test/real/b30db51b-3a46-4d2d-967b-8a0dd268880f.png
2025-01-26 15:48:37.499 [INFO] [http-nio-8080-exec-8] [c.K.S.service.AdminService] - Successfully uploaded attachment: C:/Users/KANG/Desktop/Self-study/Spring_Boot/Test/temp/b30db51b-3a46-4d2d-967b-8a0dd268880f.png to C:/Users/KANG/Desktop/Self-study/Spring_Boot/Test/real/b30db51b-3a46-4d2d-967b-8a0dd268880f.png
2025-01-26 15:48:37.544 [INFO] [http-nio-8080-exec-8] [c.K.S.service.AdminService] - Successfully saved project: Title=2기 test project
2025-01-26 16:05:28.815 [INFO] [background-preinit] [o.h.validator.internal.util.Version] - HV000001: Hibernate Validator 8.0.1.Final
2025-01-26 16:05:28.881 [INFO] [main] [c.K.S.SpringBootJpaApplication] - Starting SpringBootJpaApplication using Java 17.0.8.1 with PID 7488 (C:\Users\KANG\Desktop\Self-study\Spring_Boot\Jpa\SpringBootTaco\build\classes\java\main started by KANG in C:\Users\KANG\Desktop\Self-study\Spring_Boot\Jpa\SpringBootTaco)
2025-01-26 16:05:28.882 [INFO] [main] [c.K.S.SpringBootJpaApplication] - No active profile set, falling back to 1 default profile: "default"
2025-01-26 16:05:29.759 [INFO] [main] [o.s.d.r.c.RepositoryConfigurationDelegate] - Multiple Spring Data modules found, entering strict repository configuration mode
2025-01-26 16:05:29.762 [INFO] [main] [o.s.d.r.c.RepositoryConfigurationDelegate] - Bootstrapping Spring Data JPA repositories in DEFAULT mode.
2025-01-26 16:05:29.817 [INFO] [main] [o.s.d.r.c.RepositoryConfigurationExtensionSupport] - Spring Data JPA - Could not safely identify store assignment for repository candidate interface com.Kang.SpringBoot_Jpa.mongorepo.ProjectRepository; If you want this repository to be a JPA repository, consider annotating your entities with one of these annotations: jakarta.persistence.Entity, jakarta.persistence.MappedSuperclass (preferred), or consider extending one of the following types with your repository: org.springframework.data.jpa.repository.JpaRepository
2025-01-26 16:05:29.819 [INFO] [main] [o.s.d.r.c.RepositoryConfigurationExtensionSupport] - Spring Data JPA - Could not safely identify store assignment for repository candidate interface com.Kang.SpringBoot_Jpa.mongorepo.SessionRepository; If you want this repository to be a JPA repository, consider annotating your entities with one of these annotations: jakarta.persistence.Entity, jakarta.persistence.MappedSuperclass (preferred), or consider extending one of the following types with your repository: org.springframework.data.jpa.repository.JpaRepository
2025-01-26 16:05:29.938 [INFO] [main] [o.s.d.r.c.RepositoryConfigurationDelegate] - Finished Spring Data repository scanning in 162 ms. Found 1 JPA repository interface.
2025-01-26 16:05:29.968 [INFO] [main] [o.s.d.r.c.RepositoryConfigurationDelegate] - Multiple Spring Data modules found, entering strict repository configuration mode
2025-01-26 16:05:29.968 [INFO] [main] [o.s.d.r.c.RepositoryConfigurationDelegate] - Bootstrapping Spring Data MongoDB repositories in DEFAULT mode.
2025-01-26 16:05:29.977 [INFO] [main] [o.s.d.r.c.RepositoryConfigurationExtensionSupport] - Spring Data MongoDB - Could not safely identify store assignment for repository candidate interface com.Kang.SpringBoot_Jpa.repository.UserRepository; If you want this repository to be a MongoDB repository, consider annotating your entities with one of these annotations: org.springframework.data.mongodb.core.mapping.Document (preferred), or consider extending one of the following types with your repository: org.springframework.data.mongodb.repository.MongoRepository
2025-01-26 16:05:29.984 [INFO] [main] [o.s.d.r.c.RepositoryConfigurationDelegate] - Finished Spring Data repository scanning in 15 ms. Found 2 MongoDB repository interfaces.
2025-01-26 16:05:29.997 [INFO] [main] [o.s.d.r.c.RepositoryConfigurationDelegate] - Multiple Spring Data modules found, entering strict repository configuration mode
2025-01-26 16:05:29.997 [INFO] [main] [o.s.d.r.c.RepositoryConfigurationDelegate] - Bootstrapping Spring Data Redis repositories in DEFAULT mode.
2025-01-26 16:05:30.012 [INFO] [main] [o.s.d.r.c.RepositoryConfigurationExtensionSupport] - Spring Data Redis - Could not safely identify store assignment for repository candidate interface com.Kang.SpringBoot_Jpa.mongorepo.ProjectRepository; If you want this repository to be a Redis repository, consider annotating your entities with one of these annotations: org.springframework.data.redis.core.RedisHash (preferred), or consider extending one of the following types with your repository: org.springframework.data.keyvalue.repository.KeyValueRepository
2025-01-26 16:05:30.012 [INFO] [main] [o.s.d.r.c.RepositoryConfigurationExtensionSupport] - Spring Data Redis - Could not safely identify store assignment for repository candidate interface com.Kang.SpringBoot_Jpa.mongorepo.SessionRepository; If you want this repository to be a Redis repository, consider annotating your entities with one of these annotations: org.springframework.data.redis.core.RedisHash (preferred), or consider extending one of the following types with your repository: org.springframework.data.keyvalue.repository.KeyValueRepository
2025-01-26 16:05:30.012 [INFO] [main] [o.s.d.r.c.RepositoryConfigurationExtensionSupport] - Spring Data Redis - Could not safely identify store assignment for repository candidate interface com.Kang.SpringBoot_Jpa.repository.UserRepository; If you want this repository to be a Redis repository, consider annotating your entities with one of these annotations: org.springframework.data.redis.core.RedisHash (preferred), or consider extending one of the following types with your repository: org.springframework.data.keyvalue.repository.KeyValueRepository
2025-01-26 16:05:30.012 [INFO] [main] [o.s.d.r.c.RepositoryConfigurationDelegate] - Finished Spring Data repository scanning in 6 ms. Found 0 Redis repository interfaces.
2025-01-26 16:05:30.672 [INFO] [main] [o.s.b.w.e.tomcat.TomcatWebServer] - Tomcat initialized with port 8080 (http)
2025-01-26 16:05:30.684 [INFO] [main] [o.a.coyote.http11.Http11NioProtocol] - Initializing ProtocolHandler ["http-nio-8080"]
2025-01-26 16:05:30.686 [INFO] [main] [o.a.catalina.core.StandardService] - Starting service [Tomcat]
2025-01-26 16:05:30.687 [INFO] [main] [o.a.catalina.core.StandardEngine] - Starting Servlet engine: [Apache Tomcat/10.1.33]
2025-01-26 16:05:30.769 [INFO] [main] [o.a.c.c.C.[Tomcat].[localhost].[/]] - Initializing Spring embedded WebApplicationContext
2025-01-26 16:05:30.770 [INFO] [main] [o.s.b.w.s.c.ServletWebServerApplicationContext] - Root WebApplicationContext: initialization completed in 1844 ms
2025-01-26 16:05:30.937 [INFO] [main] [o.h.jpa.internal.util.LogHelper] - HHH000204: Processing PersistenceUnitInfo [name: default]
2025-01-26 16:05:31.004 [INFO] [main] [org.hibernate.Version] - HHH000412: Hibernate ORM core version 6.6.2.Final
2025-01-26 16:05:31.044 [INFO] [main] [o.h.c.i.RegionFactoryInitiator] - HHH000026: Second-level cache disabled
2025-01-26 16:05:31.368 [INFO] [main] [o.s.o.j.p.SpringPersistenceUnitInfo] - No LoadTimeWeaver setup: ignoring JPA class transformer
2025-01-26 16:05:31.404 [INFO] [main] [com.zaxxer.hikari.HikariDataSource] - HikariPool-1 - Starting...
2025-01-26 16:05:31.697 [INFO] [main] [com.zaxxer.hikari.pool.HikariPool] - HikariPool-1 - Added connection com.mysql.cj.jdbc.ConnectionImpl@4a3509b0
2025-01-26 16:05:31.699 [INFO] [main] [com.zaxxer.hikari.HikariDataSource] - HikariPool-1 - Start completed.
2025-01-26 16:05:31.789 [INFO] [main] [o.hibernate.orm.connections.pooling] - HHH10001005: Database info:
	Database JDBC URL [Connecting through datasource 'HikariDataSource (HikariPool-1)']
	Database driver: undefined/unknown
	Database version: 8.0.39
	Autocommit mode: undefined/unknown
	Isolation level: undefined/unknown
	Minimum pool size: undefined/unknown
	Maximum pool size: undefined/unknown
2025-01-26 16:05:32.585 [INFO] [main] [o.h.e.t.j.p.i.JtaPlatformInitiator] - HHH000489: No JTA platform available (set 'hibernate.transaction.jta.platform' to enable JTA platform integration)
2025-01-26 16:05:32.628 [INFO] [main] [o.s.o.j.LocalContainerEntityManagerFactoryBean] - Initialized JPA EntityManagerFactory for persistence unit 'default'
2025-01-26 16:05:33.436 [INFO] [main] [org.mongodb.driver.client] - MongoClient with metadata {"driver": {"name": "mongo-java-driver|sync|spring-boot", "version": "5.2.1"}, "os": {"type": "Windows", "name": "Windows 10", "architecture": "amd64", "version": "10.0"}, "platform": "Java/Eclipse Adoptium/17.0.8.1+1"} created with settings MongoClientSettings{readPreference=primary, writeConcern=WriteConcern{w=null, wTimeout=null ms, journal=null}, retryWrites=true, retryReads=true, readConcern=ReadConcern{level=null}, credential=null, transportSettings=null, commandListeners=[], codecRegistry=ProvidersCodecRegistry{codecProviders=[ValueCodecProvider{}, BsonValueCodecProvider{}, DBRefCodecProvider{}, DBObjectCodecProvider{}, DocumentCodecProvider{}, CollectionCodecProvider{}, IterableCodecProvider{}, MapCodecProvider{}, GeoJsonCodecProvider{}, GridFSFileCodecProvider{}, Jsr310CodecProvider{}, JsonObjectCodecProvider{}, BsonCodecProvider{}, EnumCodecProvider{}, com.mongodb.client.model.mql.ExpressionCodecProvider@79177bc, com.mongodb.Jep395RecordCodecProvider@3fe33c59, com.mongodb.KotlinCodecProvider@4a5cddd9]}, loggerSettings=LoggerSettings{maxDocumentLength=1000}, clusterSettings={hosts=[localhost:27017], srvServiceName=mongodb, mode=SINGLE, requiredClusterType=UNKNOWN, requiredReplicaSetName='null', serverSelector='null', clusterListeners='[]', serverSelectionTimeout='30000 ms', localThreshold='15 ms'}, socketSettings=SocketSettings{connectTimeoutMS=10000, readTimeoutMS=0, receiveBufferSize=0, proxySettings=ProxySettings{host=null, port=null, username=null, password=null}}, heartbeatSocketSettings=SocketSettings{connectTimeoutMS=10000, readTimeoutMS=10000, receiveBufferSize=0, proxySettings=ProxySettings{host=null, port=null, username=null, password=null}}, connectionPoolSettings=ConnectionPoolSettings{maxSize=100, minSize=0, maxWaitTimeMS=120000, maxConnectionLifeTimeMS=0, maxConnectionIdleTimeMS=0, maintenanceInitialDelayMS=0, maintenanceFrequencyMS=60000, connectionPoolListeners=[], maxConnecting=2}, serverSettings=ServerSettings{heartbeatFrequencyMS=10000, minHeartbeatFrequencyMS=500, serverMonitoringMode=AUTO, serverListeners='[]', serverMonitorListeners='[]'}, sslSettings=SslSettings{enabled=false, invalidHostNameAllowed=false, context=null}, applicationName='null', compressorList=[], uuidRepresentation=JAVA_LEGACY, serverApi=null, autoEncryptionSettings=null, dnsClient=null, inetAddressResolver=null, contextProvider=null, timeoutMS=null}
2025-01-26 16:05:33.448 [INFO] [cluster-ClusterId{value='6795debd56c8863629c3e8a5', description='null'}-localhost:27017] [org.mongodb.driver.cluster] - Monitor thread successfully connected to server with description ServerDescription{address=localhost:27017, type=STANDALONE, cryptd=false, state=CONNECTED, ok=true, minWireVersion=0, maxWireVersion=25, maxDocumentSize=16777216, logicalSessionTimeoutMinutes=30, roundTripTimeNanos=22745200, minRoundTripTimeNanos=0}
2025-01-26 16:05:33.706 [INFO] [main] [o.s.s.c.a.a.c.InitializeUserDetailsBeanManagerConfigurer$InitializeUserDetailsManagerConfigurer] - Global AuthenticationManager configured with UserDetailsService bean with name customUserDetailsService
2025-01-26 16:05:33.792 [INFO] [main] [o.s.b.a.w.s.WelcomePageHandlerMapping] - Adding welcome page template: index
2025-01-26 16:05:34.276 [INFO] [main] [o.a.coyote.http11.Http11NioProtocol] - Starting ProtocolHandler ["http-nio-8080"]
2025-01-26 16:05:34.298 [INFO] [main] [o.s.b.w.e.tomcat.TomcatWebServer] - Tomcat started on port 8080 (http) with context path '/'
2025-01-26 16:05:34.308 [INFO] [main] [c.K.S.SpringBootJpaApplication] - Started SpringBootJpaApplication in 6.029 seconds (process running for 6.46)
2025-01-26 16:05:45.473 [INFO] [http-nio-8080-exec-1] [o.a.c.c.C.[Tomcat].[localhost].[/]] - Initializing Spring DispatcherServlet 'dispatcherServlet'
2025-01-26 16:05:45.473 [INFO] [http-nio-8080-exec-1] [o.s.web.servlet.DispatcherServlet] - Initializing Servlet 'dispatcherServlet'
2025-01-26 16:05:45.474 [INFO] [http-nio-8080-exec-1] [o.s.web.servlet.DispatcherServlet] - Completed initialization in 1 ms
2025-01-26 16:05:45.512 [INFO] [http-nio-8080-exec-1] [c.K.S.controller.AdminController] - Admin page accessed by IP: 0:0:0:0:0:0:0:1
2025-01-26 16:05:46.535 [INFO] [http-nio-8080-exec-5] [c.K.S.controller.AdminController] - Admin project page accessed by IP: 0:0:0:0:0:0:0:1
2025-01-26 16:05:53.432 [INFO] [http-nio-8080-exec-7] [c.K.S.controller.AdminController] - Admin session page accessed by IP: 0:0:0:0:0:0:0:1
2025-01-26 16:05:54.425 [INFO] [http-nio-8080-exec-9] [c.K.S.controller.AdminController] - Admin project page accessed by IP: 0:0:0:0:0:0:0:1
2025-01-26 16:06:16.008 [INFO] [http-nio-8080-exec-10] [c.K.S.controller.AdminController] - Admin session page accessed by IP: 0:0:0:0:0:0:0:1
2025-01-26 16:06:17.024 [INFO] [http-nio-8080-exec-1] [c.K.S.controller.AdminController] - Admin project page accessed by IP: 0:0:0:0:0:0:0:1
