2025-02-13 01:51:58.998 [INFO] [background-preinit] [o.h.validator.internal.util.Version] - HV000001: Hibernate Validator 8.0.1.Final
2025-02-13 01:51:59.080 [INFO] [main] [c.K.S.SpringBootJpaApplication] - Starting SpringBootJpaApplication using Java 17.0.8.1 with PID 13788 (C:\Users\KANG\Desktop\Self-study\Spring_Boot\Jpa\SpringBootTaco\BackEnd\build\classes\java\main started by KANG in C:\Users\KANG\Desktop\Self-study\Spring_Boot\Jpa\SpringBootTaco\BackEnd)
2025-02-13 01:51:59.082 [INFO] [main] [c.K.S.SpringBootJpaApplication] - No active profile set, falling back to 1 default profile: "default"
2025-02-13 01:51:59.919 [INFO] [main] [o.s.d.r.c.RepositoryConfigurationDelegate] - Multiple Spring Data modules found, entering strict repository configuration mode
2025-02-13 01:51:59.921 [INFO] [main] [o.s.d.r.c.RepositoryConfigurationDelegate] - Bootstrapping Spring Data JPA repositories in DEFAULT mode.
2025-02-13 01:51:59.969 [INFO] [main] [o.s.d.r.c.RepositoryConfigurationExtensionSupport] - Spring Data JPA - Could not safely identify store assignment for repository candidate interface com.Kang.SpringBoot_Jpa.mongorepo.ApplicationRepository; If you want this repository to be a JPA repository, consider annotating your entities with one of these annotations: jakarta.persistence.Entity, jakarta.persistence.MappedSuperclass (preferred), or consider extending one of the following types with your repository: org.springframework.data.jpa.repository.JpaRepository
2025-02-13 01:51:59.971 [INFO] [main] [o.s.d.r.c.RepositoryConfigurationExtensionSupport] - Spring Data JPA - Could not safely identify store assignment for repository candidate interface com.Kang.SpringBoot_Jpa.mongorepo.ProjectRepository; If you want this repository to be a JPA repository, consider annotating your entities with one of these annotations: jakarta.persistence.Entity, jakarta.persistence.MappedSuperclass (preferred), or consider extending one of the following types with your repository: org.springframework.data.jpa.repository.JpaRepository
2025-02-13 01:51:59.972 [INFO] [main] [o.s.d.r.c.RepositoryConfigurationExtensionSupport] - Spring Data JPA - Could not safely identify store assignment for repository candidate interface com.Kang.SpringBoot_Jpa.mongorepo.SessionRepository; If you want this repository to be a JPA repository, consider annotating your entities with one of these annotations: jakarta.persistence.Entity, jakarta.persistence.MappedSuperclass (preferred), or consider extending one of the following types with your repository: org.springframework.data.jpa.repository.JpaRepository
2025-02-13 01:52:00.101 [INFO] [main] [o.s.d.r.c.RepositoryConfigurationDelegate] - Finished Spring Data repository scanning in 169 ms. Found 1 JPA repository interface.
2025-02-13 01:52:00.133 [INFO] [main] [o.s.d.r.c.RepositoryConfigurationDelegate] - Multiple Spring Data modules found, entering strict repository configuration mode
2025-02-13 01:52:00.133 [INFO] [main] [o.s.d.r.c.RepositoryConfigurationDelegate] - Bootstrapping Spring Data MongoDB repositories in DEFAULT mode.
2025-02-13 01:52:00.143 [INFO] [main] [o.s.d.r.c.RepositoryConfigurationExtensionSupport] - Spring Data MongoDB - Could not safely identify store assignment for repository candidate interface com.Kang.SpringBoot_Jpa.repository.UserRepository; If you want this repository to be a MongoDB repository, consider annotating your entities with one of these annotations: org.springframework.data.mongodb.core.mapping.Document (preferred), or consider extending one of the following types with your repository: org.springframework.data.mongodb.repository.MongoRepository
2025-02-13 01:52:00.150 [INFO] [main] [o.s.d.r.c.RepositoryConfigurationDelegate] - Finished Spring Data repository scanning in 15 ms. Found 3 MongoDB repository interfaces.
2025-02-13 01:52:00.163 [INFO] [main] [o.s.d.r.c.RepositoryConfigurationDelegate] - Multiple Spring Data modules found, entering strict repository configuration mode
2025-02-13 01:52:00.164 [INFO] [main] [o.s.d.r.c.RepositoryConfigurationDelegate] - Bootstrapping Spring Data Redis repositories in DEFAULT mode.
2025-02-13 01:52:00.181 [INFO] [main] [o.s.d.r.c.RepositoryConfigurationExtensionSupport] - Spring Data Redis - Could not safely identify store assignment for repository candidate interface com.Kang.SpringBoot_Jpa.mongorepo.ApplicationRepository; If you want this repository to be a Redis repository, consider annotating your entities with one of these annotations: org.springframework.data.redis.core.RedisHash (preferred), or consider extending one of the following types with your repository: org.springframework.data.keyvalue.repository.KeyValueRepository
2025-02-13 01:52:00.181 [INFO] [main] [o.s.d.r.c.RepositoryConfigurationExtensionSupport] - Spring Data Redis - Could not safely identify store assignment for repository candidate interface com.Kang.SpringBoot_Jpa.mongorepo.ProjectRepository; If you want this repository to be a Redis repository, consider annotating your entities with one of these annotations: org.springframework.data.redis.core.RedisHash (preferred), or consider extending one of the following types with your repository: org.springframework.data.keyvalue.repository.KeyValueRepository
2025-02-13 01:52:00.182 [INFO] [main] [o.s.d.r.c.RepositoryConfigurationExtensionSupport] - Spring Data Redis - Could not safely identify store assignment for repository candidate interface com.Kang.SpringBoot_Jpa.mongorepo.SessionRepository; If you want this repository to be a Redis repository, consider annotating your entities with one of these annotations: org.springframework.data.redis.core.RedisHash (preferred), or consider extending one of the following types with your repository: org.springframework.data.keyvalue.repository.KeyValueRepository
2025-02-13 01:52:00.182 [INFO] [main] [o.s.d.r.c.RepositoryConfigurationExtensionSupport] - Spring Data Redis - Could not safely identify store assignment for repository candidate interface com.Kang.SpringBoot_Jpa.repository.UserRepository; If you want this repository to be a Redis repository, consider annotating your entities with one of these annotations: org.springframework.data.redis.core.RedisHash (preferred), or consider extending one of the following types with your repository: org.springframework.data.keyvalue.repository.KeyValueRepository
2025-02-13 01:52:00.182 [INFO] [main] [o.s.d.r.c.RepositoryConfigurationDelegate] - Finished Spring Data repository scanning in 7 ms. Found 0 Redis repository interfaces.
2025-02-13 01:52:00.834 [INFO] [main] [o.s.b.w.e.tomcat.TomcatWebServer] - Tomcat initialized with port 8080 (http)
2025-02-13 01:52:00.849 [INFO] [main] [o.a.coyote.http11.Http11NioProtocol] - Initializing ProtocolHandler ["http-nio-8080"]
2025-02-13 01:52:00.851 [INFO] [main] [o.a.catalina.core.StandardService] - Starting service [Tomcat]
2025-02-13 01:52:00.851 [INFO] [main] [o.a.catalina.core.StandardEngine] - Starting Servlet engine: [Apache Tomcat/10.1.33]
2025-02-13 01:52:00.934 [INFO] [main] [o.a.c.c.C.[Tomcat].[localhost].[/]] - Initializing Spring embedded WebApplicationContext
2025-02-13 01:52:00.935 [INFO] [main] [o.s.b.w.s.c.ServletWebServerApplicationContext] - Root WebApplicationContext: initialization completed in 1807 ms
2025-02-13 01:52:01.099 [INFO] [main] [o.h.jpa.internal.util.LogHelper] - HHH000204: Processing PersistenceUnitInfo [name: default]
2025-02-13 01:52:01.177 [INFO] [main] [org.hibernate.Version] - HHH000412: Hibernate ORM core version 6.6.2.Final
2025-02-13 01:52:01.221 [INFO] [main] [o.h.c.i.RegionFactoryInitiator] - HHH000026: Second-level cache disabled
2025-02-13 01:52:01.529 [INFO] [main] [o.s.o.j.p.SpringPersistenceUnitInfo] - No LoadTimeWeaver setup: ignoring JPA class transformer
2025-02-13 01:52:01.564 [INFO] [main] [com.zaxxer.hikari.HikariDataSource] - HikariPool-1 - Starting...
2025-02-13 01:52:04.489 [INFO] [main] [com.zaxxer.hikari.pool.HikariPool] - HikariPool-1 - Added connection com.mysql.cj.jdbc.ConnectionImpl@7614378d
2025-02-13 01:52:04.494 [INFO] [main] [com.zaxxer.hikari.HikariDataSource] - HikariPool-1 - Start completed.
2025-02-13 01:52:05.294 [INFO] [main] [o.hibernate.orm.connections.pooling] - HHH10001005: Database info:
	Database JDBC URL [Connecting through datasource 'HikariDataSource (HikariPool-1)']
	Database driver: undefined/unknown
	Database version: 8.0.40
	Autocommit mode: undefined/unknown
	Isolation level: undefined/unknown
	Minimum pool size: undefined/unknown
	Maximum pool size: undefined/unknown
2025-02-13 01:52:06.116 [INFO] [main] [o.h.e.t.j.p.i.JtaPlatformInitiator] - HHH000489: No JTA platform available (set 'hibernate.transaction.jta.platform' to enable JTA platform integration)
2025-02-13 01:52:07.035 [INFO] [main] [o.s.o.j.LocalContainerEntityManagerFactoryBean] - Initialized JPA EntityManagerFactory for persistence unit 'default'
2025-02-13 01:52:07.898 [INFO] [main] [org.mongodb.driver.client] - MongoClient with metadata {"driver": {"name": "mongo-java-driver|sync|spring-boot", "version": "5.2.1"}, "os": {"type": "Windows", "name": "Windows 10", "architecture": "amd64", "version": "10.0"}, "platform": "Java/Eclipse Adoptium/17.0.8.1+1"} created with settings MongoClientSettings{readPreference=primary, writeConcern=WriteConcern{w=null, wTimeout=null ms, journal=null}, retryWrites=true, retryReads=true, readConcern=ReadConcern{level=null}, credential=null, transportSettings=null, commandListeners=[], codecRegistry=ProvidersCodecRegistry{codecProviders=[ValueCodecProvider{}, BsonValueCodecProvider{}, DBRefCodecProvider{}, DBObjectCodecProvider{}, DocumentCodecProvider{}, CollectionCodecProvider{}, IterableCodecProvider{}, MapCodecProvider{}, GeoJsonCodecProvider{}, GridFSFileCodecProvider{}, Jsr310CodecProvider{}, JsonObjectCodecProvider{}, BsonCodecProvider{}, EnumCodecProvider{}, com.mongodb.client.model.mql.ExpressionCodecProvider@453961d7, com.mongodb.Jep395RecordCodecProvider@505f6511, com.mongodb.KotlinCodecProvider@3dfb1626]}, loggerSettings=LoggerSettings{maxDocumentLength=1000}, clusterSettings={hosts=[localhost:27017], srvServiceName=mongodb, mode=SINGLE, requiredClusterType=UNKNOWN, requiredReplicaSetName='null', serverSelector='null', clusterListeners='[]', serverSelectionTimeout='30000 ms', localThreshold='15 ms'}, socketSettings=SocketSettings{connectTimeoutMS=10000, readTimeoutMS=0, receiveBufferSize=0, proxySettings=ProxySettings{host=null, port=null, username=null, password=null}}, heartbeatSocketSettings=SocketSettings{connectTimeoutMS=10000, readTimeoutMS=10000, receiveBufferSize=0, proxySettings=ProxySettings{host=null, port=null, username=null, password=null}}, connectionPoolSettings=ConnectionPoolSettings{maxSize=100, minSize=0, maxWaitTimeMS=120000, maxConnectionLifeTimeMS=0, maxConnectionIdleTimeMS=0, maintenanceInitialDelayMS=0, maintenanceFrequencyMS=60000, connectionPoolListeners=[], maxConnecting=2}, serverSettings=ServerSettings{heartbeatFrequencyMS=10000, minHeartbeatFrequencyMS=500, serverMonitoringMode=AUTO, serverListeners='[]', serverMonitorListeners='[]'}, sslSettings=SslSettings{enabled=false, invalidHostNameAllowed=false, context=null}, applicationName='null', compressorList=[], uuidRepresentation=JAVA_LEGACY, serverApi=null, autoEncryptionSettings=null, dnsClient=null, inetAddressResolver=null, contextProvider=null, timeoutMS=null}
2025-02-13 01:52:07.912 [INFO] [cluster-ClusterId{value='67acd1b7a330133995293f92', description='null'}-localhost:27017] [org.mongodb.driver.cluster] - Monitor thread successfully connected to server with description ServerDescription{address=localhost:27017, type=STANDALONE, cryptd=false, state=CONNECTED, ok=true, minWireVersion=0, maxWireVersion=25, maxDocumentSize=16777216, logicalSessionTimeoutMinutes=30, roundTripTimeNanos=22967800, minRoundTripTimeNanos=0}
2025-02-13 01:52:08.229 [INFO] [main] [o.s.s.c.a.a.c.InitializeUserDetailsBeanManagerConfigurer$InitializeUserDetailsManagerConfigurer] - Global AuthenticationManager configured with UserDetailsService bean with name customUserDetailsService
2025-02-13 01:52:08.873 [INFO] [main] [o.a.coyote.http11.Http11NioProtocol] - Starting ProtocolHandler ["http-nio-8080"]
2025-02-13 01:52:08.893 [INFO] [main] [o.s.b.w.e.tomcat.TomcatWebServer] - Tomcat started on port 8080 (http) with context path '/'
2025-02-13 01:52:08.903 [INFO] [main] [c.K.S.SpringBootJpaApplication] - Started SpringBootJpaApplication in 10.407 seconds (process running for 10.79)
2025-02-13 02:14:44.335 [INFO] [background-preinit] [o.h.validator.internal.util.Version] - HV000001: Hibernate Validator 8.0.1.Final
2025-02-13 02:14:44.397 [INFO] [main] [c.K.S.SpringBootJpaApplication] - Starting SpringBootJpaApplication using Java 17.0.8.1 with PID 18768 (C:\Users\KANG\Desktop\Self-study\Spring_Boot\Jpa\SpringBootTaco\BackEnd\build\classes\java\main started by KANG in C:\Users\KANG\Desktop\Self-study\Spring_Boot\Jpa\SpringBootTaco\BackEnd)
2025-02-13 02:14:44.398 [INFO] [main] [c.K.S.SpringBootJpaApplication] - No active profile set, falling back to 1 default profile: "default"
2025-02-13 02:14:45.159 [INFO] [main] [o.s.d.r.c.RepositoryConfigurationDelegate] - Multiple Spring Data modules found, entering strict repository configuration mode
2025-02-13 02:14:45.161 [INFO] [main] [o.s.d.r.c.RepositoryConfigurationDelegate] - Bootstrapping Spring Data JPA repositories in DEFAULT mode.
2025-02-13 02:14:45.203 [INFO] [main] [o.s.d.r.c.RepositoryConfigurationExtensionSupport] - Spring Data JPA - Could not safely identify store assignment for repository candidate interface com.Kang.SpringBoot_Jpa.mongorepo.ApplicationRepository; If you want this repository to be a JPA repository, consider annotating your entities with one of these annotations: jakarta.persistence.Entity, jakarta.persistence.MappedSuperclass (preferred), or consider extending one of the following types with your repository: org.springframework.data.jpa.repository.JpaRepository
2025-02-13 02:14:45.205 [INFO] [main] [o.s.d.r.c.RepositoryConfigurationExtensionSupport] - Spring Data JPA - Could not safely identify store assignment for repository candidate interface com.Kang.SpringBoot_Jpa.mongorepo.ProjectRepository; If you want this repository to be a JPA repository, consider annotating your entities with one of these annotations: jakarta.persistence.Entity, jakarta.persistence.MappedSuperclass (preferred), or consider extending one of the following types with your repository: org.springframework.data.jpa.repository.JpaRepository
2025-02-13 02:14:45.206 [INFO] [main] [o.s.d.r.c.RepositoryConfigurationExtensionSupport] - Spring Data JPA - Could not safely identify store assignment for repository candidate interface com.Kang.SpringBoot_Jpa.mongorepo.SessionRepository; If you want this repository to be a JPA repository, consider annotating your entities with one of these annotations: jakarta.persistence.Entity, jakarta.persistence.MappedSuperclass (preferred), or consider extending one of the following types with your repository: org.springframework.data.jpa.repository.JpaRepository
2025-02-13 02:14:45.311 [INFO] [main] [o.s.d.r.c.RepositoryConfigurationDelegate] - Finished Spring Data repository scanning in 142 ms. Found 1 JPA repository interface.
2025-02-13 02:14:45.339 [INFO] [main] [o.s.d.r.c.RepositoryConfigurationDelegate] - Multiple Spring Data modules found, entering strict repository configuration mode
2025-02-13 02:14:45.339 [INFO] [main] [o.s.d.r.c.RepositoryConfigurationDelegate] - Bootstrapping Spring Data MongoDB repositories in DEFAULT mode.
2025-02-13 02:14:45.348 [INFO] [main] [o.s.d.r.c.RepositoryConfigurationExtensionSupport] - Spring Data MongoDB - Could not safely identify store assignment for repository candidate interface com.Kang.SpringBoot_Jpa.repository.UserRepository; If you want this repository to be a MongoDB repository, consider annotating your entities with one of these annotations: org.springframework.data.mongodb.core.mapping.Document (preferred), or consider extending one of the following types with your repository: org.springframework.data.mongodb.repository.MongoRepository
2025-02-13 02:14:45.355 [INFO] [main] [o.s.d.r.c.RepositoryConfigurationDelegate] - Finished Spring Data repository scanning in 14 ms. Found 3 MongoDB repository interfaces.
2025-02-13 02:14:45.366 [INFO] [main] [o.s.d.r.c.RepositoryConfigurationDelegate] - Multiple Spring Data modules found, entering strict repository configuration mode
2025-02-13 02:14:45.368 [INFO] [main] [o.s.d.r.c.RepositoryConfigurationDelegate] - Bootstrapping Spring Data Redis repositories in DEFAULT mode.
2025-02-13 02:14:45.380 [INFO] [main] [o.s.d.r.c.RepositoryConfigurationExtensionSupport] - Spring Data Redis - Could not safely identify store assignment for repository candidate interface com.Kang.SpringBoot_Jpa.mongorepo.ApplicationRepository; If you want this repository to be a Redis repository, consider annotating your entities with one of these annotations: org.springframework.data.redis.core.RedisHash (preferred), or consider extending one of the following types with your repository: org.springframework.data.keyvalue.repository.KeyValueRepository
2025-02-13 02:14:45.380 [INFO] [main] [o.s.d.r.c.RepositoryConfigurationExtensionSupport] - Spring Data Redis - Could not safely identify store assignment for repository candidate interface com.Kang.SpringBoot_Jpa.mongorepo.ProjectRepository; If you want this repository to be a Redis repository, consider annotating your entities with one of these annotations: org.springframework.data.redis.core.RedisHash (preferred), or consider extending one of the following types with your repository: org.springframework.data.keyvalue.repository.KeyValueRepository
2025-02-13 02:14:45.380 [INFO] [main] [o.s.d.r.c.RepositoryConfigurationExtensionSupport] - Spring Data Redis - Could not safely identify store assignment for repository candidate interface com.Kang.SpringBoot_Jpa.mongorepo.SessionRepository; If you want this repository to be a Redis repository, consider annotating your entities with one of these annotations: org.springframework.data.redis.core.RedisHash (preferred), or consider extending one of the following types with your repository: org.springframework.data.keyvalue.repository.KeyValueRepository
2025-02-13 02:14:45.381 [INFO] [main] [o.s.d.r.c.RepositoryConfigurationExtensionSupport] - Spring Data Redis - Could not safely identify store assignment for repository candidate interface com.Kang.SpringBoot_Jpa.repository.UserRepository; If you want this repository to be a Redis repository, consider annotating your entities with one of these annotations: org.springframework.data.redis.core.RedisHash (preferred), or consider extending one of the following types with your repository: org.springframework.data.keyvalue.repository.KeyValueRepository
2025-02-13 02:14:45.381 [INFO] [main] [o.s.d.r.c.RepositoryConfigurationDelegate] - Finished Spring Data repository scanning in 6 ms. Found 0 Redis repository interfaces.
2025-02-13 02:14:45.987 [INFO] [main] [o.s.b.w.e.tomcat.TomcatWebServer] - Tomcat initialized with port 8080 (http)
2025-02-13 02:14:45.998 [INFO] [main] [o.a.coyote.http11.Http11NioProtocol] - Initializing ProtocolHandler ["http-nio-8080"]
2025-02-13 02:14:46.000 [INFO] [main] [o.a.catalina.core.StandardService] - Starting service [Tomcat]
2025-02-13 02:14:46.000 [INFO] [main] [o.a.catalina.core.StandardEngine] - Starting Servlet engine: [Apache Tomcat/10.1.33]
2025-02-13 02:14:46.080 [INFO] [main] [o.a.c.c.C.[Tomcat].[localhost].[/]] - Initializing Spring embedded WebApplicationContext
2025-02-13 02:14:46.081 [INFO] [main] [o.s.b.w.s.c.ServletWebServerApplicationContext] - Root WebApplicationContext: initialization completed in 1641 ms
2025-02-13 02:14:46.230 [INFO] [main] [o.h.jpa.internal.util.LogHelper] - HHH000204: Processing PersistenceUnitInfo [name: default]
2025-02-13 02:14:46.294 [INFO] [main] [org.hibernate.Version] - HHH000412: Hibernate ORM core version 6.6.2.Final
2025-02-13 02:14:46.329 [INFO] [main] [o.h.c.i.RegionFactoryInitiator] - HHH000026: Second-level cache disabled
2025-02-13 02:14:46.606 [INFO] [main] [o.s.o.j.p.SpringPersistenceUnitInfo] - No LoadTimeWeaver setup: ignoring JPA class transformer
2025-02-13 02:14:46.644 [INFO] [main] [com.zaxxer.hikari.HikariDataSource] - HikariPool-1 - Starting...
2025-02-13 02:14:49.306 [INFO] [main] [com.zaxxer.hikari.pool.HikariPool] - HikariPool-1 - Added connection com.mysql.cj.jdbc.ConnectionImpl@608f310a
2025-02-13 02:14:49.308 [INFO] [main] [com.zaxxer.hikari.HikariDataSource] - HikariPool-1 - Start completed.
2025-02-13 02:14:49.678 [INFO] [main] [o.hibernate.orm.connections.pooling] - HHH10001005: Database info:
	Database JDBC URL [Connecting through datasource 'HikariDataSource (HikariPool-1)']
	Database driver: undefined/unknown
	Database version: 8.0.40
	Autocommit mode: undefined/unknown
	Isolation level: undefined/unknown
	Minimum pool size: undefined/unknown
	Maximum pool size: undefined/unknown
2025-02-13 02:14:50.388 [INFO] [main] [o.h.e.t.j.p.i.JtaPlatformInitiator] - HHH000489: No JTA platform available (set 'hibernate.transaction.jta.platform' to enable JTA platform integration)
2025-02-13 02:14:50.905 [INFO] [main] [o.s.o.j.LocalContainerEntityManagerFactoryBean] - Initialized JPA EntityManagerFactory for persistence unit 'default'
2025-02-13 02:14:51.943 [INFO] [main] [org.mongodb.driver.client] - MongoClient with metadata {"application": {"name": "springBoot"}, "driver": {"name": "mongo-java-driver|sync|spring-boot", "version": "5.2.1"}, "os": {"type": "Windows", "name": "Windows 10", "architecture": "amd64", "version": "10.0"}, "platform": "Java/Eclipse Adoptium/17.0.8.1+1"} created with settings MongoClientSettings{readPreference=primary, writeConcern=WriteConcern{w=majority, wTimeout=null ms, journal=null}, retryWrites=true, retryReads=true, readConcern=ReadConcern{level=null}, credential=MongoCredential{mechanism=null, userName='springboot_user', source='admin', password=<hidden>, mechanismProperties=<hidden>}, transportSettings=null, commandListeners=[], codecRegistry=ProvidersCodecRegistry{codecProviders=[ValueCodecProvider{}, BsonValueCodecProvider{}, DBRefCodecProvider{}, DBObjectCodecProvider{}, DocumentCodecProvider{}, CollectionCodecProvider{}, IterableCodecProvider{}, MapCodecProvider{}, GeoJsonCodecProvider{}, GridFSFileCodecProvider{}, Jsr310CodecProvider{}, JsonObjectCodecProvider{}, BsonCodecProvider{}, EnumCodecProvider{}, com.mongodb.client.model.mql.ExpressionCodecProvider@3725242e, com.mongodb.Jep395RecordCodecProvider@6860c000, com.mongodb.KotlinCodecProvider@3f4fd0dc]}, loggerSettings=LoggerSettings{maxDocumentLength=1000}, clusterSettings={hosts=[127.0.0.1:27017], srvHost=springboot.jbtz1.mongodb.net, srvServiceName=mongodb, mode=MULTIPLE, requiredClusterType=REPLICA_SET, requiredReplicaSetName='atlas-34cgmx-shard-0', serverSelector='null', clusterListeners='[]', serverSelectionTimeout='30000 ms', localThreshold='15 ms'}, socketSettings=SocketSettings{connectTimeoutMS=10000, readTimeoutMS=0, receiveBufferSize=0, proxySettings=ProxySettings{host=null, port=null, username=null, password=null}}, heartbeatSocketSettings=SocketSettings{connectTimeoutMS=10000, readTimeoutMS=10000, receiveBufferSize=0, proxySettings=ProxySettings{host=null, port=null, username=null, password=null}}, connectionPoolSettings=ConnectionPoolSettings{maxSize=100, minSize=0, maxWaitTimeMS=120000, maxConnectionLifeTimeMS=0, maxConnectionIdleTimeMS=0, maintenanceInitialDelayMS=0, maintenanceFrequencyMS=60000, connectionPoolListeners=[], maxConnecting=2}, serverSettings=ServerSettings{heartbeatFrequencyMS=10000, minHeartbeatFrequencyMS=500, serverMonitoringMode=AUTO, serverListeners='[]', serverMonitorListeners='[]'}, sslSettings=SslSettings{enabled=true, invalidHostNameAllowed=false, context=null}, applicationName='springBoot', compressorList=[], uuidRepresentation=JAVA_LEGACY, serverApi=null, autoEncryptionSettings=null, dnsClient=null, inetAddressResolver=null, contextProvider=null, timeoutMS=null}
2025-02-13 02:14:52.183 [INFO] [cluster-ClusterId{value='67acd70b3159121869d1e60a', description='springBoot'}-srv-springboot.jbtz1.mongodb.net] [org.mongodb.driver.cluster] - Adding discovered server springboot-shard-00-00.jbtz1.mongodb.net:27017 to client view of cluster
2025-02-13 02:14:52.206 [INFO] [cluster-ClusterId{value='67acd70b3159121869d1e60a', description='springBoot'}-srv-springboot.jbtz1.mongodb.net] [org.mongodb.driver.cluster] - Adding discovered server springboot-shard-00-02.jbtz1.mongodb.net:27017 to client view of cluster
2025-02-13 02:14:52.209 [INFO] [cluster-ClusterId{value='67acd70b3159121869d1e60a', description='springBoot'}-srv-springboot.jbtz1.mongodb.net] [org.mongodb.driver.cluster] - Adding discovered server springboot-shard-00-01.jbtz1.mongodb.net:27017 to client view of cluster
2025-02-13 02:14:52.351 [INFO] [main] [o.s.o.j.LocalContainerEntityManagerFactoryBean] - Closing JPA EntityManagerFactory for persistence unit 'default'
2025-02-13 02:14:52.354 [INFO] [main] [com.zaxxer.hikari.HikariDataSource] - HikariPool-1 - Shutdown initiated...
2025-02-13 02:14:52.980 [INFO] [main] [com.zaxxer.hikari.HikariDataSource] - HikariPool-1 - Shutdown completed.
2025-02-13 02:14:52.982 [INFO] [main] [o.a.catalina.core.StandardService] - Stopping service [Tomcat]
2025-02-13 02:14:52.991 [INFO] [main] [o.s.b.a.l.ConditionEvaluationReportLogger] - 

Error starting ApplicationContext. To display the condition evaluation report re-run your application with 'debug' enabled.
2025-02-13 02:16:42.252 [INFO] [background-preinit] [o.h.validator.internal.util.Version] - HV000001: Hibernate Validator 8.0.1.Final
2025-02-13 02:16:42.312 [INFO] [main] [c.K.S.SpringBootJpaApplication] - Starting SpringBootJpaApplication using Java 17.0.8.1 with PID 8896 (C:\Users\KANG\Desktop\Self-study\Spring_Boot\Jpa\SpringBootTaco\BackEnd\build\classes\java\main started by KANG in C:\Users\KANG\Desktop\Self-study\Spring_Boot\Jpa\SpringBootTaco\BackEnd)
2025-02-13 02:16:42.313 [INFO] [main] [c.K.S.SpringBootJpaApplication] - No active profile set, falling back to 1 default profile: "default"
2025-02-13 02:16:43.071 [INFO] [main] [o.s.d.r.c.RepositoryConfigurationDelegate] - Multiple Spring Data modules found, entering strict repository configuration mode
2025-02-13 02:16:43.073 [INFO] [main] [o.s.d.r.c.RepositoryConfigurationDelegate] - Bootstrapping Spring Data JPA repositories in DEFAULT mode.
2025-02-13 02:16:43.122 [INFO] [main] [o.s.d.r.c.RepositoryConfigurationExtensionSupport] - Spring Data JPA - Could not safely identify store assignment for repository candidate interface com.Kang.SpringBoot_Jpa.mongorepo.ApplicationRepository; If you want this repository to be a JPA repository, consider annotating your entities with one of these annotations: jakarta.persistence.Entity, jakarta.persistence.MappedSuperclass (preferred), or consider extending one of the following types with your repository: org.springframework.data.jpa.repository.JpaRepository
2025-02-13 02:16:43.124 [INFO] [main] [o.s.d.r.c.RepositoryConfigurationExtensionSupport] - Spring Data JPA - Could not safely identify store assignment for repository candidate interface com.Kang.SpringBoot_Jpa.mongorepo.ProjectRepository; If you want this repository to be a JPA repository, consider annotating your entities with one of these annotations: jakarta.persistence.Entity, jakarta.persistence.MappedSuperclass (preferred), or consider extending one of the following types with your repository: org.springframework.data.jpa.repository.JpaRepository
2025-02-13 02:16:43.126 [INFO] [main] [o.s.d.r.c.RepositoryConfigurationExtensionSupport] - Spring Data JPA - Could not safely identify store assignment for repository candidate interface com.Kang.SpringBoot_Jpa.mongorepo.SessionRepository; If you want this repository to be a JPA repository, consider annotating your entities with one of these annotations: jakarta.persistence.Entity, jakarta.persistence.MappedSuperclass (preferred), or consider extending one of the following types with your repository: org.springframework.data.jpa.repository.JpaRepository
2025-02-13 02:16:43.242 [INFO] [main] [o.s.d.r.c.RepositoryConfigurationDelegate] - Finished Spring Data repository scanning in 159 ms. Found 1 JPA repository interface.
2025-02-13 02:16:43.274 [INFO] [main] [o.s.d.r.c.RepositoryConfigurationDelegate] - Multiple Spring Data modules found, entering strict repository configuration mode
2025-02-13 02:16:43.274 [INFO] [main] [o.s.d.r.c.RepositoryConfigurationDelegate] - Bootstrapping Spring Data MongoDB repositories in DEFAULT mode.
2025-02-13 02:16:43.284 [INFO] [main] [o.s.d.r.c.RepositoryConfigurationExtensionSupport] - Spring Data MongoDB - Could not safely identify store assignment for repository candidate interface com.Kang.SpringBoot_Jpa.repository.UserRepository; If you want this repository to be a MongoDB repository, consider annotating your entities with one of these annotations: org.springframework.data.mongodb.core.mapping.Document (preferred), or consider extending one of the following types with your repository: org.springframework.data.mongodb.repository.MongoRepository
2025-02-13 02:16:43.292 [INFO] [main] [o.s.d.r.c.RepositoryConfigurationDelegate] - Finished Spring Data repository scanning in 15 ms. Found 3 MongoDB repository interfaces.
2025-02-13 02:16:43.304 [INFO] [main] [o.s.d.r.c.RepositoryConfigurationDelegate] - Multiple Spring Data modules found, entering strict repository configuration mode
2025-02-13 02:16:43.305 [INFO] [main] [o.s.d.r.c.RepositoryConfigurationDelegate] - Bootstrapping Spring Data Redis repositories in DEFAULT mode.
2025-02-13 02:16:43.323 [INFO] [main] [o.s.d.r.c.RepositoryConfigurationExtensionSupport] - Spring Data Redis - Could not safely identify store assignment for repository candidate interface com.Kang.SpringBoot_Jpa.mongorepo.ApplicationRepository; If you want this repository to be a Redis repository, consider annotating your entities with one of these annotations: org.springframework.data.redis.core.RedisHash (preferred), or consider extending one of the following types with your repository: org.springframework.data.keyvalue.repository.KeyValueRepository
2025-02-13 02:16:43.324 [INFO] [main] [o.s.d.r.c.RepositoryConfigurationExtensionSupport] - Spring Data Redis - Could not safely identify store assignment for repository candidate interface com.Kang.SpringBoot_Jpa.mongorepo.ProjectRepository; If you want this repository to be a Redis repository, consider annotating your entities with one of these annotations: org.springframework.data.redis.core.RedisHash (preferred), or consider extending one of the following types with your repository: org.springframework.data.keyvalue.repository.KeyValueRepository
2025-02-13 02:16:43.324 [INFO] [main] [o.s.d.r.c.RepositoryConfigurationExtensionSupport] - Spring Data Redis - Could not safely identify store assignment for repository candidate interface com.Kang.SpringBoot_Jpa.mongorepo.SessionRepository; If you want this repository to be a Redis repository, consider annotating your entities with one of these annotations: org.springframework.data.redis.core.RedisHash (preferred), or consider extending one of the following types with your repository: org.springframework.data.keyvalue.repository.KeyValueRepository
2025-02-13 02:16:43.324 [INFO] [main] [o.s.d.r.c.RepositoryConfigurationExtensionSupport] - Spring Data Redis - Could not safely identify store assignment for repository candidate interface com.Kang.SpringBoot_Jpa.repository.UserRepository; If you want this repository to be a Redis repository, consider annotating your entities with one of these annotations: org.springframework.data.redis.core.RedisHash (preferred), or consider extending one of the following types with your repository: org.springframework.data.keyvalue.repository.KeyValueRepository
2025-02-13 02:16:43.324 [INFO] [main] [o.s.d.r.c.RepositoryConfigurationDelegate] - Finished Spring Data repository scanning in 11 ms. Found 0 Redis repository interfaces.
2025-02-13 02:16:43.914 [INFO] [main] [o.s.b.w.e.tomcat.TomcatWebServer] - Tomcat initialized with port 8080 (http)
2025-02-13 02:16:43.926 [INFO] [main] [o.a.coyote.http11.Http11NioProtocol] - Initializing ProtocolHandler ["http-nio-8080"]
2025-02-13 02:16:43.929 [INFO] [main] [o.a.catalina.core.StandardService] - Starting service [Tomcat]
2025-02-13 02:16:43.929 [INFO] [main] [o.a.catalina.core.StandardEngine] - Starting Servlet engine: [Apache Tomcat/10.1.33]
2025-02-13 02:16:44.005 [INFO] [main] [o.a.c.c.C.[Tomcat].[localhost].[/]] - Initializing Spring embedded WebApplicationContext
2025-02-13 02:16:44.005 [INFO] [main] [o.s.b.w.s.c.ServletWebServerApplicationContext] - Root WebApplicationContext: initialization completed in 1650 ms
2025-02-13 02:16:44.156 [INFO] [main] [o.h.jpa.internal.util.LogHelper] - HHH000204: Processing PersistenceUnitInfo [name: default]
2025-02-13 02:16:44.219 [INFO] [main] [org.hibernate.Version] - HHH000412: Hibernate ORM core version 6.6.2.Final
2025-02-13 02:16:44.258 [INFO] [main] [o.h.c.i.RegionFactoryInitiator] - HHH000026: Second-level cache disabled
2025-02-13 02:16:44.536 [INFO] [main] [o.s.o.j.p.SpringPersistenceUnitInfo] - No LoadTimeWeaver setup: ignoring JPA class transformer
2025-02-13 02:16:44.567 [INFO] [main] [com.zaxxer.hikari.HikariDataSource] - HikariPool-1 - Starting...
2025-02-13 02:16:46.823 [INFO] [main] [com.zaxxer.hikari.pool.HikariPool] - HikariPool-1 - Added connection com.mysql.cj.jdbc.ConnectionImpl@5831989d
2025-02-13 02:16:46.826 [INFO] [main] [com.zaxxer.hikari.HikariDataSource] - HikariPool-1 - Start completed.
2025-02-13 02:16:47.193 [INFO] [main] [o.hibernate.orm.connections.pooling] - HHH10001005: Database info:
	Database JDBC URL [Connecting through datasource 'HikariDataSource (HikariPool-1)']
	Database driver: undefined/unknown
	Database version: 8.0.40
	Autocommit mode: undefined/unknown
	Isolation level: undefined/unknown
	Minimum pool size: undefined/unknown
	Maximum pool size: undefined/unknown
2025-02-13 02:16:47.890 [INFO] [main] [o.h.e.t.j.p.i.JtaPlatformInitiator] - HHH000489: No JTA platform available (set 'hibernate.transaction.jta.platform' to enable JTA platform integration)
2025-02-13 02:16:48.356 [INFO] [main] [o.s.o.j.LocalContainerEntityManagerFactoryBean] - Initialized JPA EntityManagerFactory for persistence unit 'default'
2025-02-13 02:16:49.401 [INFO] [main] [org.mongodb.driver.client] - MongoClient with metadata {"application": {"name": "springBoot"}, "driver": {"name": "mongo-java-driver|sync|spring-boot", "version": "5.2.1"}, "os": {"type": "Windows", "name": "Windows 10", "architecture": "amd64", "version": "10.0"}, "platform": "Java/Eclipse Adoptium/17.0.8.1+1"} created with settings MongoClientSettings{readPreference=primary, writeConcern=WriteConcern{w=majority, wTimeout=null ms, journal=null}, retryWrites=true, retryReads=true, readConcern=ReadConcern{level=null}, credential=MongoCredential{mechanism=null, userName='springboot_user', source='admin', password=<hidden>, mechanismProperties=<hidden>}, transportSettings=null, commandListeners=[], codecRegistry=ProvidersCodecRegistry{codecProviders=[ValueCodecProvider{}, BsonValueCodecProvider{}, DBRefCodecProvider{}, DBObjectCodecProvider{}, DocumentCodecProvider{}, CollectionCodecProvider{}, IterableCodecProvider{}, MapCodecProvider{}, GeoJsonCodecProvider{}, GridFSFileCodecProvider{}, Jsr310CodecProvider{}, JsonObjectCodecProvider{}, BsonCodecProvider{}, EnumCodecProvider{}, com.mongodb.client.model.mql.ExpressionCodecProvider@6d8cbd1a, com.mongodb.Jep395RecordCodecProvider@3725242e, com.mongodb.KotlinCodecProvider@6860c000]}, loggerSettings=LoggerSettings{maxDocumentLength=1000}, clusterSettings={hosts=[127.0.0.1:27017], srvHost=springboot.jbtz1.mongodb.net, srvServiceName=mongodb, mode=MULTIPLE, requiredClusterType=REPLICA_SET, requiredReplicaSetName='atlas-34cgmx-shard-0', serverSelector='null', clusterListeners='[]', serverSelectionTimeout='30000 ms', localThreshold='15 ms'}, socketSettings=SocketSettings{connectTimeoutMS=10000, readTimeoutMS=0, receiveBufferSize=0, proxySettings=ProxySettings{host=null, port=null, username=null, password=null}}, heartbeatSocketSettings=SocketSettings{connectTimeoutMS=10000, readTimeoutMS=10000, receiveBufferSize=0, proxySettings=ProxySettings{host=null, port=null, username=null, password=null}}, connectionPoolSettings=ConnectionPoolSettings{maxSize=100, minSize=0, maxWaitTimeMS=120000, maxConnectionLifeTimeMS=0, maxConnectionIdleTimeMS=0, maintenanceInitialDelayMS=0, maintenanceFrequencyMS=60000, connectionPoolListeners=[], maxConnecting=2}, serverSettings=ServerSettings{heartbeatFrequencyMS=10000, minHeartbeatFrequencyMS=500, serverMonitoringMode=AUTO, serverListeners='[]', serverMonitorListeners='[]'}, sslSettings=SslSettings{enabled=true, invalidHostNameAllowed=false, context=null}, applicationName='springBoot', compressorList=[], uuidRepresentation=JAVA_LEGACY, serverApi=null, autoEncryptionSettings=null, dnsClient=null, inetAddressResolver=null, contextProvider=null, timeoutMS=null}
2025-02-13 02:16:49.638 [INFO] [cluster-ClusterId{value='67acd781894b9e4ac3898d5f', description='springBoot'}-srv-springboot.jbtz1.mongodb.net] [org.mongodb.driver.cluster] - Adding discovered server springboot-shard-00-00.jbtz1.mongodb.net:27017 to client view of cluster
2025-02-13 02:16:49.648 [INFO] [main] [o.s.s.c.a.a.c.InitializeUserDetailsBeanManagerConfigurer$InitializeUserDetailsManagerConfigurer] - Global AuthenticationManager configured with UserDetailsService bean with name customUserDetailsService
2025-02-13 02:16:49.664 [INFO] [cluster-ClusterId{value='67acd781894b9e4ac3898d5f', description='springBoot'}-srv-springboot.jbtz1.mongodb.net] [org.mongodb.driver.cluster] - Adding discovered server springboot-shard-00-02.jbtz1.mongodb.net:27017 to client view of cluster
2025-02-13 02:16:49.666 [INFO] [cluster-ClusterId{value='67acd781894b9e4ac3898d5f', description='springBoot'}-srv-springboot.jbtz1.mongodb.net] [org.mongodb.driver.cluster] - Adding discovered server springboot-shard-00-01.jbtz1.mongodb.net:27017 to client view of cluster
2025-02-13 02:16:50.191 [INFO] [main] [o.a.coyote.http11.Http11NioProtocol] - Starting ProtocolHandler ["http-nio-8080"]
2025-02-13 02:16:50.212 [INFO] [main] [o.s.b.w.e.tomcat.TomcatWebServer] - Tomcat started on port 8080 (http) with context path '/'
2025-02-13 02:16:50.223 [INFO] [main] [c.K.S.SpringBootJpaApplication] - Started SpringBootJpaApplication in 8.451 seconds (process running for 8.807)
2025-02-13 02:16:50.568 [INFO] [cluster-ClusterId{value='67acd781894b9e4ac3898d5f', description='springBoot'}-springboot-shard-00-02.jbtz1.mongodb.net:27017] [org.mongodb.driver.cluster] - Monitor thread successfully connected to server with description ServerDescription{address=springboot-shard-00-02.jbtz1.mongodb.net:27017, type=REPLICA_SET_PRIMARY, cryptd=false, state=CONNECTED, ok=true, minWireVersion=0, maxWireVersion=25, maxDocumentSize=16777216, logicalSessionTimeoutMinutes=30, roundTripTimeNanos=518432300, minRoundTripTimeNanos=0, setName='atlas-34cgmx-shard-0', canonicalAddress=springboot-shard-00-02.jbtz1.mongodb.net:27017, hosts=[springboot-shard-00-00.jbtz1.mongodb.net:27017, springboot-shard-00-01.jbtz1.mongodb.net:27017, springboot-shard-00-02.jbtz1.mongodb.net:27017], passives=[], arbiters=[], primary='springboot-shard-00-02.jbtz1.mongodb.net:27017', tagSet=TagSet{[Tag{name='availabilityZone', value='apne2-az2'}, Tag{name='diskState', value='READY'}, Tag{name='nodeType', value='ELECTABLE'}, Tag{name='provider', value='AWS'}, Tag{name='region', value='AP_NORTHEAST_2'}, Tag{name='workloadType', value='OPERATIONAL'}]}, electionId=7fffffff0000000000000077, setVersion=6, topologyVersion=TopologyVersion{processId=67aa393726d2ac28bbe33060, counter=6}, lastWriteDate=Thu Feb 13 02:16:50 KST 2025, lastUpdateTimeNanos=7780521761300}
2025-02-13 02:16:50.572 [INFO] [cluster-ClusterId{value='67acd781894b9e4ac3898d5f', description='springBoot'}-springboot-shard-00-02.jbtz1.mongodb.net:27017] [org.mongodb.driver.cluster] - Discovered replica set primary springboot-shard-00-02.jbtz1.mongodb.net:27017 with max election id 7fffffff0000000000000077 and max set version 6
2025-02-13 02:17:00.076 [INFO] [cluster-ClusterId{value='67acd781894b9e4ac3898d5f', description='springBoot'}-springboot-shard-00-01.jbtz1.mongodb.net:27017] [org.mongodb.driver.cluster] - Exception in monitor thread while connecting to server springboot-shard-00-01.jbtz1.mongodb.net:27017
com.mongodb.MongoSocketWriteException: Exception sending message
	at com.mongodb.internal.connection.InternalStreamConnection.throwTranslatedWriteException(InternalStreamConnection.java:790)
	at com.mongodb.internal.connection.InternalStreamConnection.sendMessage(InternalStreamConnection.java:675)
	at com.mongodb.internal.connection.InternalStreamConnection.trySendMessage(InternalStreamConnection.java:507)
	at com.mongodb.internal.connection.InternalStreamConnection.sendCommandMessage(InternalStreamConnection.java:482)
	at com.mongodb.internal.connection.InternalStreamConnection.sendAndReceiveInternal(InternalStreamConnection.java:440)
	at com.mongodb.internal.connection.InternalStreamConnection.lambda$sendAndReceive$0(InternalStreamConnection.java:375)
	at com.mongodb.internal.connection.InternalStreamConnection.sendAndReceive(InternalStreamConnection.java:378)
	at com.mongodb.internal.connection.CommandHelper.sendAndReceive(CommandHelper.java:100)
	at com.mongodb.internal.connection.CommandHelper.executeCommand(CommandHelper.java:49)
	at com.mongodb.internal.connection.InternalStreamConnectionInitializer.initializeConnectionDescription(InternalStreamConnectionInitializer.java:144)
	at com.mongodb.internal.connection.InternalStreamConnectionInitializer.startHandshake(InternalStreamConnectionInitializer.java:79)
	at com.mongodb.internal.connection.InternalStreamConnection.open(InternalStreamConnection.java:235)
	at com.mongodb.internal.connection.DefaultServerMonitor$ServerMonitor.lookupServerDescription(DefaultServerMonitor.java:219)
	at com.mongodb.internal.connection.DefaultServerMonitor$ServerMonitor.run(DefaultServerMonitor.java:176)
Caused by: java.net.SocketTimeoutException: Read timed out
	at java.base/sun.nio.ch.NioSocketImpl.timedRead(NioSocketImpl.java:288)
	at java.base/sun.nio.ch.NioSocketImpl.implRead(NioSocketImpl.java:314)
	at java.base/sun.nio.ch.NioSocketImpl.read(NioSocketImpl.java:355)
	at java.base/sun.nio.ch.NioSocketImpl$1.read(NioSocketImpl.java:808)
	at java.base/java.net.Socket$SocketInputStream.read(Socket.java:966)
	at java.base/sun.security.ssl.SSLSocketInputRecord.read(SSLSocketInputRecord.java:484)
	at java.base/sun.security.ssl.SSLSocketInputRecord.readHeader(SSLSocketInputRecord.java:478)
	at java.base/sun.security.ssl.SSLSocketInputRecord.decode(SSLSocketInputRecord.java:160)
	at java.base/sun.security.ssl.SSLTransport.decode(SSLTransport.java:111)
	at java.base/sun.security.ssl.SSLSocketImpl.decode(SSLSocketImpl.java:1510)
	at java.base/sun.security.ssl.SSLSocketImpl.readHandshakeRecord(SSLSocketImpl.java:1425)
	at java.base/sun.security.ssl.SSLSocketImpl.startHandshake(SSLSocketImpl.java:455)
	at java.base/sun.security.ssl.SSLSocketImpl.ensureNegotiated(SSLSocketImpl.java:925)
	at java.base/sun.security.ssl.SSLSocketImpl$AppOutputStream.write(SSLSocketImpl.java:1295)
	at com.mongodb.internal.connection.SocketStream.write(SocketStream.java:165)
	at com.mongodb.internal.connection.InternalStreamConnection.sendMessage(InternalStreamConnection.java:672)
	... 12 common frames omitted
2025-02-13 02:17:00.076 [INFO] [cluster-ClusterId{value='67acd781894b9e4ac3898d5f', description='springBoot'}-springboot-shard-00-00.jbtz1.mongodb.net:27017] [org.mongodb.driver.cluster] - Exception in monitor thread while connecting to server springboot-shard-00-00.jbtz1.mongodb.net:27017
com.mongodb.MongoSocketWriteException: Exception sending message
	at com.mongodb.internal.connection.InternalStreamConnection.throwTranslatedWriteException(InternalStreamConnection.java:790)
	at com.mongodb.internal.connection.InternalStreamConnection.sendMessage(InternalStreamConnection.java:675)
	at com.mongodb.internal.connection.InternalStreamConnection.trySendMessage(InternalStreamConnection.java:507)
	at com.mongodb.internal.connection.InternalStreamConnection.sendCommandMessage(InternalStreamConnection.java:482)
	at com.mongodb.internal.connection.InternalStreamConnection.sendAndReceiveInternal(InternalStreamConnection.java:440)
	at com.mongodb.internal.connection.InternalStreamConnection.lambda$sendAndReceive$0(InternalStreamConnection.java:375)
	at com.mongodb.internal.connection.InternalStreamConnection.sendAndReceive(InternalStreamConnection.java:378)
	at com.mongodb.internal.connection.CommandHelper.sendAndReceive(CommandHelper.java:100)
	at com.mongodb.internal.connection.CommandHelper.executeCommand(CommandHelper.java:49)
	at com.mongodb.internal.connection.InternalStreamConnectionInitializer.initializeConnectionDescription(InternalStreamConnectionInitializer.java:144)
	at com.mongodb.internal.connection.InternalStreamConnectionInitializer.startHandshake(InternalStreamConnectionInitializer.java:79)
	at com.mongodb.internal.connection.InternalStreamConnection.open(InternalStreamConnection.java:235)
	at com.mongodb.internal.connection.DefaultServerMonitor$ServerMonitor.lookupServerDescription(DefaultServerMonitor.java:219)
	at com.mongodb.internal.connection.DefaultServerMonitor$ServerMonitor.run(DefaultServerMonitor.java:176)
Caused by: java.net.SocketTimeoutException: Read timed out
	at java.base/sun.nio.ch.NioSocketImpl.timedRead(NioSocketImpl.java:288)
	at java.base/sun.nio.ch.NioSocketImpl.implRead(NioSocketImpl.java:314)
	at java.base/sun.nio.ch.NioSocketImpl.read(NioSocketImpl.java:355)
	at java.base/sun.nio.ch.NioSocketImpl$1.read(NioSocketImpl.java:808)
	at java.base/java.net.Socket$SocketInputStream.read(Socket.java:966)
	at java.base/sun.security.ssl.SSLSocketInputRecord.read(SSLSocketInputRecord.java:484)
	at java.base/sun.security.ssl.SSLSocketInputRecord.readHeader(SSLSocketInputRecord.java:478)
	at java.base/sun.security.ssl.SSLSocketInputRecord.decode(SSLSocketInputRecord.java:160)
	at java.base/sun.security.ssl.SSLTransport.decode(SSLTransport.java:111)
	at java.base/sun.security.ssl.SSLSocketImpl.decode(SSLSocketImpl.java:1510)
	at java.base/sun.security.ssl.SSLSocketImpl.readHandshakeRecord(SSLSocketImpl.java:1425)
	at java.base/sun.security.ssl.SSLSocketImpl.startHandshake(SSLSocketImpl.java:455)
	at java.base/sun.security.ssl.SSLSocketImpl.ensureNegotiated(SSLSocketImpl.java:925)
	at java.base/sun.security.ssl.SSLSocketImpl$AppOutputStream.write(SSLSocketImpl.java:1295)
	at com.mongodb.internal.connection.SocketStream.write(SocketStream.java:165)
	at com.mongodb.internal.connection.InternalStreamConnection.sendMessage(InternalStreamConnection.java:672)
	... 12 common frames omitted
2025-02-13 02:17:10.559 [INFO] [cluster-ClusterId{value='67acd781894b9e4ac3898d5f', description='springBoot'}-springboot-shard-00-00.jbtz1.mongodb.net:27017] [org.mongodb.driver.cluster] - Monitor thread successfully connected to server with description ServerDescription{address=springboot-shard-00-00.jbtz1.mongodb.net:27017, type=REPLICA_SET_SECONDARY, cryptd=false, state=CONNECTED, ok=true, minWireVersion=0, maxWireVersion=25, maxDocumentSize=16777216, logicalSessionTimeoutMinutes=30, roundTripTimeNanos=477058100, minRoundTripTimeNanos=0, setName='atlas-34cgmx-shard-0', canonicalAddress=springboot-shard-00-00.jbtz1.mongodb.net:27017, hosts=[springboot-shard-00-00.jbtz1.mongodb.net:27017, springboot-shard-00-01.jbtz1.mongodb.net:27017, springboot-shard-00-02.jbtz1.mongodb.net:27017], passives=[], arbiters=[], primary='springboot-shard-00-02.jbtz1.mongodb.net:27017', tagSet=TagSet{[Tag{name='availabilityZone', value='apne2-az1'}, Tag{name='diskState', value='READY'}, Tag{name='nodeType', value='ELECTABLE'}, Tag{name='provider', value='AWS'}, Tag{name='region', value='AP_NORTHEAST_2'}, Tag{name='workloadType', value='OPERATIONAL'}]}, electionId=null, setVersion=6, topologyVersion=TopologyVersion{processId=67aa361acbc09515c4fb8454, counter=4}, lastWriteDate=Thu Feb 13 02:17:10 KST 2025, lastUpdateTimeNanos=7800514496800}
2025-02-13 02:17:10.574 [INFO] [cluster-ClusterId{value='67acd781894b9e4ac3898d5f', description='springBoot'}-springboot-shard-00-01.jbtz1.mongodb.net:27017] [org.mongodb.driver.cluster] - Monitor thread successfully connected to server with description ServerDescription{address=springboot-shard-00-01.jbtz1.mongodb.net:27017, type=REPLICA_SET_SECONDARY, cryptd=false, state=CONNECTED, ok=true, minWireVersion=0, maxWireVersion=25, maxDocumentSize=16777216, logicalSessionTimeoutMinutes=30, roundTripTimeNanos=492203400, minRoundTripTimeNanos=0, setName='atlas-34cgmx-shard-0', canonicalAddress=springboot-shard-00-01.jbtz1.mongodb.net:27017, hosts=[springboot-shard-00-00.jbtz1.mongodb.net:27017, springboot-shard-00-01.jbtz1.mongodb.net:27017, springboot-shard-00-02.jbtz1.mongodb.net:27017], passives=[], arbiters=[], primary='springboot-shard-00-02.jbtz1.mongodb.net:27017', tagSet=TagSet{[Tag{name='availabilityZone', value='apne2-az3'}, Tag{name='diskState', value='READY'}, Tag{name='nodeType', value='ELECTABLE'}, Tag{name='provider', value='AWS'}, Tag{name='region', value='AP_NORTHEAST_2'}, Tag{name='workloadType', value='OPERATIONAL'}]}, electionId=null, setVersion=6, topologyVersion=TopologyVersion{processId=67aa3c4da9419ebb1f9cf1a2, counter=3}, lastWriteDate=Thu Feb 13 02:17:10 KST 2025, lastUpdateTimeNanos=7800529615500}
2025-02-13 02:27:34.330 [INFO] [background-preinit] [o.h.validator.internal.util.Version] - HV000001: Hibernate Validator 8.0.1.Final
2025-02-13 02:27:34.393 [INFO] [main] [c.K.S.SpringBootJpaApplication] - Starting SpringBootJpaApplication using Java 17.0.8.1 with PID 18812 (C:\Users\KANG\Desktop\Self-study\Spring_Boot\Jpa\SpringBootTaco\BackEnd\build\classes\java\main started by KANG in C:\Users\KANG\Desktop\Self-study\Spring_Boot\Jpa\SpringBootTaco\BackEnd)
2025-02-13 02:27:34.394 [INFO] [main] [c.K.S.SpringBootJpaApplication] - No active profile set, falling back to 1 default profile: "default"
2025-02-13 02:27:35.151 [INFO] [main] [o.s.d.r.c.RepositoryConfigurationDelegate] - Multiple Spring Data modules found, entering strict repository configuration mode
2025-02-13 02:27:35.153 [INFO] [main] [o.s.d.r.c.RepositoryConfigurationDelegate] - Bootstrapping Spring Data JPA repositories in DEFAULT mode.
2025-02-13 02:27:35.199 [INFO] [main] [o.s.d.r.c.RepositoryConfigurationExtensionSupport] - Spring Data JPA - Could not safely identify store assignment for repository candidate interface com.Kang.SpringBoot_Jpa.mongorepo.ApplicationRepository; If you want this repository to be a JPA repository, consider annotating your entities with one of these annotations: jakarta.persistence.Entity, jakarta.persistence.MappedSuperclass (preferred), or consider extending one of the following types with your repository: org.springframework.data.jpa.repository.JpaRepository
2025-02-13 02:27:35.201 [INFO] [main] [o.s.d.r.c.RepositoryConfigurationExtensionSupport] - Spring Data JPA - Could not safely identify store assignment for repository candidate interface com.Kang.SpringBoot_Jpa.mongorepo.ProjectRepository; If you want this repository to be a JPA repository, consider annotating your entities with one of these annotations: jakarta.persistence.Entity, jakarta.persistence.MappedSuperclass (preferred), or consider extending one of the following types with your repository: org.springframework.data.jpa.repository.JpaRepository
2025-02-13 02:27:35.203 [INFO] [main] [o.s.d.r.c.RepositoryConfigurationExtensionSupport] - Spring Data JPA - Could not safely identify store assignment for repository candidate interface com.Kang.SpringBoot_Jpa.mongorepo.SessionRepository; If you want this repository to be a JPA repository, consider annotating your entities with one of these annotations: jakarta.persistence.Entity, jakarta.persistence.MappedSuperclass (preferred), or consider extending one of the following types with your repository: org.springframework.data.jpa.repository.JpaRepository
2025-02-13 02:27:35.309 [INFO] [main] [o.s.d.r.c.RepositoryConfigurationDelegate] - Finished Spring Data repository scanning in 146 ms. Found 1 JPA repository interface.
2025-02-13 02:27:35.340 [INFO] [main] [o.s.d.r.c.RepositoryConfigurationDelegate] - Multiple Spring Data modules found, entering strict repository configuration mode
2025-02-13 02:27:35.340 [INFO] [main] [o.s.d.r.c.RepositoryConfigurationDelegate] - Bootstrapping Spring Data MongoDB repositories in DEFAULT mode.
2025-02-13 02:27:35.349 [INFO] [main] [o.s.d.r.c.RepositoryConfigurationExtensionSupport] - Spring Data MongoDB - Could not safely identify store assignment for repository candidate interface com.Kang.SpringBoot_Jpa.repository.UserRepository; If you want this repository to be a MongoDB repository, consider annotating your entities with one of these annotations: org.springframework.data.mongodb.core.mapping.Document (preferred), or consider extending one of the following types with your repository: org.springframework.data.mongodb.repository.MongoRepository
2025-02-13 02:27:35.357 [INFO] [main] [o.s.d.r.c.RepositoryConfigurationDelegate] - Finished Spring Data repository scanning in 15 ms. Found 3 MongoDB repository interfaces.
2025-02-13 02:27:35.369 [INFO] [main] [o.s.d.r.c.RepositoryConfigurationDelegate] - Multiple Spring Data modules found, entering strict repository configuration mode
2025-02-13 02:27:35.370 [INFO] [main] [o.s.d.r.c.RepositoryConfigurationDelegate] - Bootstrapping Spring Data Redis repositories in DEFAULT mode.
2025-02-13 02:27:35.383 [INFO] [main] [o.s.d.r.c.RepositoryConfigurationExtensionSupport] - Spring Data Redis - Could not safely identify store assignment for repository candidate interface com.Kang.SpringBoot_Jpa.mongorepo.ApplicationRepository; If you want this repository to be a Redis repository, consider annotating your entities with one of these annotations: org.springframework.data.redis.core.RedisHash (preferred), or consider extending one of the following types with your repository: org.springframework.data.keyvalue.repository.KeyValueRepository
2025-02-13 02:27:35.383 [INFO] [main] [o.s.d.r.c.RepositoryConfigurationExtensionSupport] - Spring Data Redis - Could not safely identify store assignment for repository candidate interface com.Kang.SpringBoot_Jpa.mongorepo.ProjectRepository; If you want this repository to be a Redis repository, consider annotating your entities with one of these annotations: org.springframework.data.redis.core.RedisHash (preferred), or consider extending one of the following types with your repository: org.springframework.data.keyvalue.repository.KeyValueRepository
2025-02-13 02:27:35.383 [INFO] [main] [o.s.d.r.c.RepositoryConfigurationExtensionSupport] - Spring Data Redis - Could not safely identify store assignment for repository candidate interface com.Kang.SpringBoot_Jpa.mongorepo.SessionRepository; If you want this repository to be a Redis repository, consider annotating your entities with one of these annotations: org.springframework.data.redis.core.RedisHash (preferred), or consider extending one of the following types with your repository: org.springframework.data.keyvalue.repository.KeyValueRepository
2025-02-13 02:27:35.383 [INFO] [main] [o.s.d.r.c.RepositoryConfigurationExtensionSupport] - Spring Data Redis - Could not safely identify store assignment for repository candidate interface com.Kang.SpringBoot_Jpa.repository.UserRepository; If you want this repository to be a Redis repository, consider annotating your entities with one of these annotations: org.springframework.data.redis.core.RedisHash (preferred), or consider extending one of the following types with your repository: org.springframework.data.keyvalue.repository.KeyValueRepository
2025-02-13 02:27:35.383 [INFO] [main] [o.s.d.r.c.RepositoryConfigurationDelegate] - Finished Spring Data repository scanning in 6 ms. Found 0 Redis repository interfaces.
2025-02-13 02:27:35.984 [INFO] [main] [o.s.b.w.e.tomcat.TomcatWebServer] - Tomcat initialized with port 8080 (http)
2025-02-13 02:27:35.996 [INFO] [main] [o.a.coyote.http11.Http11NioProtocol] - Initializing ProtocolHandler ["http-nio-8080"]
2025-02-13 02:27:35.998 [INFO] [main] [o.a.catalina.core.StandardService] - Starting service [Tomcat]
2025-02-13 02:27:35.998 [INFO] [main] [o.a.catalina.core.StandardEngine] - Starting Servlet engine: [Apache Tomcat/10.1.33]
2025-02-13 02:27:36.076 [INFO] [main] [o.a.c.c.C.[Tomcat].[localhost].[/]] - Initializing Spring embedded WebApplicationContext
2025-02-13 02:27:36.076 [INFO] [main] [o.s.b.w.s.c.ServletWebServerApplicationContext] - Root WebApplicationContext: initialization completed in 1643 ms
2025-02-13 02:27:36.228 [INFO] [main] [o.h.jpa.internal.util.LogHelper] - HHH000204: Processing PersistenceUnitInfo [name: default]
2025-02-13 02:27:36.293 [INFO] [main] [org.hibernate.Version] - HHH000412: Hibernate ORM core version 6.6.2.Final
2025-02-13 02:27:36.334 [INFO] [main] [o.h.c.i.RegionFactoryInitiator] - HHH000026: Second-level cache disabled
2025-02-13 02:27:36.630 [INFO] [main] [o.s.o.j.p.SpringPersistenceUnitInfo] - No LoadTimeWeaver setup: ignoring JPA class transformer
2025-02-13 02:27:36.662 [INFO] [main] [com.zaxxer.hikari.HikariDataSource] - HikariPool-1 - Starting...
2025-02-13 02:27:58.719 [INFO] [main] [o.a.catalina.core.StandardService] - Stopping service [Tomcat]
2025-02-13 02:27:58.730 [INFO] [main] [o.s.b.a.l.ConditionEvaluationReportLogger] - 

Error starting ApplicationContext. To display the condition evaluation report re-run your application with 'debug' enabled.
2025-02-13 02:40:52.905 [INFO] [background-preinit] [o.h.validator.internal.util.Version] - HV000001: Hibernate Validator 8.0.1.Final
2025-02-13 02:40:52.964 [INFO] [main] [c.K.S.SpringBootJpaApplication] - Starting SpringBootJpaApplication using Java 17.0.8.1 with PID 6472 (C:\Users\KANG\Desktop\Self-study\Spring_Boot\Jpa\SpringBootTaco\BackEnd\build\classes\java\main started by KANG in C:\Users\KANG\Desktop\Self-study\Spring_Boot\Jpa\SpringBootTaco\BackEnd)
2025-02-13 02:40:52.965 [INFO] [main] [c.K.S.SpringBootJpaApplication] - No active profile set, falling back to 1 default profile: "default"
2025-02-13 02:40:53.770 [INFO] [main] [o.s.d.r.c.RepositoryConfigurationDelegate] - Multiple Spring Data modules found, entering strict repository configuration mode
2025-02-13 02:40:53.772 [INFO] [main] [o.s.d.r.c.RepositoryConfigurationDelegate] - Bootstrapping Spring Data JPA repositories in DEFAULT mode.
2025-02-13 02:40:53.820 [INFO] [main] [o.s.d.r.c.RepositoryConfigurationExtensionSupport] - Spring Data JPA - Could not safely identify store assignment for repository candidate interface com.Kang.SpringBoot_Jpa.mongorepo.ApplicationRepository; If you want this repository to be a JPA repository, consider annotating your entities with one of these annotations: jakarta.persistence.Entity, jakarta.persistence.MappedSuperclass (preferred), or consider extending one of the following types with your repository: org.springframework.data.jpa.repository.JpaRepository
2025-02-13 02:40:53.822 [INFO] [main] [o.s.d.r.c.RepositoryConfigurationExtensionSupport] - Spring Data JPA - Could not safely identify store assignment for repository candidate interface com.Kang.SpringBoot_Jpa.mongorepo.ProjectRepository; If you want this repository to be a JPA repository, consider annotating your entities with one of these annotations: jakarta.persistence.Entity, jakarta.persistence.MappedSuperclass (preferred), or consider extending one of the following types with your repository: org.springframework.data.jpa.repository.JpaRepository
2025-02-13 02:40:53.824 [INFO] [main] [o.s.d.r.c.RepositoryConfigurationExtensionSupport] - Spring Data JPA - Could not safely identify store assignment for repository candidate interface com.Kang.SpringBoot_Jpa.mongorepo.SessionRepository; If you want this repository to be a JPA repository, consider annotating your entities with one of these annotations: jakarta.persistence.Entity, jakarta.persistence.MappedSuperclass (preferred), or consider extending one of the following types with your repository: org.springframework.data.jpa.repository.JpaRepository
2025-02-13 02:40:53.937 [INFO] [main] [o.s.d.r.c.RepositoryConfigurationDelegate] - Finished Spring Data repository scanning in 155 ms. Found 1 JPA repository interface.
2025-02-13 02:40:53.963 [INFO] [main] [o.s.d.r.c.RepositoryConfigurationDelegate] - Multiple Spring Data modules found, entering strict repository configuration mode
2025-02-13 02:40:53.963 [INFO] [main] [o.s.d.r.c.RepositoryConfigurationDelegate] - Bootstrapping Spring Data MongoDB repositories in DEFAULT mode.
2025-02-13 02:40:53.972 [INFO] [main] [o.s.d.r.c.RepositoryConfigurationExtensionSupport] - Spring Data MongoDB - Could not safely identify store assignment for repository candidate interface com.Kang.SpringBoot_Jpa.repository.UserRepository; If you want this repository to be a MongoDB repository, consider annotating your entities with one of these annotations: org.springframework.data.mongodb.core.mapping.Document (preferred), or consider extending one of the following types with your repository: org.springframework.data.mongodb.repository.MongoRepository
2025-02-13 02:40:53.980 [INFO] [main] [o.s.d.r.c.RepositoryConfigurationDelegate] - Finished Spring Data repository scanning in 15 ms. Found 3 MongoDB repository interfaces.
2025-02-13 02:40:53.992 [INFO] [main] [o.s.d.r.c.RepositoryConfigurationDelegate] - Multiple Spring Data modules found, entering strict repository configuration mode
2025-02-13 02:40:53.993 [INFO] [main] [o.s.d.r.c.RepositoryConfigurationDelegate] - Bootstrapping Spring Data Redis repositories in DEFAULT mode.
2025-02-13 02:40:54.006 [INFO] [main] [o.s.d.r.c.RepositoryConfigurationExtensionSupport] - Spring Data Redis - Could not safely identify store assignment for repository candidate interface com.Kang.SpringBoot_Jpa.mongorepo.ApplicationRepository; If you want this repository to be a Redis repository, consider annotating your entities with one of these annotations: org.springframework.data.redis.core.RedisHash (preferred), or consider extending one of the following types with your repository: org.springframework.data.keyvalue.repository.KeyValueRepository
2025-02-13 02:40:54.006 [INFO] [main] [o.s.d.r.c.RepositoryConfigurationExtensionSupport] - Spring Data Redis - Could not safely identify store assignment for repository candidate interface com.Kang.SpringBoot_Jpa.mongorepo.ProjectRepository; If you want this repository to be a Redis repository, consider annotating your entities with one of these annotations: org.springframework.data.redis.core.RedisHash (preferred), or consider extending one of the following types with your repository: org.springframework.data.keyvalue.repository.KeyValueRepository
2025-02-13 02:40:54.006 [INFO] [main] [o.s.d.r.c.RepositoryConfigurationExtensionSupport] - Spring Data Redis - Could not safely identify store assignment for repository candidate interface com.Kang.SpringBoot_Jpa.mongorepo.SessionRepository; If you want this repository to be a Redis repository, consider annotating your entities with one of these annotations: org.springframework.data.redis.core.RedisHash (preferred), or consider extending one of the following types with your repository: org.springframework.data.keyvalue.repository.KeyValueRepository
2025-02-13 02:40:54.006 [INFO] [main] [o.s.d.r.c.RepositoryConfigurationExtensionSupport] - Spring Data Redis - Could not safely identify store assignment for repository candidate interface com.Kang.SpringBoot_Jpa.repository.UserRepository; If you want this repository to be a Redis repository, consider annotating your entities with one of these annotations: org.springframework.data.redis.core.RedisHash (preferred), or consider extending one of the following types with your repository: org.springframework.data.keyvalue.repository.KeyValueRepository
2025-02-13 02:40:54.006 [INFO] [main] [o.s.d.r.c.RepositoryConfigurationDelegate] - Finished Spring Data repository scanning in 6 ms. Found 0 Redis repository interfaces.
2025-02-13 02:40:54.607 [INFO] [main] [o.s.b.w.e.tomcat.TomcatWebServer] - Tomcat initialized with port 8080 (http)
2025-02-13 02:40:54.624 [INFO] [main] [o.a.coyote.http11.Http11NioProtocol] - Initializing ProtocolHandler ["http-nio-8080"]
2025-02-13 02:40:54.626 [INFO] [main] [o.a.catalina.core.StandardService] - Starting service [Tomcat]
2025-02-13 02:40:54.627 [INFO] [main] [o.a.catalina.core.StandardEngine] - Starting Servlet engine: [Apache Tomcat/10.1.33]
2025-02-13 02:40:54.700 [INFO] [main] [o.a.c.c.C.[Tomcat].[localhost].[/]] - Initializing Spring embedded WebApplicationContext
2025-02-13 02:40:54.700 [INFO] [main] [o.s.b.w.s.c.ServletWebServerApplicationContext] - Root WebApplicationContext: initialization completed in 1693 ms
2025-02-13 02:40:54.848 [INFO] [main] [o.h.jpa.internal.util.LogHelper] - HHH000204: Processing PersistenceUnitInfo [name: default]
2025-02-13 02:40:54.910 [INFO] [main] [org.hibernate.Version] - HHH000412: Hibernate ORM core version 6.6.2.Final
2025-02-13 02:40:54.947 [INFO] [main] [o.h.c.i.RegionFactoryInitiator] - HHH000026: Second-level cache disabled
2025-02-13 02:40:55.222 [INFO] [main] [o.s.o.j.p.SpringPersistenceUnitInfo] - No LoadTimeWeaver setup: ignoring JPA class transformer
2025-02-13 02:40:55.257 [INFO] [main] [com.zaxxer.hikari.HikariDataSource] - HikariPool-1 - Starting...
2025-02-13 02:40:57.600 [INFO] [main] [com.zaxxer.hikari.pool.HikariPool] - HikariPool-1 - Added connection com.mysql.cj.jdbc.ConnectionImpl@608f310a
2025-02-13 02:40:57.603 [INFO] [main] [com.zaxxer.hikari.HikariDataSource] - HikariPool-1 - Start completed.
2025-02-13 02:40:57.936 [INFO] [main] [o.hibernate.orm.connections.pooling] - HHH10001005: Database info:
	Database JDBC URL [Connecting through datasource 'HikariDataSource (HikariPool-1)']
	Database driver: undefined/unknown
	Database version: 8.0.40
	Autocommit mode: undefined/unknown
	Isolation level: undefined/unknown
	Minimum pool size: undefined/unknown
	Maximum pool size: undefined/unknown
2025-02-13 02:40:58.662 [INFO] [main] [o.h.e.t.j.p.i.JtaPlatformInitiator] - HHH000489: No JTA platform available (set 'hibernate.transaction.jta.platform' to enable JTA platform integration)
2025-02-13 02:40:59.147 [INFO] [main] [o.s.o.j.LocalContainerEntityManagerFactoryBean] - Initialized JPA EntityManagerFactory for persistence unit 'default'
2025-02-13 02:41:00.148 [INFO] [main] [org.mongodb.driver.client] - MongoClient with metadata {"application": {"name": "springBoot"}, "driver": {"name": "mongo-java-driver|sync|spring-boot", "version": "5.2.1"}, "os": {"type": "Windows", "name": "Windows 10", "architecture": "amd64", "version": "10.0"}, "platform": "Java/Eclipse Adoptium/17.0.8.1+1"} created with settings MongoClientSettings{readPreference=primary, writeConcern=WriteConcern{w=majority, wTimeout=null ms, journal=null}, retryWrites=true, retryReads=true, readConcern=ReadConcern{level=null}, credential=MongoCredential{mechanism=null, userName='springboot_user', source='admin', password=<hidden>, mechanismProperties=<hidden>}, transportSettings=null, commandListeners=[], codecRegistry=ProvidersCodecRegistry{codecProviders=[ValueCodecProvider{}, BsonValueCodecProvider{}, DBRefCodecProvider{}, DBObjectCodecProvider{}, DocumentCodecProvider{}, CollectionCodecProvider{}, IterableCodecProvider{}, MapCodecProvider{}, GeoJsonCodecProvider{}, GridFSFileCodecProvider{}, Jsr310CodecProvider{}, JsonObjectCodecProvider{}, BsonCodecProvider{}, EnumCodecProvider{}, com.mongodb.client.model.mql.ExpressionCodecProvider@3725242e, com.mongodb.Jep395RecordCodecProvider@6860c000, com.mongodb.KotlinCodecProvider@3f4fd0dc]}, loggerSettings=LoggerSettings{maxDocumentLength=1000}, clusterSettings={hosts=[127.0.0.1:27017], srvHost=springboot.jbtz1.mongodb.net, srvServiceName=mongodb, mode=MULTIPLE, requiredClusterType=REPLICA_SET, requiredReplicaSetName='atlas-34cgmx-shard-0', serverSelector='null', clusterListeners='[]', serverSelectionTimeout='30000 ms', localThreshold='15 ms'}, socketSettings=SocketSettings{connectTimeoutMS=10000, readTimeoutMS=0, receiveBufferSize=0, proxySettings=ProxySettings{host=null, port=null, username=null, password=null}}, heartbeatSocketSettings=SocketSettings{connectTimeoutMS=10000, readTimeoutMS=10000, receiveBufferSize=0, proxySettings=ProxySettings{host=null, port=null, username=null, password=null}}, connectionPoolSettings=ConnectionPoolSettings{maxSize=100, minSize=0, maxWaitTimeMS=120000, maxConnectionLifeTimeMS=0, maxConnectionIdleTimeMS=0, maintenanceInitialDelayMS=0, maintenanceFrequencyMS=60000, connectionPoolListeners=[], maxConnecting=2}, serverSettings=ServerSettings{heartbeatFrequencyMS=10000, minHeartbeatFrequencyMS=500, serverMonitoringMode=AUTO, serverListeners='[]', serverMonitorListeners='[]'}, sslSettings=SslSettings{enabled=true, invalidHostNameAllowed=false, context=null}, applicationName='springBoot', compressorList=[], uuidRepresentation=JAVA_LEGACY, serverApi=null, autoEncryptionSettings=null, dnsClient=null, inetAddressResolver=null, contextProvider=null, timeoutMS=null}
2025-02-13 02:41:00.388 [INFO] [main] [o.s.s.c.a.a.c.InitializeUserDetailsBeanManagerConfigurer$InitializeUserDetailsManagerConfigurer] - Global AuthenticationManager configured with UserDetailsService bean with name customUserDetailsService
2025-02-13 02:41:00.405 [INFO] [cluster-ClusterId{value='67acdd2c132245067e63eefc', description='springBoot'}-srv-springboot.jbtz1.mongodb.net] [org.mongodb.driver.cluster] - Adding discovered server springboot-shard-00-00.jbtz1.mongodb.net:27017 to client view of cluster
2025-02-13 02:41:00.432 [INFO] [cluster-ClusterId{value='67acdd2c132245067e63eefc', description='springBoot'}-srv-springboot.jbtz1.mongodb.net] [org.mongodb.driver.cluster] - Adding discovered server springboot-shard-00-02.jbtz1.mongodb.net:27017 to client view of cluster
2025-02-13 02:41:00.434 [INFO] [cluster-ClusterId{value='67acdd2c132245067e63eefc', description='springBoot'}-srv-springboot.jbtz1.mongodb.net] [org.mongodb.driver.cluster] - Adding discovered server springboot-shard-00-01.jbtz1.mongodb.net:27017 to client view of cluster
2025-02-13 02:41:00.955 [INFO] [main] [o.a.coyote.http11.Http11NioProtocol] - Starting ProtocolHandler ["http-nio-8080"]
2025-02-13 02:41:00.971 [INFO] [main] [o.s.b.w.e.tomcat.TomcatWebServer] - Tomcat started on port 8080 (http) with context path '/'
2025-02-13 02:41:00.981 [INFO] [main] [c.K.S.SpringBootJpaApplication] - Started SpringBootJpaApplication in 8.556 seconds (process running for 8.917)
2025-02-13 02:41:01.376 [INFO] [cluster-ClusterId{value='67acdd2c132245067e63eefc', description='springBoot'}-springboot-shard-00-00.jbtz1.mongodb.net:27017] [org.mongodb.driver.cluster] - Monitor thread successfully connected to server with description ServerDescription{address=springboot-shard-00-00.jbtz1.mongodb.net:27017, type=REPLICA_SET_SECONDARY, cryptd=false, state=CONNECTED, ok=true, minWireVersion=0, maxWireVersion=25, maxDocumentSize=16777216, logicalSessionTimeoutMinutes=30, roundTripTimeNanos=557902400, minRoundTripTimeNanos=0, setName='atlas-34cgmx-shard-0', canonicalAddress=springboot-shard-00-00.jbtz1.mongodb.net:27017, hosts=[springboot-shard-00-00.jbtz1.mongodb.net:27017, springboot-shard-00-01.jbtz1.mongodb.net:27017, springboot-shard-00-02.jbtz1.mongodb.net:27017], passives=[], arbiters=[], primary='springboot-shard-00-02.jbtz1.mongodb.net:27017', tagSet=TagSet{[Tag{name='availabilityZone', value='apne2-az1'}, Tag{name='diskState', value='READY'}, Tag{name='nodeType', value='ELECTABLE'}, Tag{name='provider', value='AWS'}, Tag{name='region', value='AP_NORTHEAST_2'}, Tag{name='workloadType', value='OPERATIONAL'}]}, electionId=null, setVersion=6, topologyVersion=TopologyVersion{processId=67aa361acbc09515c4fb8454, counter=4}, lastWriteDate=Thu Feb 13 02:41:01 KST 2025, lastUpdateTimeNanos=9231329718300}
2025-02-13 02:41:01.376 [INFO] [cluster-ClusterId{value='67acdd2c132245067e63eefc', description='springBoot'}-springboot-shard-00-02.jbtz1.mongodb.net:27017] [org.mongodb.driver.cluster] - Monitor thread successfully connected to server with description ServerDescription{address=springboot-shard-00-02.jbtz1.mongodb.net:27017, type=REPLICA_SET_PRIMARY, cryptd=false, state=CONNECTED, ok=true, minWireVersion=0, maxWireVersion=25, maxDocumentSize=16777216, logicalSessionTimeoutMinutes=30, roundTripTimeNanos=580027500, minRoundTripTimeNanos=0, setName='atlas-34cgmx-shard-0', canonicalAddress=springboot-shard-00-02.jbtz1.mongodb.net:27017, hosts=[springboot-shard-00-00.jbtz1.mongodb.net:27017, springboot-shard-00-01.jbtz1.mongodb.net:27017, springboot-shard-00-02.jbtz1.mongodb.net:27017], passives=[], arbiters=[], primary='springboot-shard-00-02.jbtz1.mongodb.net:27017', tagSet=TagSet{[Tag{name='availabilityZone', value='apne2-az2'}, Tag{name='diskState', value='READY'}, Tag{name='nodeType', value='ELECTABLE'}, Tag{name='provider', value='AWS'}, Tag{name='region', value='AP_NORTHEAST_2'}, Tag{name='workloadType', value='OPERATIONAL'}]}, electionId=7fffffff0000000000000077, setVersion=6, topologyVersion=TopologyVersion{processId=67aa393726d2ac28bbe33060, counter=6}, lastWriteDate=Thu Feb 13 02:41:01 KST 2025, lastUpdateTimeNanos=9231329718200}
2025-02-13 02:41:01.381 [INFO] [cluster-ClusterId{value='67acdd2c132245067e63eefc', description='springBoot'}-springboot-shard-00-02.jbtz1.mongodb.net:27017] [org.mongodb.driver.cluster] - Discovered replica set primary springboot-shard-00-02.jbtz1.mongodb.net:27017 with max election id 7fffffff0000000000000077 and max set version 6
2025-02-13 02:41:01.385 [INFO] [cluster-ClusterId{value='67acdd2c132245067e63eefc', description='springBoot'}-springboot-shard-00-01.jbtz1.mongodb.net:27017] [org.mongodb.driver.cluster] - Monitor thread successfully connected to server with description ServerDescription{address=springboot-shard-00-01.jbtz1.mongodb.net:27017, type=REPLICA_SET_SECONDARY, cryptd=false, state=CONNECTED, ok=true, minWireVersion=0, maxWireVersion=25, maxDocumentSize=16777216, logicalSessionTimeoutMinutes=30, roundTripTimeNanos=580027600, minRoundTripTimeNanos=0, setName='atlas-34cgmx-shard-0', canonicalAddress=springboot-shard-00-01.jbtz1.mongodb.net:27017, hosts=[springboot-shard-00-00.jbtz1.mongodb.net:27017, springboot-shard-00-01.jbtz1.mongodb.net:27017, springboot-shard-00-02.jbtz1.mongodb.net:27017], passives=[], arbiters=[], primary='springboot-shard-00-02.jbtz1.mongodb.net:27017', tagSet=TagSet{[Tag{name='availabilityZone', value='apne2-az3'}, Tag{name='diskState', value='READY'}, Tag{name='nodeType', value='ELECTABLE'}, Tag{name='provider', value='AWS'}, Tag{name='region', value='AP_NORTHEAST_2'}, Tag{name='workloadType', value='OPERATIONAL'}]}, electionId=null, setVersion=6, topologyVersion=TopologyVersion{processId=67aa3c4da9419ebb1f9cf1a2, counter=3}, lastWriteDate=Thu Feb 13 02:41:01 KST 2025, lastUpdateTimeNanos=9231329719900}
