2025-02-01 02:12:34.999 [INFO] [background-preinit] [o.h.validator.internal.util.Version] - HV000001: Hibernate Validator 8.0.1.Final
2025-02-01 02:12:35.076 [INFO] [main] [c.K.S.SpringBootJpaApplication] - Starting SpringBootJpaApplication using Java 17.0.8.1 with PID 15236 (C:\Users\KANG\Desktop\Self-study\Spring_Boot\Jpa\SpringBootTaco\build\classes\java\main started by KANG in C:\Users\KANG\Desktop\Self-study\Spring_Boot\Jpa\SpringBootTaco)
2025-02-01 02:12:35.078 [INFO] [main] [c.K.S.SpringBootJpaApplication] - No active profile set, falling back to 1 default profile: "default"
2025-02-01 02:12:35.982 [INFO] [main] [o.s.d.r.c.RepositoryConfigurationDelegate] - Multiple Spring Data modules found, entering strict repository configuration mode
2025-02-01 02:12:35.984 [INFO] [main] [o.s.d.r.c.RepositoryConfigurationDelegate] - Bootstrapping Spring Data JPA repositories in DEFAULT mode.
2025-02-01 02:12:36.034 [INFO] [main] [o.s.d.r.c.RepositoryConfigurationExtensionSupport] - Spring Data JPA - Could not safely identify store assignment for repository candidate interface com.Kang.SpringBoot_Jpa.mongorepo.ApplicationRepository; If you want this repository to be a JPA repository, consider annotating your entities with one of these annotations: jakarta.persistence.Entity, jakarta.persistence.MappedSuperclass (preferred), or consider extending one of the following types with your repository: org.springframework.data.jpa.repository.JpaRepository
2025-02-01 02:12:36.036 [INFO] [main] [o.s.d.r.c.RepositoryConfigurationExtensionSupport] - Spring Data JPA - Could not safely identify store assignment for repository candidate interface com.Kang.SpringBoot_Jpa.mongorepo.ProjectRepository; If you want this repository to be a JPA repository, consider annotating your entities with one of these annotations: jakarta.persistence.Entity, jakarta.persistence.MappedSuperclass (preferred), or consider extending one of the following types with your repository: org.springframework.data.jpa.repository.JpaRepository
2025-02-01 02:12:36.037 [INFO] [main] [o.s.d.r.c.RepositoryConfigurationExtensionSupport] - Spring Data JPA - Could not safely identify store assignment for repository candidate interface com.Kang.SpringBoot_Jpa.mongorepo.SessionRepository; If you want this repository to be a JPA repository, consider annotating your entities with one of these annotations: jakarta.persistence.Entity, jakarta.persistence.MappedSuperclass (preferred), or consider extending one of the following types with your repository: org.springframework.data.jpa.repository.JpaRepository
2025-02-01 02:12:36.164 [INFO] [main] [o.s.d.r.c.RepositoryConfigurationDelegate] - Finished Spring Data repository scanning in 171 ms. Found 1 JPA repository interface.
2025-02-01 02:12:36.195 [INFO] [main] [o.s.d.r.c.RepositoryConfigurationDelegate] - Multiple Spring Data modules found, entering strict repository configuration mode
2025-02-01 02:12:36.196 [INFO] [main] [o.s.d.r.c.RepositoryConfigurationDelegate] - Bootstrapping Spring Data MongoDB repositories in DEFAULT mode.
2025-02-01 02:12:36.205 [INFO] [main] [o.s.d.r.c.RepositoryConfigurationExtensionSupport] - Spring Data MongoDB - Could not safely identify store assignment for repository candidate interface com.Kang.SpringBoot_Jpa.repository.UserRepository; If you want this repository to be a MongoDB repository, consider annotating your entities with one of these annotations: org.springframework.data.mongodb.core.mapping.Document (preferred), or consider extending one of the following types with your repository: org.springframework.data.mongodb.repository.MongoRepository
2025-02-01 02:12:36.211 [INFO] [main] [o.s.d.r.c.RepositoryConfigurationDelegate] - Finished Spring Data repository scanning in 14 ms. Found 3 MongoDB repository interfaces.
2025-02-01 02:12:36.224 [INFO] [main] [o.s.d.r.c.RepositoryConfigurationDelegate] - Multiple Spring Data modules found, entering strict repository configuration mode
2025-02-01 02:12:36.225 [INFO] [main] [o.s.d.r.c.RepositoryConfigurationDelegate] - Bootstrapping Spring Data Redis repositories in DEFAULT mode.
2025-02-01 02:12:36.240 [INFO] [main] [o.s.d.r.c.RepositoryConfigurationExtensionSupport] - Spring Data Redis - Could not safely identify store assignment for repository candidate interface com.Kang.SpringBoot_Jpa.mongorepo.ApplicationRepository; If you want this repository to be a Redis repository, consider annotating your entities with one of these annotations: org.springframework.data.redis.core.RedisHash (preferred), or consider extending one of the following types with your repository: org.springframework.data.keyvalue.repository.KeyValueRepository
2025-02-01 02:12:36.240 [INFO] [main] [o.s.d.r.c.RepositoryConfigurationExtensionSupport] - Spring Data Redis - Could not safely identify store assignment for repository candidate interface com.Kang.SpringBoot_Jpa.mongorepo.ProjectRepository; If you want this repository to be a Redis repository, consider annotating your entities with one of these annotations: org.springframework.data.redis.core.RedisHash (preferred), or consider extending one of the following types with your repository: org.springframework.data.keyvalue.repository.KeyValueRepository
2025-02-01 02:12:36.240 [INFO] [main] [o.s.d.r.c.RepositoryConfigurationExtensionSupport] - Spring Data Redis - Could not safely identify store assignment for repository candidate interface com.Kang.SpringBoot_Jpa.mongorepo.SessionRepository; If you want this repository to be a Redis repository, consider annotating your entities with one of these annotations: org.springframework.data.redis.core.RedisHash (preferred), or consider extending one of the following types with your repository: org.springframework.data.keyvalue.repository.KeyValueRepository
2025-02-01 02:12:36.240 [INFO] [main] [o.s.d.r.c.RepositoryConfigurationExtensionSupport] - Spring Data Redis - Could not safely identify store assignment for repository candidate interface com.Kang.SpringBoot_Jpa.repository.UserRepository; If you want this repository to be a Redis repository, consider annotating your entities with one of these annotations: org.springframework.data.redis.core.RedisHash (preferred), or consider extending one of the following types with your repository: org.springframework.data.keyvalue.repository.KeyValueRepository
2025-02-01 02:12:36.240 [INFO] [main] [o.s.d.r.c.RepositoryConfigurationDelegate] - Finished Spring Data repository scanning in 6 ms. Found 0 Redis repository interfaces.
2025-02-01 02:12:36.940 [INFO] [main] [o.s.b.w.e.tomcat.TomcatWebServer] - Tomcat initialized with port 8080 (http)
2025-02-01 02:12:36.952 [INFO] [main] [o.a.coyote.http11.Http11NioProtocol] - Initializing ProtocolHandler ["http-nio-8080"]
2025-02-01 02:12:36.954 [INFO] [main] [o.a.catalina.core.StandardService] - Starting service [Tomcat]
2025-02-01 02:12:36.954 [INFO] [main] [o.a.catalina.core.StandardEngine] - Starting Servlet engine: [Apache Tomcat/10.1.33]
2025-02-01 02:12:37.034 [INFO] [main] [o.a.c.c.C.[Tomcat].[localhost].[/]] - Initializing Spring embedded WebApplicationContext
2025-02-01 02:12:37.035 [INFO] [main] [o.s.b.w.s.c.ServletWebServerApplicationContext] - Root WebApplicationContext: initialization completed in 1904 ms
2025-02-01 02:12:37.221 [INFO] [main] [o.h.jpa.internal.util.LogHelper] - HHH000204: Processing PersistenceUnitInfo [name: default]
2025-02-01 02:12:37.302 [INFO] [main] [org.hibernate.Version] - HHH000412: Hibernate ORM core version 6.6.2.Final
2025-02-01 02:12:37.347 [INFO] [main] [o.h.c.i.RegionFactoryInitiator] - HHH000026: Second-level cache disabled
2025-02-01 02:12:37.686 [INFO] [main] [o.s.o.j.p.SpringPersistenceUnitInfo] - No LoadTimeWeaver setup: ignoring JPA class transformer
2025-02-01 02:12:37.720 [INFO] [main] [com.zaxxer.hikari.HikariDataSource] - HikariPool-1 - Starting...
2025-02-01 02:12:38.026 [INFO] [main] [com.zaxxer.hikari.pool.HikariPool] - HikariPool-1 - Added connection com.mysql.cj.jdbc.ConnectionImpl@43ee1cf7
2025-02-01 02:12:38.028 [INFO] [main] [com.zaxxer.hikari.HikariDataSource] - HikariPool-1 - Start completed.
2025-02-01 02:12:38.119 [INFO] [main] [o.hibernate.orm.connections.pooling] - HHH10001005: Database info:
	Database JDBC URL [Connecting through datasource 'HikariDataSource (HikariPool-1)']
	Database driver: undefined/unknown
	Database version: 8.0.39
	Autocommit mode: undefined/unknown
	Isolation level: undefined/unknown
	Minimum pool size: undefined/unknown
	Maximum pool size: undefined/unknown
2025-02-01 02:12:38.918 [INFO] [main] [o.h.e.t.j.p.i.JtaPlatformInitiator] - HHH000489: No JTA platform available (set 'hibernate.transaction.jta.platform' to enable JTA platform integration)
2025-02-01 02:12:38.972 [INFO] [main] [o.s.o.j.LocalContainerEntityManagerFactoryBean] - Initialized JPA EntityManagerFactory for persistence unit 'default'
2025-02-01 02:12:39.846 [INFO] [main] [org.mongodb.driver.client] - MongoClient with metadata {"driver": {"name": "mongo-java-driver|sync|spring-boot", "version": "5.2.1"}, "os": {"type": "Windows", "name": "Windows 10", "architecture": "amd64", "version": "10.0"}, "platform": "Java/Eclipse Adoptium/17.0.8.1+1"} created with settings MongoClientSettings{readPreference=primary, writeConcern=WriteConcern{w=null, wTimeout=null ms, journal=null}, retryWrites=true, retryReads=true, readConcern=ReadConcern{level=null}, credential=null, transportSettings=null, commandListeners=[], codecRegistry=ProvidersCodecRegistry{codecProviders=[ValueCodecProvider{}, BsonValueCodecProvider{}, DBRefCodecProvider{}, DBObjectCodecProvider{}, DocumentCodecProvider{}, CollectionCodecProvider{}, IterableCodecProvider{}, MapCodecProvider{}, GeoJsonCodecProvider{}, GridFSFileCodecProvider{}, Jsr310CodecProvider{}, JsonObjectCodecProvider{}, BsonCodecProvider{}, EnumCodecProvider{}, com.mongodb.client.model.mql.ExpressionCodecProvider@22b581a5, com.mongodb.Jep395RecordCodecProvider@3a917e07, com.mongodb.KotlinCodecProvider@63019596]}, loggerSettings=LoggerSettings{maxDocumentLength=1000}, clusterSettings={hosts=[localhost:27017], srvServiceName=mongodb, mode=SINGLE, requiredClusterType=UNKNOWN, requiredReplicaSetName='null', serverSelector='null', clusterListeners='[]', serverSelectionTimeout='30000 ms', localThreshold='15 ms'}, socketSettings=SocketSettings{connectTimeoutMS=10000, readTimeoutMS=0, receiveBufferSize=0, proxySettings=ProxySettings{host=null, port=null, username=null, password=null}}, heartbeatSocketSettings=SocketSettings{connectTimeoutMS=10000, readTimeoutMS=10000, receiveBufferSize=0, proxySettings=ProxySettings{host=null, port=null, username=null, password=null}}, connectionPoolSettings=ConnectionPoolSettings{maxSize=100, minSize=0, maxWaitTimeMS=120000, maxConnectionLifeTimeMS=0, maxConnectionIdleTimeMS=0, maintenanceInitialDelayMS=0, maintenanceFrequencyMS=60000, connectionPoolListeners=[], maxConnecting=2}, serverSettings=ServerSettings{heartbeatFrequencyMS=10000, minHeartbeatFrequencyMS=500, serverMonitoringMode=AUTO, serverListeners='[]', serverMonitorListeners='[]'}, sslSettings=SslSettings{enabled=false, invalidHostNameAllowed=false, context=null}, applicationName='null', compressorList=[], uuidRepresentation=JAVA_LEGACY, serverApi=null, autoEncryptionSettings=null, dnsClient=null, inetAddressResolver=null, contextProvider=null, timeoutMS=null}
2025-02-01 02:12:39.861 [INFO] [cluster-ClusterId{value='679d048764756a5a84f37056', description='null'}-localhost:27017] [org.mongodb.driver.cluster] - Monitor thread successfully connected to server with description ServerDescription{address=localhost:27017, type=STANDALONE, cryptd=false, state=CONNECTED, ok=true, minWireVersion=0, maxWireVersion=25, maxDocumentSize=16777216, logicalSessionTimeoutMinutes=30, roundTripTimeNanos=23526700, minRoundTripTimeNanos=0}
2025-02-01 02:12:40.144 [INFO] [main] [o.s.s.c.a.a.c.InitializeUserDetailsBeanManagerConfigurer$InitializeUserDetailsManagerConfigurer] - Global AuthenticationManager configured with UserDetailsService bean with name customUserDetailsService
2025-02-01 02:12:40.235 [INFO] [main] [o.s.b.a.w.s.WelcomePageHandlerMapping] - Adding welcome page template: index
2025-02-01 02:12:40.763 [INFO] [main] [o.a.coyote.http11.Http11NioProtocol] - Starting ProtocolHandler ["http-nio-8080"]
2025-02-01 02:12:40.782 [INFO] [main] [o.s.b.w.e.tomcat.TomcatWebServer] - Tomcat started on port 8080 (http) with context path '/'
2025-02-01 02:12:40.791 [INFO] [main] [c.K.S.SpringBootJpaApplication] - Started SpringBootJpaApplication in 6.343 seconds (process running for 6.746)
2025-02-01 02:15:45.162 [INFO] [http-nio-8080-exec-1] [o.a.c.c.C.[Tomcat].[localhost].[/]] - Initializing Spring DispatcherServlet 'dispatcherServlet'
2025-02-01 02:15:45.162 [INFO] [http-nio-8080-exec-1] [o.s.web.servlet.DispatcherServlet] - Initializing Servlet 'dispatcherServlet'
2025-02-01 02:15:45.164 [INFO] [http-nio-8080-exec-1] [o.s.web.servlet.DispatcherServlet] - Completed initialization in 1 ms
2025-02-01 02:15:45.208 [INFO] [http-nio-8080-exec-1] [c.K.S.controller.AdminController] - Admin page accessed by IP: 0:0:0:0:0:0:0:1
2025-02-01 02:16:01.155 [INFO] [http-nio-8080-exec-7] [c.K.S.controller.AccountController] - Login page accessed by IP: 0:0:0:0:0:0:0:1
2025-02-01 02:16:15.719 [INFO] [http-nio-8080-exec-10] [c.K.SpringBoot_Jpa.jwt.LoginFilter] - Successful login by user: adminKang from IP: 0:0:0:0:0:0:0:1
2025-02-01 02:17:28.641 [INFO] [http-nio-8080-exec-2] [c.K.S.controller.AdminController] - Admin page accessed by IP: 0:0:0:0:0:0:0:1
2025-02-01 02:17:30.421 [INFO] [http-nio-8080-exec-9] [c.K.S.controller.AdminController] - Admin project page accessed by IP: 0:0:0:0:0:0:0:1
2025-02-01 02:17:32.915 [INFO] [http-nio-8080-exec-5] [c.K.S.controller.AdminController] - Admin write project page accessed by IP: 0:0:0:0:0:0:0:1
2025-02-01 02:17:52.699 [INFO] [http-nio-8080-exec-6] [c.K.S.service.FileService] - File pre-upload successful: FileName=chrome_screenshot_www.youtube.com (11).png, FilePath=C:/Users/KANG/Desktop/Self-study/Spring_Boot/Test/temp/b9702ea8-34a9-4866-bafb-f36132cb35c2_chrome_screenshot_www.youtube.com (11).png
2025-02-01 02:18:12.907 [INFO] [http-nio-8080-exec-7] [c.K.S.service.FileService] - File pre-upload successful: FileName=chrome_screenshot_www.youtube.com.png, FilePath=C:/Users/KANG/Desktop/Self-study/Spring_Boot/Test/temp/fcd977d7-998d-4bc8-9c87-4a24ca11aa89_chrome_screenshot_www.youtube.com.png
2025-02-01 02:19:18.056 [INFO] [http-nio-8080-exec-1] [c.K.S.service.FileService] - File pre-upload successful: FileName=chrome_screenshot_www.youtube.com (27).png, FilePath=C:/Users/KANG/Desktop/Self-study/Spring_Boot/Test/temp/68696630-82e0-4c6b-901f-014484ab68b2_chrome_screenshot_www.youtube.com (27).png
2025-02-01 02:19:41.311 [INFO] [http-nio-8080-exec-5] [c.K.S.service.FileService] - File pre-upload successful: FileName=포트포워딩 관리2.PNG, FilePath=C:/Users/KANG/Desktop/Self-study/Spring_Boot/Test/temp/bc015f66-6bb1-40c3-ac14-4745b1e06207_포트포워딩 관리2.PNG
2025-02-01 02:19:56.949 [INFO] [http-nio-8080-exec-4] [c.K.S.service.FileService] - File real-upload successful: FileName=b9702ea8-34a9-4866-bafb-f36132cb35c2_chrome_screenshot_www.youtube.com (11).png, FilePath=C:/Users/KANG/Desktop/Self-study/Spring_Boot/Test/real/b9702ea8-34a9-4866-bafb-f36132cb35c2_chrome_screenshot_www.youtube.com (11).png
2025-02-01 02:19:56.949 [INFO] [http-nio-8080-exec-4] [c.K.S.service.AdminService] - Successfully uploaded thumbnail: C:/Users/KANG/Desktop/Self-study/Spring_Boot/Test/temp/b9702ea8-34a9-4866-bafb-f36132cb35c2_chrome_screenshot_www.youtube.com (11).png to C:/Users/KANG/Desktop/Self-study/Spring_Boot/Test/real/b9702ea8-34a9-4866-bafb-f36132cb35c2_chrome_screenshot_www.youtube.com (11).png
2025-02-01 02:19:56.951 [INFO] [http-nio-8080-exec-4] [c.K.S.service.FileService] - File real-upload successful: FileName=68696630-82e0-4c6b-901f-014484ab68b2_chrome_screenshot_www.youtube.com (27).png, FilePath=C:/Users/KANG/Desktop/Self-study/Spring_Boot/Test/real/68696630-82e0-4c6b-901f-014484ab68b2_chrome_screenshot_www.youtube.com (27).png
2025-02-01 02:19:56.951 [INFO] [http-nio-8080-exec-4] [c.K.S.service.AdminService] - Successfully uploaded attachment: C:/Users/KANG/Desktop/Self-study/Spring_Boot/Test/temp/68696630-82e0-4c6b-901f-014484ab68b2_chrome_screenshot_www.youtube.com (27).png to C:/Users/KANG/Desktop/Self-study/Spring_Boot/Test/real/68696630-82e0-4c6b-901f-014484ab68b2_chrome_screenshot_www.youtube.com (27).png
2025-02-01 02:19:56.952 [INFO] [http-nio-8080-exec-4] [c.K.S.service.FileService] - File real-upload successful: FileName=bc015f66-6bb1-40c3-ac14-4745b1e06207_포트포워딩 관리2.PNG, FilePath=C:/Users/KANG/Desktop/Self-study/Spring_Boot/Test/real/bc015f66-6bb1-40c3-ac14-4745b1e06207_포트포워딩 관리2.PNG
2025-02-01 02:19:56.953 [INFO] [http-nio-8080-exec-4] [c.K.S.service.AdminService] - Successfully uploaded attachment: C:/Users/KANG/Desktop/Self-study/Spring_Boot/Test/temp/bc015f66-6bb1-40c3-ac14-4745b1e06207_포트포워딩 관리2.PNG to C:/Users/KANG/Desktop/Self-study/Spring_Boot/Test/real/bc015f66-6bb1-40c3-ac14-4745b1e06207_포트포워딩 관리2.PNG
2025-02-01 02:19:57.015 [INFO] [http-nio-8080-exec-4] [c.K.S.service.AdminService] - Successfully saved project: Title=2기 test Project, id=adminKang
2025-02-01 02:19:57.889 [INFO] [http-nio-8080-exec-2] [c.K.S.controller.AdminController] - Admin project page accessed by IP: 0:0:0:0:0:0:0:1
2025-02-01 02:22:06.290 [INFO] [http-nio-8080-exec-6] [c.K.S.controller.AdminController] - Admin page accessed by IP: 0:0:0:0:0:0:0:1
2025-02-01 02:22:08.027 [INFO] [http-nio-8080-exec-8] [c.K.S.controller.AdminController] - Admin project page accessed by IP: 0:0:0:0:0:0:0:1
2025-02-01 02:23:40.744 [INFO] [http-nio-8080-exec-5] [c.K.S.controller.AdminController] - Admin page accessed by IP: 0:0:0:0:0:0:0:1
2025-02-01 02:23:42.369 [INFO] [http-nio-8080-exec-3] [c.K.S.controller.AdminController] - Admin project page accessed by IP: 0:0:0:0:0:0:0:1
2025-02-01 02:55:37.011 [INFO] [background-preinit] [o.h.validator.internal.util.Version] - HV000001: Hibernate Validator 8.0.1.Final
2025-02-01 02:55:37.084 [INFO] [main] [c.K.S.SpringBootJpaApplication] - Starting SpringBootJpaApplication using Java 17.0.8.1 with PID 18672 (C:\Users\KANG\Desktop\Self-study\Spring_Boot\Jpa\SpringBootTaco\build\classes\java\main started by KANG in C:\Users\KANG\Desktop\Self-study\Spring_Boot\Jpa\SpringBootTaco)
2025-02-01 02:55:37.085 [INFO] [main] [c.K.S.SpringBootJpaApplication] - No active profile set, falling back to 1 default profile: "default"
2025-02-01 02:55:37.951 [INFO] [main] [o.s.d.r.c.RepositoryConfigurationDelegate] - Multiple Spring Data modules found, entering strict repository configuration mode
2025-02-01 02:55:37.953 [INFO] [main] [o.s.d.r.c.RepositoryConfigurationDelegate] - Bootstrapping Spring Data JPA repositories in DEFAULT mode.
2025-02-01 02:55:38.012 [INFO] [main] [o.s.d.r.c.RepositoryConfigurationExtensionSupport] - Spring Data JPA - Could not safely identify store assignment for repository candidate interface com.Kang.SpringBoot_Jpa.mongorepo.ApplicationRepository; If you want this repository to be a JPA repository, consider annotating your entities with one of these annotations: jakarta.persistence.Entity, jakarta.persistence.MappedSuperclass (preferred), or consider extending one of the following types with your repository: org.springframework.data.jpa.repository.JpaRepository
2025-02-01 02:55:38.016 [INFO] [main] [o.s.d.r.c.RepositoryConfigurationExtensionSupport] - Spring Data JPA - Could not safely identify store assignment for repository candidate interface com.Kang.SpringBoot_Jpa.mongorepo.ProjectRepository; If you want this repository to be a JPA repository, consider annotating your entities with one of these annotations: jakarta.persistence.Entity, jakarta.persistence.MappedSuperclass (preferred), or consider extending one of the following types with your repository: org.springframework.data.jpa.repository.JpaRepository
2025-02-01 02:55:38.019 [INFO] [main] [o.s.d.r.c.RepositoryConfigurationExtensionSupport] - Spring Data JPA - Could not safely identify store assignment for repository candidate interface com.Kang.SpringBoot_Jpa.mongorepo.SessionRepository; If you want this repository to be a JPA repository, consider annotating your entities with one of these annotations: jakarta.persistence.Entity, jakarta.persistence.MappedSuperclass (preferred), or consider extending one of the following types with your repository: org.springframework.data.jpa.repository.JpaRepository
2025-02-01 02:55:38.138 [INFO] [main] [o.s.d.r.c.RepositoryConfigurationDelegate] - Finished Spring Data repository scanning in 171 ms. Found 1 JPA repository interface.
2025-02-01 02:55:38.167 [INFO] [main] [o.s.d.r.c.RepositoryConfigurationDelegate] - Multiple Spring Data modules found, entering strict repository configuration mode
2025-02-01 02:55:38.167 [INFO] [main] [o.s.d.r.c.RepositoryConfigurationDelegate] - Bootstrapping Spring Data MongoDB repositories in DEFAULT mode.
2025-02-01 02:55:38.177 [INFO] [main] [o.s.d.r.c.RepositoryConfigurationExtensionSupport] - Spring Data MongoDB - Could not safely identify store assignment for repository candidate interface com.Kang.SpringBoot_Jpa.repository.UserRepository; If you want this repository to be a MongoDB repository, consider annotating your entities with one of these annotations: org.springframework.data.mongodb.core.mapping.Document (preferred), or consider extending one of the following types with your repository: org.springframework.data.mongodb.repository.MongoRepository
2025-02-01 02:55:38.185 [INFO] [main] [o.s.d.r.c.RepositoryConfigurationDelegate] - Finished Spring Data repository scanning in 16 ms. Found 3 MongoDB repository interfaces.
2025-02-01 02:55:38.197 [INFO] [main] [o.s.d.r.c.RepositoryConfigurationDelegate] - Multiple Spring Data modules found, entering strict repository configuration mode
2025-02-01 02:55:38.198 [INFO] [main] [o.s.d.r.c.RepositoryConfigurationDelegate] - Bootstrapping Spring Data Redis repositories in DEFAULT mode.
2025-02-01 02:55:38.211 [INFO] [main] [o.s.d.r.c.RepositoryConfigurationExtensionSupport] - Spring Data Redis - Could not safely identify store assignment for repository candidate interface com.Kang.SpringBoot_Jpa.mongorepo.ApplicationRepository; If you want this repository to be a Redis repository, consider annotating your entities with one of these annotations: org.springframework.data.redis.core.RedisHash (preferred), or consider extending one of the following types with your repository: org.springframework.data.keyvalue.repository.KeyValueRepository
2025-02-01 02:55:38.211 [INFO] [main] [o.s.d.r.c.RepositoryConfigurationExtensionSupport] - Spring Data Redis - Could not safely identify store assignment for repository candidate interface com.Kang.SpringBoot_Jpa.mongorepo.ProjectRepository; If you want this repository to be a Redis repository, consider annotating your entities with one of these annotations: org.springframework.data.redis.core.RedisHash (preferred), or consider extending one of the following types with your repository: org.springframework.data.keyvalue.repository.KeyValueRepository
2025-02-01 02:55:38.211 [INFO] [main] [o.s.d.r.c.RepositoryConfigurationExtensionSupport] - Spring Data Redis - Could not safely identify store assignment for repository candidate interface com.Kang.SpringBoot_Jpa.mongorepo.SessionRepository; If you want this repository to be a Redis repository, consider annotating your entities with one of these annotations: org.springframework.data.redis.core.RedisHash (preferred), or consider extending one of the following types with your repository: org.springframework.data.keyvalue.repository.KeyValueRepository
2025-02-01 02:55:38.212 [INFO] [main] [o.s.d.r.c.RepositoryConfigurationExtensionSupport] - Spring Data Redis - Could not safely identify store assignment for repository candidate interface com.Kang.SpringBoot_Jpa.repository.UserRepository; If you want this repository to be a Redis repository, consider annotating your entities with one of these annotations: org.springframework.data.redis.core.RedisHash (preferred), or consider extending one of the following types with your repository: org.springframework.data.keyvalue.repository.KeyValueRepository
2025-02-01 02:55:38.212 [INFO] [main] [o.s.d.r.c.RepositoryConfigurationDelegate] - Finished Spring Data repository scanning in 6 ms. Found 0 Redis repository interfaces.
2025-02-01 02:55:38.877 [INFO] [main] [o.s.b.w.e.tomcat.TomcatWebServer] - Tomcat initialized with port 8080 (http)
2025-02-01 02:55:38.889 [INFO] [main] [o.a.coyote.http11.Http11NioProtocol] - Initializing ProtocolHandler ["http-nio-8080"]
2025-02-01 02:55:38.891 [INFO] [main] [o.a.catalina.core.StandardService] - Starting service [Tomcat]
2025-02-01 02:55:38.891 [INFO] [main] [o.a.catalina.core.StandardEngine] - Starting Servlet engine: [Apache Tomcat/10.1.33]
2025-02-01 02:55:38.977 [INFO] [main] [o.a.c.c.C.[Tomcat].[localhost].[/]] - Initializing Spring embedded WebApplicationContext
2025-02-01 02:55:38.977 [INFO] [main] [o.s.b.w.s.c.ServletWebServerApplicationContext] - Root WebApplicationContext: initialization completed in 1845 ms
2025-02-01 02:55:39.165 [INFO] [main] [o.h.jpa.internal.util.LogHelper] - HHH000204: Processing PersistenceUnitInfo [name: default]
2025-02-01 02:55:39.238 [INFO] [main] [org.hibernate.Version] - HHH000412: Hibernate ORM core version 6.6.2.Final
2025-02-01 02:55:39.280 [INFO] [main] [o.h.c.i.RegionFactoryInitiator] - HHH000026: Second-level cache disabled
2025-02-01 02:55:39.643 [INFO] [main] [o.s.o.j.p.SpringPersistenceUnitInfo] - No LoadTimeWeaver setup: ignoring JPA class transformer
2025-02-01 02:55:39.682 [INFO] [main] [com.zaxxer.hikari.HikariDataSource] - HikariPool-1 - Starting...
2025-02-01 02:55:39.994 [INFO] [main] [com.zaxxer.hikari.pool.HikariPool] - HikariPool-1 - Added connection com.mysql.cj.jdbc.ConnectionImpl@626df173
2025-02-01 02:55:39.996 [INFO] [main] [com.zaxxer.hikari.HikariDataSource] - HikariPool-1 - Start completed.
2025-02-01 02:55:40.080 [INFO] [main] [o.hibernate.orm.connections.pooling] - HHH10001005: Database info:
	Database JDBC URL [Connecting through datasource 'HikariDataSource (HikariPool-1)']
	Database driver: undefined/unknown
	Database version: 8.0.39
	Autocommit mode: undefined/unknown
	Isolation level: undefined/unknown
	Minimum pool size: undefined/unknown
	Maximum pool size: undefined/unknown
2025-02-01 02:55:40.871 [INFO] [main] [o.h.e.t.j.p.i.JtaPlatformInitiator] - HHH000489: No JTA platform available (set 'hibernate.transaction.jta.platform' to enable JTA platform integration)
2025-02-01 02:55:40.915 [INFO] [main] [o.s.o.j.LocalContainerEntityManagerFactoryBean] - Initialized JPA EntityManagerFactory for persistence unit 'default'
2025-02-01 02:55:41.712 [INFO] [main] [org.mongodb.driver.client] - MongoClient with metadata {"driver": {"name": "mongo-java-driver|sync|spring-boot", "version": "5.2.1"}, "os": {"type": "Windows", "name": "Windows 10", "architecture": "amd64", "version": "10.0"}, "platform": "Java/Eclipse Adoptium/17.0.8.1+1"} created with settings MongoClientSettings{readPreference=primary, writeConcern=WriteConcern{w=null, wTimeout=null ms, journal=null}, retryWrites=true, retryReads=true, readConcern=ReadConcern{level=null}, credential=null, transportSettings=null, commandListeners=[], codecRegistry=ProvidersCodecRegistry{codecProviders=[ValueCodecProvider{}, BsonValueCodecProvider{}, DBRefCodecProvider{}, DBObjectCodecProvider{}, DocumentCodecProvider{}, CollectionCodecProvider{}, IterableCodecProvider{}, MapCodecProvider{}, GeoJsonCodecProvider{}, GridFSFileCodecProvider{}, Jsr310CodecProvider{}, JsonObjectCodecProvider{}, BsonCodecProvider{}, EnumCodecProvider{}, com.mongodb.client.model.mql.ExpressionCodecProvider@4d7f3adf, com.mongodb.Jep395RecordCodecProvider@394c77e2, com.mongodb.KotlinCodecProvider@20dfe8b2]}, loggerSettings=LoggerSettings{maxDocumentLength=1000}, clusterSettings={hosts=[localhost:27017], srvServiceName=mongodb, mode=SINGLE, requiredClusterType=UNKNOWN, requiredReplicaSetName='null', serverSelector='null', clusterListeners='[]', serverSelectionTimeout='30000 ms', localThreshold='15 ms'}, socketSettings=SocketSettings{connectTimeoutMS=10000, readTimeoutMS=0, receiveBufferSize=0, proxySettings=ProxySettings{host=null, port=null, username=null, password=null}}, heartbeatSocketSettings=SocketSettings{connectTimeoutMS=10000, readTimeoutMS=10000, receiveBufferSize=0, proxySettings=ProxySettings{host=null, port=null, username=null, password=null}}, connectionPoolSettings=ConnectionPoolSettings{maxSize=100, minSize=0, maxWaitTimeMS=120000, maxConnectionLifeTimeMS=0, maxConnectionIdleTimeMS=0, maintenanceInitialDelayMS=0, maintenanceFrequencyMS=60000, connectionPoolListeners=[], maxConnecting=2}, serverSettings=ServerSettings{heartbeatFrequencyMS=10000, minHeartbeatFrequencyMS=500, serverMonitoringMode=AUTO, serverListeners='[]', serverMonitorListeners='[]'}, sslSettings=SslSettings{enabled=false, invalidHostNameAllowed=false, context=null}, applicationName='null', compressorList=[], uuidRepresentation=JAVA_LEGACY, serverApi=null, autoEncryptionSettings=null, dnsClient=null, inetAddressResolver=null, contextProvider=null, timeoutMS=null}
2025-02-01 02:55:41.729 [INFO] [cluster-ClusterId{value='679d0e9d78f65962f8529163', description='null'}-localhost:27017] [org.mongodb.driver.cluster] - Monitor thread successfully connected to server with description ServerDescription{address=localhost:27017, type=STANDALONE, cryptd=false, state=CONNECTED, ok=true, minWireVersion=0, maxWireVersion=25, maxDocumentSize=16777216, logicalSessionTimeoutMinutes=30, roundTripTimeNanos=20072200, minRoundTripTimeNanos=0}
2025-02-01 02:55:42.002 [INFO] [main] [o.s.s.c.a.a.c.InitializeUserDetailsBeanManagerConfigurer$InitializeUserDetailsManagerConfigurer] - Global AuthenticationManager configured with UserDetailsService bean with name customUserDetailsService
2025-02-01 02:55:42.084 [INFO] [main] [o.s.b.a.w.s.WelcomePageHandlerMapping] - Adding welcome page template: index
2025-02-01 02:55:42.575 [INFO] [main] [o.a.coyote.http11.Http11NioProtocol] - Starting ProtocolHandler ["http-nio-8080"]
2025-02-01 02:55:42.598 [INFO] [main] [o.s.b.w.e.tomcat.TomcatWebServer] - Tomcat started on port 8080 (http) with context path '/'
2025-02-01 02:55:42.608 [INFO] [main] [c.K.S.SpringBootJpaApplication] - Started SpringBootJpaApplication in 6.135 seconds (process running for 6.531)
2025-02-01 02:55:48.903 [INFO] [http-nio-8080-exec-2] [o.a.c.c.C.[Tomcat].[localhost].[/]] - Initializing Spring DispatcherServlet 'dispatcherServlet'
2025-02-01 02:55:48.904 [INFO] [http-nio-8080-exec-2] [o.s.web.servlet.DispatcherServlet] - Initializing Servlet 'dispatcherServlet'
2025-02-01 02:55:48.905 [INFO] [http-nio-8080-exec-2] [o.s.web.servlet.DispatcherServlet] - Completed initialization in 1 ms
2025-02-01 02:55:48.943 [INFO] [http-nio-8080-exec-2] [c.K.S.controller.AdminController] - Admin page accessed by IP: 0:0:0:0:0:0:0:1
2025-02-01 02:55:50.378 [INFO] [http-nio-8080-exec-5] [c.K.S.controller.AdminController] - Admin project page accessed by IP: 0:0:0:0:0:0:0:1
2025-02-01 17:58:45.490 [INFO] [background-preinit] [o.h.validator.internal.util.Version] - HV000001: Hibernate Validator 8.0.1.Final
2025-02-01 17:58:45.577 [INFO] [main] [c.K.S.SpringBootJpaApplication] - Starting SpringBootJpaApplication using Java 17.0.8.1 with PID 9912 (C:\Users\KANG\Desktop\Self-study\Spring_Boot\Jpa\SpringBootTaco\build\classes\java\main started by KANG in C:\Users\KANG\Desktop\Self-study\Spring_Boot\Jpa\SpringBootTaco)
2025-02-01 17:58:45.578 [INFO] [main] [c.K.S.SpringBootJpaApplication] - No active profile set, falling back to 1 default profile: "default"
2025-02-01 17:58:46.500 [INFO] [main] [o.s.d.r.c.RepositoryConfigurationDelegate] - Multiple Spring Data modules found, entering strict repository configuration mode
2025-02-01 17:58:46.502 [INFO] [main] [o.s.d.r.c.RepositoryConfigurationDelegate] - Bootstrapping Spring Data JPA repositories in DEFAULT mode.
2025-02-01 17:58:46.551 [INFO] [main] [o.s.d.r.c.RepositoryConfigurationExtensionSupport] - Spring Data JPA - Could not safely identify store assignment for repository candidate interface com.Kang.SpringBoot_Jpa.mongorepo.ApplicationRepository; If you want this repository to be a JPA repository, consider annotating your entities with one of these annotations: jakarta.persistence.Entity, jakarta.persistence.MappedSuperclass (preferred), or consider extending one of the following types with your repository: org.springframework.data.jpa.repository.JpaRepository
2025-02-01 17:58:46.553 [INFO] [main] [o.s.d.r.c.RepositoryConfigurationExtensionSupport] - Spring Data JPA - Could not safely identify store assignment for repository candidate interface com.Kang.SpringBoot_Jpa.mongorepo.ProjectRepository; If you want this repository to be a JPA repository, consider annotating your entities with one of these annotations: jakarta.persistence.Entity, jakarta.persistence.MappedSuperclass (preferred), or consider extending one of the following types with your repository: org.springframework.data.jpa.repository.JpaRepository
2025-02-01 17:58:46.554 [INFO] [main] [o.s.d.r.c.RepositoryConfigurationExtensionSupport] - Spring Data JPA - Could not safely identify store assignment for repository candidate interface com.Kang.SpringBoot_Jpa.mongorepo.SessionRepository; If you want this repository to be a JPA repository, consider annotating your entities with one of these annotations: jakarta.persistence.Entity, jakarta.persistence.MappedSuperclass (preferred), or consider extending one of the following types with your repository: org.springframework.data.jpa.repository.JpaRepository
2025-02-01 17:58:46.683 [INFO] [main] [o.s.d.r.c.RepositoryConfigurationDelegate] - Finished Spring Data repository scanning in 171 ms. Found 1 JPA repository interface.
2025-02-01 17:58:46.716 [INFO] [main] [o.s.d.r.c.RepositoryConfigurationDelegate] - Multiple Spring Data modules found, entering strict repository configuration mode
2025-02-01 17:58:46.716 [INFO] [main] [o.s.d.r.c.RepositoryConfigurationDelegate] - Bootstrapping Spring Data MongoDB repositories in DEFAULT mode.
2025-02-01 17:58:46.726 [INFO] [main] [o.s.d.r.c.RepositoryConfigurationExtensionSupport] - Spring Data MongoDB - Could not safely identify store assignment for repository candidate interface com.Kang.SpringBoot_Jpa.repository.UserRepository; If you want this repository to be a MongoDB repository, consider annotating your entities with one of these annotations: org.springframework.data.mongodb.core.mapping.Document (preferred), or consider extending one of the following types with your repository: org.springframework.data.mongodb.repository.MongoRepository
2025-02-01 17:58:46.733 [INFO] [main] [o.s.d.r.c.RepositoryConfigurationDelegate] - Finished Spring Data repository scanning in 15 ms. Found 3 MongoDB repository interfaces.
2025-02-01 17:58:46.748 [INFO] [main] [o.s.d.r.c.RepositoryConfigurationDelegate] - Multiple Spring Data modules found, entering strict repository configuration mode
2025-02-01 17:58:46.750 [INFO] [main] [o.s.d.r.c.RepositoryConfigurationDelegate] - Bootstrapping Spring Data Redis repositories in DEFAULT mode.
2025-02-01 17:58:46.764 [INFO] [main] [o.s.d.r.c.RepositoryConfigurationExtensionSupport] - Spring Data Redis - Could not safely identify store assignment for repository candidate interface com.Kang.SpringBoot_Jpa.mongorepo.ApplicationRepository; If you want this repository to be a Redis repository, consider annotating your entities with one of these annotations: org.springframework.data.redis.core.RedisHash (preferred), or consider extending one of the following types with your repository: org.springframework.data.keyvalue.repository.KeyValueRepository
2025-02-01 17:58:46.764 [INFO] [main] [o.s.d.r.c.RepositoryConfigurationExtensionSupport] - Spring Data Redis - Could not safely identify store assignment for repository candidate interface com.Kang.SpringBoot_Jpa.mongorepo.ProjectRepository; If you want this repository to be a Redis repository, consider annotating your entities with one of these annotations: org.springframework.data.redis.core.RedisHash (preferred), or consider extending one of the following types with your repository: org.springframework.data.keyvalue.repository.KeyValueRepository
2025-02-01 17:58:46.765 [INFO] [main] [o.s.d.r.c.RepositoryConfigurationExtensionSupport] - Spring Data Redis - Could not safely identify store assignment for repository candidate interface com.Kang.SpringBoot_Jpa.mongorepo.SessionRepository; If you want this repository to be a Redis repository, consider annotating your entities with one of these annotations: org.springframework.data.redis.core.RedisHash (preferred), or consider extending one of the following types with your repository: org.springframework.data.keyvalue.repository.KeyValueRepository
2025-02-01 17:58:46.765 [INFO] [main] [o.s.d.r.c.RepositoryConfigurationExtensionSupport] - Spring Data Redis - Could not safely identify store assignment for repository candidate interface com.Kang.SpringBoot_Jpa.repository.UserRepository; If you want this repository to be a Redis repository, consider annotating your entities with one of these annotations: org.springframework.data.redis.core.RedisHash (preferred), or consider extending one of the following types with your repository: org.springframework.data.keyvalue.repository.KeyValueRepository
2025-02-01 17:58:46.765 [INFO] [main] [o.s.d.r.c.RepositoryConfigurationDelegate] - Finished Spring Data repository scanning in 7 ms. Found 0 Redis repository interfaces.
2025-02-01 17:58:47.459 [INFO] [main] [o.s.b.w.e.tomcat.TomcatWebServer] - Tomcat initialized with port 8080 (http)
2025-02-01 17:58:47.470 [INFO] [main] [o.a.coyote.http11.Http11NioProtocol] - Initializing ProtocolHandler ["http-nio-8080"]
2025-02-01 17:58:47.472 [INFO] [main] [o.a.catalina.core.StandardService] - Starting service [Tomcat]
2025-02-01 17:58:47.472 [INFO] [main] [o.a.catalina.core.StandardEngine] - Starting Servlet engine: [Apache Tomcat/10.1.33]
2025-02-01 17:58:47.552 [INFO] [main] [o.a.c.c.C.[Tomcat].[localhost].[/]] - Initializing Spring embedded WebApplicationContext
2025-02-01 17:58:47.552 [INFO] [main] [o.s.b.w.s.c.ServletWebServerApplicationContext] - Root WebApplicationContext: initialization completed in 1929 ms
2025-02-01 17:58:47.734 [INFO] [main] [o.h.jpa.internal.util.LogHelper] - HHH000204: Processing PersistenceUnitInfo [name: default]
2025-02-01 17:58:47.822 [INFO] [main] [org.hibernate.Version] - HHH000412: Hibernate ORM core version 6.6.2.Final
2025-02-01 17:58:47.867 [INFO] [main] [o.h.c.i.RegionFactoryInitiator] - HHH000026: Second-level cache disabled
2025-02-01 17:58:48.236 [INFO] [main] [o.s.o.j.p.SpringPersistenceUnitInfo] - No LoadTimeWeaver setup: ignoring JPA class transformer
2025-02-01 17:58:48.278 [INFO] [main] [com.zaxxer.hikari.HikariDataSource] - HikariPool-1 - Starting...
2025-02-01 17:58:48.653 [INFO] [main] [com.zaxxer.hikari.pool.HikariPool] - HikariPool-1 - Added connection com.mysql.cj.jdbc.ConnectionImpl@d677be9
2025-02-01 17:58:48.655 [INFO] [main] [com.zaxxer.hikari.HikariDataSource] - HikariPool-1 - Start completed.
2025-02-01 17:58:48.744 [INFO] [main] [o.hibernate.orm.connections.pooling] - HHH10001005: Database info:
	Database JDBC URL [Connecting through datasource 'HikariDataSource (HikariPool-1)']
	Database driver: undefined/unknown
	Database version: 8.0.39
	Autocommit mode: undefined/unknown
	Isolation level: undefined/unknown
	Minimum pool size: undefined/unknown
	Maximum pool size: undefined/unknown
2025-02-01 17:58:49.571 [INFO] [main] [o.h.e.t.j.p.i.JtaPlatformInitiator] - HHH000489: No JTA platform available (set 'hibernate.transaction.jta.platform' to enable JTA platform integration)
2025-02-01 17:58:49.627 [INFO] [main] [o.s.o.j.LocalContainerEntityManagerFactoryBean] - Initialized JPA EntityManagerFactory for persistence unit 'default'
2025-02-01 17:58:50.531 [INFO] [main] [org.mongodb.driver.client] - MongoClient with metadata {"driver": {"name": "mongo-java-driver|sync|spring-boot", "version": "5.2.1"}, "os": {"type": "Windows", "name": "Windows 10", "architecture": "amd64", "version": "10.0"}, "platform": "Java/Eclipse Adoptium/17.0.8.1+1"} created with settings MongoClientSettings{readPreference=primary, writeConcern=WriteConcern{w=null, wTimeout=null ms, journal=null}, retryWrites=true, retryReads=true, readConcern=ReadConcern{level=null}, credential=null, transportSettings=null, commandListeners=[], codecRegistry=ProvidersCodecRegistry{codecProviders=[ValueCodecProvider{}, BsonValueCodecProvider{}, DBRefCodecProvider{}, DBObjectCodecProvider{}, DocumentCodecProvider{}, CollectionCodecProvider{}, IterableCodecProvider{}, MapCodecProvider{}, GeoJsonCodecProvider{}, GridFSFileCodecProvider{}, Jsr310CodecProvider{}, JsonObjectCodecProvider{}, BsonCodecProvider{}, EnumCodecProvider{}, com.mongodb.client.model.mql.ExpressionCodecProvider@38c7ad43, com.mongodb.Jep395RecordCodecProvider@1ee04ff6, com.mongodb.KotlinCodecProvider@32fefbe6]}, loggerSettings=LoggerSettings{maxDocumentLength=1000}, clusterSettings={hosts=[localhost:27017], srvServiceName=mongodb, mode=SINGLE, requiredClusterType=UNKNOWN, requiredReplicaSetName='null', serverSelector='null', clusterListeners='[]', serverSelectionTimeout='30000 ms', localThreshold='15 ms'}, socketSettings=SocketSettings{connectTimeoutMS=10000, readTimeoutMS=0, receiveBufferSize=0, proxySettings=ProxySettings{host=null, port=null, username=null, password=null}}, heartbeatSocketSettings=SocketSettings{connectTimeoutMS=10000, readTimeoutMS=10000, receiveBufferSize=0, proxySettings=ProxySettings{host=null, port=null, username=null, password=null}}, connectionPoolSettings=ConnectionPoolSettings{maxSize=100, minSize=0, maxWaitTimeMS=120000, maxConnectionLifeTimeMS=0, maxConnectionIdleTimeMS=0, maintenanceInitialDelayMS=0, maintenanceFrequencyMS=60000, connectionPoolListeners=[], maxConnecting=2}, serverSettings=ServerSettings{heartbeatFrequencyMS=10000, minHeartbeatFrequencyMS=500, serverMonitoringMode=AUTO, serverListeners='[]', serverMonitorListeners='[]'}, sslSettings=SslSettings{enabled=false, invalidHostNameAllowed=false, context=null}, applicationName='null', compressorList=[], uuidRepresentation=JAVA_LEGACY, serverApi=null, autoEncryptionSettings=null, dnsClient=null, inetAddressResolver=null, contextProvider=null, timeoutMS=null}
2025-02-01 17:58:50.551 [INFO] [cluster-ClusterId{value='679de24a0c0c002357a60407', description='null'}-localhost:27017] [org.mongodb.driver.cluster] - Monitor thread successfully connected to server with description ServerDescription{address=localhost:27017, type=STANDALONE, cryptd=false, state=CONNECTED, ok=true, minWireVersion=0, maxWireVersion=25, maxDocumentSize=16777216, logicalSessionTimeoutMinutes=30, roundTripTimeNanos=32190800, minRoundTripTimeNanos=0}
2025-02-01 17:58:50.837 [INFO] [main] [o.s.s.c.a.a.c.InitializeUserDetailsBeanManagerConfigurer$InitializeUserDetailsManagerConfigurer] - Global AuthenticationManager configured with UserDetailsService bean with name customUserDetailsService
2025-02-01 17:58:50.929 [INFO] [main] [o.s.b.a.w.s.WelcomePageHandlerMapping] - Adding welcome page template: index
2025-02-01 17:58:51.430 [INFO] [main] [o.a.coyote.http11.Http11NioProtocol] - Starting ProtocolHandler ["http-nio-8080"]
2025-02-01 17:58:51.449 [INFO] [main] [o.s.b.w.e.tomcat.TomcatWebServer] - Tomcat started on port 8080 (http) with context path '/'
2025-02-01 17:58:51.458 [INFO] [main] [c.K.S.SpringBootJpaApplication] - Started SpringBootJpaApplication in 6.509 seconds (process running for 6.904)
2025-02-01 17:59:05.129 [INFO] [http-nio-8080-exec-1] [o.a.c.c.C.[Tomcat].[localhost].[/]] - Initializing Spring DispatcherServlet 'dispatcherServlet'
2025-02-01 17:59:05.130 [INFO] [http-nio-8080-exec-1] [o.s.web.servlet.DispatcherServlet] - Initializing Servlet 'dispatcherServlet'
2025-02-01 17:59:05.131 [INFO] [http-nio-8080-exec-1] [o.s.web.servlet.DispatcherServlet] - Completed initialization in 1 ms
2025-02-01 17:59:05.176 [INFO] [http-nio-8080-exec-1] [c.K.S.controller.MainController] - Index page accessed by IP: 0:0:0:0:0:0:0:1
2025-02-01 17:59:08.736 [INFO] [http-nio-8080-exec-4] [c.K.S.controller.AdminController] - Admin page accessed by IP: 0:0:0:0:0:0:0:1
2025-02-01 17:59:10.829 [INFO] [http-nio-8080-exec-9] [c.K.S.controller.AdminController] - Admin project page accessed by IP: 0:0:0:0:0:0:0:1
2025-02-01 18:00:48.046 [INFO] [background-preinit] [o.h.validator.internal.util.Version] - HV000001: Hibernate Validator 8.0.1.Final
2025-02-01 18:00:48.121 [INFO] [main] [c.K.S.SpringBootJpaApplication] - Starting SpringBootJpaApplication using Java 17.0.8.1 with PID 22008 (C:\Users\KANG\Desktop\Self-study\Spring_Boot\Jpa\SpringBootTaco\build\classes\java\main started by KANG in C:\Users\KANG\Desktop\Self-study\Spring_Boot\Jpa\SpringBootTaco)
2025-02-01 18:00:48.122 [INFO] [main] [c.K.S.SpringBootJpaApplication] - No active profile set, falling back to 1 default profile: "default"
2025-02-01 18:00:48.958 [INFO] [main] [o.s.d.r.c.RepositoryConfigurationDelegate] - Multiple Spring Data modules found, entering strict repository configuration mode
2025-02-01 18:00:48.960 [INFO] [main] [o.s.d.r.c.RepositoryConfigurationDelegate] - Bootstrapping Spring Data JPA repositories in DEFAULT mode.
2025-02-01 18:00:49.013 [INFO] [main] [o.s.d.r.c.RepositoryConfigurationExtensionSupport] - Spring Data JPA - Could not safely identify store assignment for repository candidate interface com.Kang.SpringBoot_Jpa.mongorepo.ApplicationRepository; If you want this repository to be a JPA repository, consider annotating your entities with one of these annotations: jakarta.persistence.Entity, jakarta.persistence.MappedSuperclass (preferred), or consider extending one of the following types with your repository: org.springframework.data.jpa.repository.JpaRepository
2025-02-01 18:00:49.016 [INFO] [main] [o.s.d.r.c.RepositoryConfigurationExtensionSupport] - Spring Data JPA - Could not safely identify store assignment for repository candidate interface com.Kang.SpringBoot_Jpa.mongorepo.ProjectRepository; If you want this repository to be a JPA repository, consider annotating your entities with one of these annotations: jakarta.persistence.Entity, jakarta.persistence.MappedSuperclass (preferred), or consider extending one of the following types with your repository: org.springframework.data.jpa.repository.JpaRepository
2025-02-01 18:00:49.017 [INFO] [main] [o.s.d.r.c.RepositoryConfigurationExtensionSupport] - Spring Data JPA - Could not safely identify store assignment for repository candidate interface com.Kang.SpringBoot_Jpa.mongorepo.SessionRepository; If you want this repository to be a JPA repository, consider annotating your entities with one of these annotations: jakarta.persistence.Entity, jakarta.persistence.MappedSuperclass (preferred), or consider extending one of the following types with your repository: org.springframework.data.jpa.repository.JpaRepository
2025-02-01 18:00:49.136 [INFO] [main] [o.s.d.r.c.RepositoryConfigurationDelegate] - Finished Spring Data repository scanning in 161 ms. Found 1 JPA repository interface.
2025-02-01 18:00:49.168 [INFO] [main] [o.s.d.r.c.RepositoryConfigurationDelegate] - Multiple Spring Data modules found, entering strict repository configuration mode
2025-02-01 18:00:49.168 [INFO] [main] [o.s.d.r.c.RepositoryConfigurationDelegate] - Bootstrapping Spring Data MongoDB repositories in DEFAULT mode.
2025-02-01 18:00:49.177 [INFO] [main] [o.s.d.r.c.RepositoryConfigurationExtensionSupport] - Spring Data MongoDB - Could not safely identify store assignment for repository candidate interface com.Kang.SpringBoot_Jpa.repository.UserRepository; If you want this repository to be a MongoDB repository, consider annotating your entities with one of these annotations: org.springframework.data.mongodb.core.mapping.Document (preferred), or consider extending one of the following types with your repository: org.springframework.data.mongodb.repository.MongoRepository
2025-02-01 18:00:49.186 [INFO] [main] [o.s.d.r.c.RepositoryConfigurationDelegate] - Finished Spring Data repository scanning in 15 ms. Found 3 MongoDB repository interfaces.
2025-02-01 18:00:49.198 [INFO] [main] [o.s.d.r.c.RepositoryConfigurationDelegate] - Multiple Spring Data modules found, entering strict repository configuration mode
2025-02-01 18:00:49.200 [INFO] [main] [o.s.d.r.c.RepositoryConfigurationDelegate] - Bootstrapping Spring Data Redis repositories in DEFAULT mode.
2025-02-01 18:00:49.213 [INFO] [main] [o.s.d.r.c.RepositoryConfigurationExtensionSupport] - Spring Data Redis - Could not safely identify store assignment for repository candidate interface com.Kang.SpringBoot_Jpa.mongorepo.ApplicationRepository; If you want this repository to be a Redis repository, consider annotating your entities with one of these annotations: org.springframework.data.redis.core.RedisHash (preferred), or consider extending one of the following types with your repository: org.springframework.data.keyvalue.repository.KeyValueRepository
2025-02-01 18:00:49.214 [INFO] [main] [o.s.d.r.c.RepositoryConfigurationExtensionSupport] - Spring Data Redis - Could not safely identify store assignment for repository candidate interface com.Kang.SpringBoot_Jpa.mongorepo.ProjectRepository; If you want this repository to be a Redis repository, consider annotating your entities with one of these annotations: org.springframework.data.redis.core.RedisHash (preferred), or consider extending one of the following types with your repository: org.springframework.data.keyvalue.repository.KeyValueRepository
2025-02-01 18:00:49.214 [INFO] [main] [o.s.d.r.c.RepositoryConfigurationExtensionSupport] - Spring Data Redis - Could not safely identify store assignment for repository candidate interface com.Kang.SpringBoot_Jpa.mongorepo.SessionRepository; If you want this repository to be a Redis repository, consider annotating your entities with one of these annotations: org.springframework.data.redis.core.RedisHash (preferred), or consider extending one of the following types with your repository: org.springframework.data.keyvalue.repository.KeyValueRepository
2025-02-01 18:00:49.214 [INFO] [main] [o.s.d.r.c.RepositoryConfigurationExtensionSupport] - Spring Data Redis - Could not safely identify store assignment for repository candidate interface com.Kang.SpringBoot_Jpa.repository.UserRepository; If you want this repository to be a Redis repository, consider annotating your entities with one of these annotations: org.springframework.data.redis.core.RedisHash (preferred), or consider extending one of the following types with your repository: org.springframework.data.keyvalue.repository.KeyValueRepository
2025-02-01 18:00:49.214 [INFO] [main] [o.s.d.r.c.RepositoryConfigurationDelegate] - Finished Spring Data repository scanning in 6 ms. Found 0 Redis repository interfaces.
2025-02-01 18:00:49.886 [INFO] [main] [o.s.b.w.e.tomcat.TomcatWebServer] - Tomcat initialized with port 8080 (http)
2025-02-01 18:00:49.903 [INFO] [main] [o.a.coyote.http11.Http11NioProtocol] - Initializing ProtocolHandler ["http-nio-8080"]
2025-02-01 18:00:49.905 [INFO] [main] [o.a.catalina.core.StandardService] - Starting service [Tomcat]
2025-02-01 18:00:49.905 [INFO] [main] [o.a.catalina.core.StandardEngine] - Starting Servlet engine: [Apache Tomcat/10.1.33]
2025-02-01 18:00:49.993 [INFO] [main] [o.a.c.c.C.[Tomcat].[localhost].[/]] - Initializing Spring embedded WebApplicationContext
2025-02-01 18:00:49.993 [INFO] [main] [o.s.b.w.s.c.ServletWebServerApplicationContext] - Root WebApplicationContext: initialization completed in 1819 ms
2025-02-01 18:00:50.160 [INFO] [main] [o.h.jpa.internal.util.LogHelper] - HHH000204: Processing PersistenceUnitInfo [name: default]
2025-02-01 18:00:50.232 [INFO] [main] [org.hibernate.Version] - HHH000412: Hibernate ORM core version 6.6.2.Final
2025-02-01 18:00:50.273 [INFO] [main] [o.h.c.i.RegionFactoryInitiator] - HHH000026: Second-level cache disabled
2025-02-01 18:00:50.617 [INFO] [main] [o.s.o.j.p.SpringPersistenceUnitInfo] - No LoadTimeWeaver setup: ignoring JPA class transformer
2025-02-01 18:00:50.654 [INFO] [main] [com.zaxxer.hikari.HikariDataSource] - HikariPool-1 - Starting...
2025-02-01 18:00:50.925 [INFO] [main] [com.zaxxer.hikari.pool.HikariPool] - HikariPool-1 - Added connection com.mysql.cj.jdbc.ConnectionImpl@26888c31
2025-02-01 18:00:50.927 [INFO] [main] [com.zaxxer.hikari.HikariDataSource] - HikariPool-1 - Start completed.
2025-02-01 18:00:51.016 [INFO] [main] [o.hibernate.orm.connections.pooling] - HHH10001005: Database info:
	Database JDBC URL [Connecting through datasource 'HikariDataSource (HikariPool-1)']
	Database driver: undefined/unknown
	Database version: 8.0.39
	Autocommit mode: undefined/unknown
	Isolation level: undefined/unknown
	Minimum pool size: undefined/unknown
	Maximum pool size: undefined/unknown
2025-02-01 18:00:51.804 [INFO] [main] [o.h.e.t.j.p.i.JtaPlatformInitiator] - HHH000489: No JTA platform available (set 'hibernate.transaction.jta.platform' to enable JTA platform integration)
2025-02-01 18:00:51.849 [INFO] [main] [o.s.o.j.LocalContainerEntityManagerFactoryBean] - Initialized JPA EntityManagerFactory for persistence unit 'default'
2025-02-01 18:00:52.650 [INFO] [main] [org.mongodb.driver.client] - MongoClient with metadata {"driver": {"name": "mongo-java-driver|sync|spring-boot", "version": "5.2.1"}, "os": {"type": "Windows", "name": "Windows 10", "architecture": "amd64", "version": "10.0"}, "platform": "Java/Eclipse Adoptium/17.0.8.1+1"} created with settings MongoClientSettings{readPreference=primary, writeConcern=WriteConcern{w=null, wTimeout=null ms, journal=null}, retryWrites=true, retryReads=true, readConcern=ReadConcern{level=null}, credential=null, transportSettings=null, commandListeners=[], codecRegistry=ProvidersCodecRegistry{codecProviders=[ValueCodecProvider{}, BsonValueCodecProvider{}, DBRefCodecProvider{}, DBObjectCodecProvider{}, DocumentCodecProvider{}, CollectionCodecProvider{}, IterableCodecProvider{}, MapCodecProvider{}, GeoJsonCodecProvider{}, GridFSFileCodecProvider{}, Jsr310CodecProvider{}, JsonObjectCodecProvider{}, BsonCodecProvider{}, EnumCodecProvider{}, com.mongodb.client.model.mql.ExpressionCodecProvider@12830e23, com.mongodb.Jep395RecordCodecProvider@81f9b01, com.mongodb.KotlinCodecProvider@53d94a6b]}, loggerSettings=LoggerSettings{maxDocumentLength=1000}, clusterSettings={hosts=[localhost:27017], srvServiceName=mongodb, mode=SINGLE, requiredClusterType=UNKNOWN, requiredReplicaSetName='null', serverSelector='null', clusterListeners='[]', serverSelectionTimeout='30000 ms', localThreshold='15 ms'}, socketSettings=SocketSettings{connectTimeoutMS=10000, readTimeoutMS=0, receiveBufferSize=0, proxySettings=ProxySettings{host=null, port=null, username=null, password=null}}, heartbeatSocketSettings=SocketSettings{connectTimeoutMS=10000, readTimeoutMS=10000, receiveBufferSize=0, proxySettings=ProxySettings{host=null, port=null, username=null, password=null}}, connectionPoolSettings=ConnectionPoolSettings{maxSize=100, minSize=0, maxWaitTimeMS=120000, maxConnectionLifeTimeMS=0, maxConnectionIdleTimeMS=0, maintenanceInitialDelayMS=0, maintenanceFrequencyMS=60000, connectionPoolListeners=[], maxConnecting=2}, serverSettings=ServerSettings{heartbeatFrequencyMS=10000, minHeartbeatFrequencyMS=500, serverMonitoringMode=AUTO, serverListeners='[]', serverMonitorListeners='[]'}, sslSettings=SslSettings{enabled=false, invalidHostNameAllowed=false, context=null}, applicationName='null', compressorList=[], uuidRepresentation=JAVA_LEGACY, serverApi=null, autoEncryptionSettings=null, dnsClient=null, inetAddressResolver=null, contextProvider=null, timeoutMS=null}
2025-02-01 18:00:52.661 [INFO] [cluster-ClusterId{value='679de2c465d8b62adab911a5', description='null'}-localhost:27017] [org.mongodb.driver.cluster] - Monitor thread successfully connected to server with description ServerDescription{address=localhost:27017, type=STANDALONE, cryptd=false, state=CONNECTED, ok=true, minWireVersion=0, maxWireVersion=25, maxDocumentSize=16777216, logicalSessionTimeoutMinutes=30, roundTripTimeNanos=22722100, minRoundTripTimeNanos=0}
2025-02-01 18:00:52.936 [INFO] [main] [o.s.s.c.a.a.c.InitializeUserDetailsBeanManagerConfigurer$InitializeUserDetailsManagerConfigurer] - Global AuthenticationManager configured with UserDetailsService bean with name customUserDetailsService
2025-02-01 18:00:53.012 [INFO] [main] [o.s.b.a.w.s.WelcomePageHandlerMapping] - Adding welcome page template: index
2025-02-01 18:00:53.519 [INFO] [main] [o.a.coyote.http11.Http11NioProtocol] - Starting ProtocolHandler ["http-nio-8080"]
2025-02-01 18:00:53.546 [INFO] [main] [o.s.b.w.e.tomcat.TomcatWebServer] - Tomcat started on port 8080 (http) with context path '/'
2025-02-01 18:00:53.555 [INFO] [main] [c.K.S.SpringBootJpaApplication] - Started SpringBootJpaApplication in 6.034 seconds (process running for 6.463)
2025-02-01 18:01:04.985 [INFO] [http-nio-8080-exec-1] [o.a.c.c.C.[Tomcat].[localhost].[/]] - Initializing Spring DispatcherServlet 'dispatcherServlet'
2025-02-01 18:01:04.985 [INFO] [http-nio-8080-exec-1] [o.s.web.servlet.DispatcherServlet] - Initializing Servlet 'dispatcherServlet'
2025-02-01 18:01:04.986 [INFO] [http-nio-8080-exec-1] [o.s.web.servlet.DispatcherServlet] - Completed initialization in 1 ms
2025-02-01 18:01:05.026 [INFO] [http-nio-8080-exec-1] [c.K.S.controller.AdminController] - Admin page accessed by IP: 0:0:0:0:0:0:0:1
2025-02-01 18:01:05.967 [INFO] [http-nio-8080-exec-5] [c.K.S.controller.AdminController] - Admin project page accessed by IP: 0:0:0:0:0:0:0:1
2025-02-01 18:01:30.626 [INFO] [background-preinit] [o.h.validator.internal.util.Version] - HV000001: Hibernate Validator 8.0.1.Final
2025-02-01 18:01:30.706 [INFO] [main] [c.K.S.SpringBootJpaApplication] - Starting SpringBootJpaApplication using Java 17.0.8.1 with PID 6280 (C:\Users\KANG\Desktop\Self-study\Spring_Boot\Jpa\SpringBootTaco\build\classes\java\main started by KANG in C:\Users\KANG\Desktop\Self-study\Spring_Boot\Jpa\SpringBootTaco)
2025-02-01 18:01:30.707 [INFO] [main] [c.K.S.SpringBootJpaApplication] - No active profile set, falling back to 1 default profile: "default"
2025-02-01 18:01:31.548 [INFO] [main] [o.s.d.r.c.RepositoryConfigurationDelegate] - Multiple Spring Data modules found, entering strict repository configuration mode
2025-02-01 18:01:31.550 [INFO] [main] [o.s.d.r.c.RepositoryConfigurationDelegate] - Bootstrapping Spring Data JPA repositories in DEFAULT mode.
2025-02-01 18:01:31.601 [INFO] [main] [o.s.d.r.c.RepositoryConfigurationExtensionSupport] - Spring Data JPA - Could not safely identify store assignment for repository candidate interface com.Kang.SpringBoot_Jpa.mongorepo.ApplicationRepository; If you want this repository to be a JPA repository, consider annotating your entities with one of these annotations: jakarta.persistence.Entity, jakarta.persistence.MappedSuperclass (preferred), or consider extending one of the following types with your repository: org.springframework.data.jpa.repository.JpaRepository
2025-02-01 18:01:31.604 [INFO] [main] [o.s.d.r.c.RepositoryConfigurationExtensionSupport] - Spring Data JPA - Could not safely identify store assignment for repository candidate interface com.Kang.SpringBoot_Jpa.mongorepo.ProjectRepository; If you want this repository to be a JPA repository, consider annotating your entities with one of these annotations: jakarta.persistence.Entity, jakarta.persistence.MappedSuperclass (preferred), or consider extending one of the following types with your repository: org.springframework.data.jpa.repository.JpaRepository
2025-02-01 18:01:31.606 [INFO] [main] [o.s.d.r.c.RepositoryConfigurationExtensionSupport] - Spring Data JPA - Could not safely identify store assignment for repository candidate interface com.Kang.SpringBoot_Jpa.mongorepo.SessionRepository; If you want this repository to be a JPA repository, consider annotating your entities with one of these annotations: jakarta.persistence.Entity, jakarta.persistence.MappedSuperclass (preferred), or consider extending one of the following types with your repository: org.springframework.data.jpa.repository.JpaRepository
2025-02-01 18:01:31.727 [INFO] [main] [o.s.d.r.c.RepositoryConfigurationDelegate] - Finished Spring Data repository scanning in 165 ms. Found 1 JPA repository interface.
2025-02-01 18:01:31.761 [INFO] [main] [o.s.d.r.c.RepositoryConfigurationDelegate] - Multiple Spring Data modules found, entering strict repository configuration mode
2025-02-01 18:01:31.761 [INFO] [main] [o.s.d.r.c.RepositoryConfigurationDelegate] - Bootstrapping Spring Data MongoDB repositories in DEFAULT mode.
2025-02-01 18:01:31.770 [INFO] [main] [o.s.d.r.c.RepositoryConfigurationExtensionSupport] - Spring Data MongoDB - Could not safely identify store assignment for repository candidate interface com.Kang.SpringBoot_Jpa.repository.UserRepository; If you want this repository to be a MongoDB repository, consider annotating your entities with one of these annotations: org.springframework.data.mongodb.core.mapping.Document (preferred), or consider extending one of the following types with your repository: org.springframework.data.mongodb.repository.MongoRepository
2025-02-01 18:01:31.778 [INFO] [main] [o.s.d.r.c.RepositoryConfigurationDelegate] - Finished Spring Data repository scanning in 15 ms. Found 3 MongoDB repository interfaces.
2025-02-01 18:01:31.790 [INFO] [main] [o.s.d.r.c.RepositoryConfigurationDelegate] - Multiple Spring Data modules found, entering strict repository configuration mode
2025-02-01 18:01:31.791 [INFO] [main] [o.s.d.r.c.RepositoryConfigurationDelegate] - Bootstrapping Spring Data Redis repositories in DEFAULT mode.
2025-02-01 18:01:31.805 [INFO] [main] [o.s.d.r.c.RepositoryConfigurationExtensionSupport] - Spring Data Redis - Could not safely identify store assignment for repository candidate interface com.Kang.SpringBoot_Jpa.mongorepo.ApplicationRepository; If you want this repository to be a Redis repository, consider annotating your entities with one of these annotations: org.springframework.data.redis.core.RedisHash (preferred), or consider extending one of the following types with your repository: org.springframework.data.keyvalue.repository.KeyValueRepository
2025-02-01 18:01:31.805 [INFO] [main] [o.s.d.r.c.RepositoryConfigurationExtensionSupport] - Spring Data Redis - Could not safely identify store assignment for repository candidate interface com.Kang.SpringBoot_Jpa.mongorepo.ProjectRepository; If you want this repository to be a Redis repository, consider annotating your entities with one of these annotations: org.springframework.data.redis.core.RedisHash (preferred), or consider extending one of the following types with your repository: org.springframework.data.keyvalue.repository.KeyValueRepository
2025-02-01 18:01:31.805 [INFO] [main] [o.s.d.r.c.RepositoryConfigurationExtensionSupport] - Spring Data Redis - Could not safely identify store assignment for repository candidate interface com.Kang.SpringBoot_Jpa.mongorepo.SessionRepository; If you want this repository to be a Redis repository, consider annotating your entities with one of these annotations: org.springframework.data.redis.core.RedisHash (preferred), or consider extending one of the following types with your repository: org.springframework.data.keyvalue.repository.KeyValueRepository
2025-02-01 18:01:31.805 [INFO] [main] [o.s.d.r.c.RepositoryConfigurationExtensionSupport] - Spring Data Redis - Could not safely identify store assignment for repository candidate interface com.Kang.SpringBoot_Jpa.repository.UserRepository; If you want this repository to be a Redis repository, consider annotating your entities with one of these annotations: org.springframework.data.redis.core.RedisHash (preferred), or consider extending one of the following types with your repository: org.springframework.data.keyvalue.repository.KeyValueRepository
2025-02-01 18:01:31.805 [INFO] [main] [o.s.d.r.c.RepositoryConfigurationDelegate] - Finished Spring Data repository scanning in 6 ms. Found 0 Redis repository interfaces.
2025-02-01 18:01:32.474 [INFO] [main] [o.s.b.w.e.tomcat.TomcatWebServer] - Tomcat initialized with port 8080 (http)
2025-02-01 18:01:32.486 [INFO] [main] [o.a.coyote.http11.Http11NioProtocol] - Initializing ProtocolHandler ["http-nio-8080"]
2025-02-01 18:01:32.488 [INFO] [main] [o.a.catalina.core.StandardService] - Starting service [Tomcat]
2025-02-01 18:01:32.488 [INFO] [main] [o.a.catalina.core.StandardEngine] - Starting Servlet engine: [Apache Tomcat/10.1.33]
2025-02-01 18:01:32.570 [INFO] [main] [o.a.c.c.C.[Tomcat].[localhost].[/]] - Initializing Spring embedded WebApplicationContext
2025-02-01 18:01:32.571 [INFO] [main] [o.s.b.w.s.c.ServletWebServerApplicationContext] - Root WebApplicationContext: initialization completed in 1820 ms
2025-02-01 18:01:32.735 [INFO] [main] [o.h.jpa.internal.util.LogHelper] - HHH000204: Processing PersistenceUnitInfo [name: default]
2025-02-01 18:01:32.810 [INFO] [main] [org.hibernate.Version] - HHH000412: Hibernate ORM core version 6.6.2.Final
2025-02-01 18:01:32.850 [INFO] [main] [o.h.c.i.RegionFactoryInitiator] - HHH000026: Second-level cache disabled
2025-02-01 18:01:33.164 [INFO] [main] [o.s.o.j.p.SpringPersistenceUnitInfo] - No LoadTimeWeaver setup: ignoring JPA class transformer
2025-02-01 18:01:33.199 [INFO] [main] [com.zaxxer.hikari.HikariDataSource] - HikariPool-1 - Starting...
2025-02-01 18:01:33.497 [INFO] [main] [com.zaxxer.hikari.pool.HikariPool] - HikariPool-1 - Added connection com.mysql.cj.jdbc.ConnectionImpl@626df173
2025-02-01 18:01:33.499 [INFO] [main] [com.zaxxer.hikari.HikariDataSource] - HikariPool-1 - Start completed.
2025-02-01 18:01:33.588 [INFO] [main] [o.hibernate.orm.connections.pooling] - HHH10001005: Database info:
	Database JDBC URL [Connecting through datasource 'HikariDataSource (HikariPool-1)']
	Database driver: undefined/unknown
	Database version: 8.0.39
	Autocommit mode: undefined/unknown
	Isolation level: undefined/unknown
	Minimum pool size: undefined/unknown
	Maximum pool size: undefined/unknown
2025-02-01 18:01:34.368 [INFO] [main] [o.h.e.t.j.p.i.JtaPlatformInitiator] - HHH000489: No JTA platform available (set 'hibernate.transaction.jta.platform' to enable JTA platform integration)
2025-02-01 18:01:34.409 [INFO] [main] [o.s.o.j.LocalContainerEntityManagerFactoryBean] - Initialized JPA EntityManagerFactory for persistence unit 'default'
2025-02-01 18:01:35.229 [INFO] [main] [org.mongodb.driver.client] - MongoClient with metadata {"driver": {"name": "mongo-java-driver|sync|spring-boot", "version": "5.2.1"}, "os": {"type": "Windows", "name": "Windows 10", "architecture": "amd64", "version": "10.0"}, "platform": "Java/Eclipse Adoptium/17.0.8.1+1"} created with settings MongoClientSettings{readPreference=primary, writeConcern=WriteConcern{w=null, wTimeout=null ms, journal=null}, retryWrites=true, retryReads=true, readConcern=ReadConcern{level=null}, credential=null, transportSettings=null, commandListeners=[], codecRegistry=ProvidersCodecRegistry{codecProviders=[ValueCodecProvider{}, BsonValueCodecProvider{}, DBRefCodecProvider{}, DBObjectCodecProvider{}, DocumentCodecProvider{}, CollectionCodecProvider{}, IterableCodecProvider{}, MapCodecProvider{}, GeoJsonCodecProvider{}, GridFSFileCodecProvider{}, Jsr310CodecProvider{}, JsonObjectCodecProvider{}, BsonCodecProvider{}, EnumCodecProvider{}, com.mongodb.client.model.mql.ExpressionCodecProvider@4d7f3adf, com.mongodb.Jep395RecordCodecProvider@394c77e2, com.mongodb.KotlinCodecProvider@20dfe8b2]}, loggerSettings=LoggerSettings{maxDocumentLength=1000}, clusterSettings={hosts=[localhost:27017], srvServiceName=mongodb, mode=SINGLE, requiredClusterType=UNKNOWN, requiredReplicaSetName='null', serverSelector='null', clusterListeners='[]', serverSelectionTimeout='30000 ms', localThreshold='15 ms'}, socketSettings=SocketSettings{connectTimeoutMS=10000, readTimeoutMS=0, receiveBufferSize=0, proxySettings=ProxySettings{host=null, port=null, username=null, password=null}}, heartbeatSocketSettings=SocketSettings{connectTimeoutMS=10000, readTimeoutMS=10000, receiveBufferSize=0, proxySettings=ProxySettings{host=null, port=null, username=null, password=null}}, connectionPoolSettings=ConnectionPoolSettings{maxSize=100, minSize=0, maxWaitTimeMS=120000, maxConnectionLifeTimeMS=0, maxConnectionIdleTimeMS=0, maintenanceInitialDelayMS=0, maintenanceFrequencyMS=60000, connectionPoolListeners=[], maxConnecting=2}, serverSettings=ServerSettings{heartbeatFrequencyMS=10000, minHeartbeatFrequencyMS=500, serverMonitoringMode=AUTO, serverListeners='[]', serverMonitorListeners='[]'}, sslSettings=SslSettings{enabled=false, invalidHostNameAllowed=false, context=null}, applicationName='null', compressorList=[], uuidRepresentation=JAVA_LEGACY, serverApi=null, autoEncryptionSettings=null, dnsClient=null, inetAddressResolver=null, contextProvider=null, timeoutMS=null}
2025-02-01 18:01:35.240 [INFO] [cluster-ClusterId{value='679de2ef96760002b28f9eca', description='null'}-localhost:27017] [org.mongodb.driver.cluster] - Monitor thread successfully connected to server with description ServerDescription{address=localhost:27017, type=STANDALONE, cryptd=false, state=CONNECTED, ok=true, minWireVersion=0, maxWireVersion=25, maxDocumentSize=16777216, logicalSessionTimeoutMinutes=30, roundTripTimeNanos=20637500, minRoundTripTimeNanos=0}
2025-02-01 18:01:35.511 [INFO] [main] [o.s.s.c.a.a.c.InitializeUserDetailsBeanManagerConfigurer$InitializeUserDetailsManagerConfigurer] - Global AuthenticationManager configured with UserDetailsService bean with name customUserDetailsService
2025-02-01 18:01:35.595 [INFO] [main] [o.s.b.a.w.s.WelcomePageHandlerMapping] - Adding welcome page template: index
2025-02-01 18:01:36.083 [INFO] [main] [o.a.coyote.http11.Http11NioProtocol] - Starting ProtocolHandler ["http-nio-8080"]
2025-02-01 18:01:36.103 [INFO] [main] [o.s.b.w.e.tomcat.TomcatWebServer] - Tomcat started on port 8080 (http) with context path '/'
2025-02-01 18:01:36.112 [INFO] [main] [c.K.S.SpringBootJpaApplication] - Started SpringBootJpaApplication in 6.027 seconds (process running for 6.429)
2025-02-01 18:01:44.743 [INFO] [http-nio-8080-exec-2] [o.a.c.c.C.[Tomcat].[localhost].[/]] - Initializing Spring DispatcherServlet 'dispatcherServlet'
2025-02-01 18:01:44.744 [INFO] [http-nio-8080-exec-2] [o.s.web.servlet.DispatcherServlet] - Initializing Servlet 'dispatcherServlet'
2025-02-01 18:01:44.745 [INFO] [http-nio-8080-exec-2] [o.s.web.servlet.DispatcherServlet] - Completed initialization in 1 ms
2025-02-01 18:01:44.783 [INFO] [http-nio-8080-exec-2] [c.K.S.controller.AdminController] - Admin page accessed by IP: 0:0:0:0:0:0:0:1
2025-02-01 18:01:45.718 [INFO] [http-nio-8080-exec-5] [c.K.S.controller.AdminController] - Admin project page accessed by IP: 0:0:0:0:0:0:0:1
2025-02-01 18:01:59.110 [INFO] [background-preinit] [o.h.validator.internal.util.Version] - HV000001: Hibernate Validator 8.0.1.Final
2025-02-01 18:01:59.193 [INFO] [main] [c.K.S.SpringBootJpaApplication] - Starting SpringBootJpaApplication using Java 17.0.8.1 with PID 9684 (C:\Users\KANG\Desktop\Self-study\Spring_Boot\Jpa\SpringBootTaco\build\classes\java\main started by KANG in C:\Users\KANG\Desktop\Self-study\Spring_Boot\Jpa\SpringBootTaco)
2025-02-01 18:01:59.194 [INFO] [main] [c.K.S.SpringBootJpaApplication] - No active profile set, falling back to 1 default profile: "default"
2025-02-01 18:02:00.089 [INFO] [main] [o.s.d.r.c.RepositoryConfigurationDelegate] - Multiple Spring Data modules found, entering strict repository configuration mode
2025-02-01 18:02:00.091 [INFO] [main] [o.s.d.r.c.RepositoryConfigurationDelegate] - Bootstrapping Spring Data JPA repositories in DEFAULT mode.
2025-02-01 18:02:00.139 [INFO] [main] [o.s.d.r.c.RepositoryConfigurationExtensionSupport] - Spring Data JPA - Could not safely identify store assignment for repository candidate interface com.Kang.SpringBoot_Jpa.mongorepo.ApplicationRepository; If you want this repository to be a JPA repository, consider annotating your entities with one of these annotations: jakarta.persistence.Entity, jakarta.persistence.MappedSuperclass (preferred), or consider extending one of the following types with your repository: org.springframework.data.jpa.repository.JpaRepository
2025-02-01 18:02:00.141 [INFO] [main] [o.s.d.r.c.RepositoryConfigurationExtensionSupport] - Spring Data JPA - Could not safely identify store assignment for repository candidate interface com.Kang.SpringBoot_Jpa.mongorepo.ProjectRepository; If you want this repository to be a JPA repository, consider annotating your entities with one of these annotations: jakarta.persistence.Entity, jakarta.persistence.MappedSuperclass (preferred), or consider extending one of the following types with your repository: org.springframework.data.jpa.repository.JpaRepository
2025-02-01 18:02:00.143 [INFO] [main] [o.s.d.r.c.RepositoryConfigurationExtensionSupport] - Spring Data JPA - Could not safely identify store assignment for repository candidate interface com.Kang.SpringBoot_Jpa.mongorepo.SessionRepository; If you want this repository to be a JPA repository, consider annotating your entities with one of these annotations: jakarta.persistence.Entity, jakarta.persistence.MappedSuperclass (preferred), or consider extending one of the following types with your repository: org.springframework.data.jpa.repository.JpaRepository
2025-02-01 18:02:00.260 [INFO] [main] [o.s.d.r.c.RepositoryConfigurationDelegate] - Finished Spring Data repository scanning in 159 ms. Found 1 JPA repository interface.
2025-02-01 18:02:00.289 [INFO] [main] [o.s.d.r.c.RepositoryConfigurationDelegate] - Multiple Spring Data modules found, entering strict repository configuration mode
2025-02-01 18:02:00.290 [INFO] [main] [o.s.d.r.c.RepositoryConfigurationDelegate] - Bootstrapping Spring Data MongoDB repositories in DEFAULT mode.
2025-02-01 18:02:00.299 [INFO] [main] [o.s.d.r.c.RepositoryConfigurationExtensionSupport] - Spring Data MongoDB - Could not safely identify store assignment for repository candidate interface com.Kang.SpringBoot_Jpa.repository.UserRepository; If you want this repository to be a MongoDB repository, consider annotating your entities with one of these annotations: org.springframework.data.mongodb.core.mapping.Document (preferred), or consider extending one of the following types with your repository: org.springframework.data.mongodb.repository.MongoRepository
2025-02-01 18:02:00.307 [INFO] [main] [o.s.d.r.c.RepositoryConfigurationDelegate] - Finished Spring Data repository scanning in 15 ms. Found 3 MongoDB repository interfaces.
2025-02-01 18:02:00.319 [INFO] [main] [o.s.d.r.c.RepositoryConfigurationDelegate] - Multiple Spring Data modules found, entering strict repository configuration mode
2025-02-01 18:02:00.320 [INFO] [main] [o.s.d.r.c.RepositoryConfigurationDelegate] - Bootstrapping Spring Data Redis repositories in DEFAULT mode.
2025-02-01 18:02:00.336 [INFO] [main] [o.s.d.r.c.RepositoryConfigurationExtensionSupport] - Spring Data Redis - Could not safely identify store assignment for repository candidate interface com.Kang.SpringBoot_Jpa.mongorepo.ApplicationRepository; If you want this repository to be a Redis repository, consider annotating your entities with one of these annotations: org.springframework.data.redis.core.RedisHash (preferred), or consider extending one of the following types with your repository: org.springframework.data.keyvalue.repository.KeyValueRepository
2025-02-01 18:02:00.336 [INFO] [main] [o.s.d.r.c.RepositoryConfigurationExtensionSupport] - Spring Data Redis - Could not safely identify store assignment for repository candidate interface com.Kang.SpringBoot_Jpa.mongorepo.ProjectRepository; If you want this repository to be a Redis repository, consider annotating your entities with one of these annotations: org.springframework.data.redis.core.RedisHash (preferred), or consider extending one of the following types with your repository: org.springframework.data.keyvalue.repository.KeyValueRepository
2025-02-01 18:02:00.336 [INFO] [main] [o.s.d.r.c.RepositoryConfigurationExtensionSupport] - Spring Data Redis - Could not safely identify store assignment for repository candidate interface com.Kang.SpringBoot_Jpa.mongorepo.SessionRepository; If you want this repository to be a Redis repository, consider annotating your entities with one of these annotations: org.springframework.data.redis.core.RedisHash (preferred), or consider extending one of the following types with your repository: org.springframework.data.keyvalue.repository.KeyValueRepository
2025-02-01 18:02:00.336 [INFO] [main] [o.s.d.r.c.RepositoryConfigurationExtensionSupport] - Spring Data Redis - Could not safely identify store assignment for repository candidate interface com.Kang.SpringBoot_Jpa.repository.UserRepository; If you want this repository to be a Redis repository, consider annotating your entities with one of these annotations: org.springframework.data.redis.core.RedisHash (preferred), or consider extending one of the following types with your repository: org.springframework.data.keyvalue.repository.KeyValueRepository
2025-02-01 18:02:00.336 [INFO] [main] [o.s.d.r.c.RepositoryConfigurationDelegate] - Finished Spring Data repository scanning in 8 ms. Found 0 Redis repository interfaces.
2025-02-01 18:02:01.033 [INFO] [main] [o.s.b.w.e.tomcat.TomcatWebServer] - Tomcat initialized with port 8080 (http)
2025-02-01 18:02:01.046 [INFO] [main] [o.a.coyote.http11.Http11NioProtocol] - Initializing ProtocolHandler ["http-nio-8080"]
2025-02-01 18:02:01.048 [INFO] [main] [o.a.catalina.core.StandardService] - Starting service [Tomcat]
2025-02-01 18:02:01.049 [INFO] [main] [o.a.catalina.core.StandardEngine] - Starting Servlet engine: [Apache Tomcat/10.1.33]
2025-02-01 18:02:01.128 [INFO] [main] [o.a.c.c.C.[Tomcat].[localhost].[/]] - Initializing Spring embedded WebApplicationContext
2025-02-01 18:02:01.129 [INFO] [main] [o.s.b.w.s.c.ServletWebServerApplicationContext] - Root WebApplicationContext: initialization completed in 1885 ms
2025-02-01 18:02:01.300 [INFO] [main] [o.h.jpa.internal.util.LogHelper] - HHH000204: Processing PersistenceUnitInfo [name: default]
2025-02-01 18:02:01.373 [INFO] [main] [org.hibernate.Version] - HHH000412: Hibernate ORM core version 6.6.2.Final
2025-02-01 18:02:01.409 [INFO] [main] [o.h.c.i.RegionFactoryInitiator] - HHH000026: Second-level cache disabled
2025-02-01 18:02:01.713 [INFO] [main] [o.s.o.j.p.SpringPersistenceUnitInfo] - No LoadTimeWeaver setup: ignoring JPA class transformer
2025-02-01 18:02:01.752 [INFO] [main] [com.zaxxer.hikari.HikariDataSource] - HikariPool-1 - Starting...
2025-02-01 18:02:02.027 [INFO] [main] [com.zaxxer.hikari.pool.HikariPool] - HikariPool-1 - Added connection com.mysql.cj.jdbc.ConnectionImpl@e60c5a
2025-02-01 18:02:02.029 [INFO] [main] [com.zaxxer.hikari.HikariDataSource] - HikariPool-1 - Start completed.
2025-02-01 18:02:02.113 [INFO] [main] [o.hibernate.orm.connections.pooling] - HHH10001005: Database info:
	Database JDBC URL [Connecting through datasource 'HikariDataSource (HikariPool-1)']
	Database driver: undefined/unknown
	Database version: 8.0.39
	Autocommit mode: undefined/unknown
	Isolation level: undefined/unknown
	Minimum pool size: undefined/unknown
	Maximum pool size: undefined/unknown
2025-02-01 18:02:02.902 [INFO] [main] [o.h.e.t.j.p.i.JtaPlatformInitiator] - HHH000489: No JTA platform available (set 'hibernate.transaction.jta.platform' to enable JTA platform integration)
2025-02-01 18:02:02.943 [INFO] [main] [o.s.o.j.LocalContainerEntityManagerFactoryBean] - Initialized JPA EntityManagerFactory for persistence unit 'default'
2025-02-01 18:02:03.735 [INFO] [main] [org.mongodb.driver.client] - MongoClient with metadata {"driver": {"name": "mongo-java-driver|sync|spring-boot", "version": "5.2.1"}, "os": {"type": "Windows", "name": "Windows 10", "architecture": "amd64", "version": "10.0"}, "platform": "Java/Eclipse Adoptium/17.0.8.1+1"} created with settings MongoClientSettings{readPreference=primary, writeConcern=WriteConcern{w=null, wTimeout=null ms, journal=null}, retryWrites=true, retryReads=true, readConcern=ReadConcern{level=null}, credential=null, transportSettings=null, commandListeners=[], codecRegistry=ProvidersCodecRegistry{codecProviders=[ValueCodecProvider{}, BsonValueCodecProvider{}, DBRefCodecProvider{}, DBObjectCodecProvider{}, DocumentCodecProvider{}, CollectionCodecProvider{}, IterableCodecProvider{}, MapCodecProvider{}, GeoJsonCodecProvider{}, GridFSFileCodecProvider{}, Jsr310CodecProvider{}, JsonObjectCodecProvider{}, BsonCodecProvider{}, EnumCodecProvider{}, com.mongodb.client.model.mql.ExpressionCodecProvider@4707d60a, com.mongodb.Jep395RecordCodecProvider@4d7f3adf, com.mongodb.KotlinCodecProvider@394c77e2]}, loggerSettings=LoggerSettings{maxDocumentLength=1000}, clusterSettings={hosts=[localhost:27017], srvServiceName=mongodb, mode=SINGLE, requiredClusterType=UNKNOWN, requiredReplicaSetName='null', serverSelector='null', clusterListeners='[]', serverSelectionTimeout='30000 ms', localThreshold='15 ms'}, socketSettings=SocketSettings{connectTimeoutMS=10000, readTimeoutMS=0, receiveBufferSize=0, proxySettings=ProxySettings{host=null, port=null, username=null, password=null}}, heartbeatSocketSettings=SocketSettings{connectTimeoutMS=10000, readTimeoutMS=10000, receiveBufferSize=0, proxySettings=ProxySettings{host=null, port=null, username=null, password=null}}, connectionPoolSettings=ConnectionPoolSettings{maxSize=100, minSize=0, maxWaitTimeMS=120000, maxConnectionLifeTimeMS=0, maxConnectionIdleTimeMS=0, maintenanceInitialDelayMS=0, maintenanceFrequencyMS=60000, connectionPoolListeners=[], maxConnecting=2}, serverSettings=ServerSettings{heartbeatFrequencyMS=10000, minHeartbeatFrequencyMS=500, serverMonitoringMode=AUTO, serverListeners='[]', serverMonitorListeners='[]'}, sslSettings=SslSettings{enabled=false, invalidHostNameAllowed=false, context=null}, applicationName='null', compressorList=[], uuidRepresentation=JAVA_LEGACY, serverApi=null, autoEncryptionSettings=null, dnsClient=null, inetAddressResolver=null, contextProvider=null, timeoutMS=null}
2025-02-01 18:02:03.747 [INFO] [cluster-ClusterId{value='679de30b65904119060596ff', description='null'}-localhost:27017] [org.mongodb.driver.cluster] - Monitor thread successfully connected to server with description ServerDescription{address=localhost:27017, type=STANDALONE, cryptd=false, state=CONNECTED, ok=true, minWireVersion=0, maxWireVersion=25, maxDocumentSize=16777216, logicalSessionTimeoutMinutes=30, roundTripTimeNanos=19995900, minRoundTripTimeNanos=0}
2025-02-01 18:02:04.025 [INFO] [main] [o.s.s.c.a.a.c.InitializeUserDetailsBeanManagerConfigurer$InitializeUserDetailsManagerConfigurer] - Global AuthenticationManager configured with UserDetailsService bean with name customUserDetailsService
2025-02-01 18:02:04.105 [INFO] [main] [o.s.b.a.w.s.WelcomePageHandlerMapping] - Adding welcome page template: index
2025-02-01 18:02:04.606 [INFO] [main] [o.a.coyote.http11.Http11NioProtocol] - Starting ProtocolHandler ["http-nio-8080"]
2025-02-01 18:02:04.628 [INFO] [main] [o.s.b.w.e.tomcat.TomcatWebServer] - Tomcat started on port 8080 (http) with context path '/'
2025-02-01 18:02:04.638 [INFO] [main] [c.K.S.SpringBootJpaApplication] - Started SpringBootJpaApplication in 6.085 seconds (process running for 6.475)
2025-02-01 18:02:14.205 [INFO] [http-nio-8080-exec-1] [o.a.c.c.C.[Tomcat].[localhost].[/]] - Initializing Spring DispatcherServlet 'dispatcherServlet'
2025-02-01 18:02:14.205 [INFO] [http-nio-8080-exec-1] [o.s.web.servlet.DispatcherServlet] - Initializing Servlet 'dispatcherServlet'
2025-02-01 18:02:14.206 [INFO] [http-nio-8080-exec-1] [o.s.web.servlet.DispatcherServlet] - Completed initialization in 1 ms
2025-02-01 18:02:14.249 [INFO] [http-nio-8080-exec-1] [c.K.S.controller.AdminController] - Admin page accessed by IP: 0:0:0:0:0:0:0:1
2025-02-01 18:02:15.085 [INFO] [http-nio-8080-exec-5] [c.K.S.controller.AdminController] - Admin project page accessed by IP: 0:0:0:0:0:0:0:1
2025-02-01 18:02:38.199 [INFO] [http-nio-8080-exec-1] [c.K.S.controller.AdminController] - Admin session page accessed by IP: 0:0:0:0:0:0:0:1
2025-02-01 18:02:40.729 [INFO] [http-nio-8080-exec-5] [c.K.S.controller.AdminController] - Admin project page accessed by IP: 0:0:0:0:0:0:0:1
2025-02-01 18:07:21.781 [INFO] [background-preinit] [o.h.validator.internal.util.Version] - HV000001: Hibernate Validator 8.0.1.Final
2025-02-01 18:07:21.858 [INFO] [main] [c.K.S.SpringBootJpaApplication] - Starting SpringBootJpaApplication using Java 17.0.8.1 with PID 12548 (C:\Users\KANG\Desktop\Self-study\Spring_Boot\Jpa\SpringBootTaco\build\classes\java\main started by KANG in C:\Users\KANG\Desktop\Self-study\Spring_Boot\Jpa\SpringBootTaco)
2025-02-01 18:07:21.859 [INFO] [main] [c.K.S.SpringBootJpaApplication] - No active profile set, falling back to 1 default profile: "default"
2025-02-01 18:07:22.787 [INFO] [main] [o.s.d.r.c.RepositoryConfigurationDelegate] - Multiple Spring Data modules found, entering strict repository configuration mode
2025-02-01 18:07:22.789 [INFO] [main] [o.s.d.r.c.RepositoryConfigurationDelegate] - Bootstrapping Spring Data JPA repositories in DEFAULT mode.
2025-02-01 18:07:22.840 [INFO] [main] [o.s.d.r.c.RepositoryConfigurationExtensionSupport] - Spring Data JPA - Could not safely identify store assignment for repository candidate interface com.Kang.SpringBoot_Jpa.mongorepo.ApplicationRepository; If you want this repository to be a JPA repository, consider annotating your entities with one of these annotations: jakarta.persistence.Entity, jakarta.persistence.MappedSuperclass (preferred), or consider extending one of the following types with your repository: org.springframework.data.jpa.repository.JpaRepository
2025-02-01 18:07:22.842 [INFO] [main] [o.s.d.r.c.RepositoryConfigurationExtensionSupport] - Spring Data JPA - Could not safely identify store assignment for repository candidate interface com.Kang.SpringBoot_Jpa.mongorepo.ProjectRepository; If you want this repository to be a JPA repository, consider annotating your entities with one of these annotations: jakarta.persistence.Entity, jakarta.persistence.MappedSuperclass (preferred), or consider extending one of the following types with your repository: org.springframework.data.jpa.repository.JpaRepository
2025-02-01 18:07:22.844 [INFO] [main] [o.s.d.r.c.RepositoryConfigurationExtensionSupport] - Spring Data JPA - Could not safely identify store assignment for repository candidate interface com.Kang.SpringBoot_Jpa.mongorepo.SessionRepository; If you want this repository to be a JPA repository, consider annotating your entities with one of these annotations: jakarta.persistence.Entity, jakarta.persistence.MappedSuperclass (preferred), or consider extending one of the following types with your repository: org.springframework.data.jpa.repository.JpaRepository
2025-02-01 18:07:22.965 [INFO] [main] [o.s.d.r.c.RepositoryConfigurationDelegate] - Finished Spring Data repository scanning in 165 ms. Found 1 JPA repository interface.
2025-02-01 18:07:22.999 [INFO] [main] [o.s.d.r.c.RepositoryConfigurationDelegate] - Multiple Spring Data modules found, entering strict repository configuration mode
2025-02-01 18:07:22.999 [INFO] [main] [o.s.d.r.c.RepositoryConfigurationDelegate] - Bootstrapping Spring Data MongoDB repositories in DEFAULT mode.
2025-02-01 18:07:23.010 [INFO] [main] [o.s.d.r.c.RepositoryConfigurationExtensionSupport] - Spring Data MongoDB - Could not safely identify store assignment for repository candidate interface com.Kang.SpringBoot_Jpa.repository.UserRepository; If you want this repository to be a MongoDB repository, consider annotating your entities with one of these annotations: org.springframework.data.mongodb.core.mapping.Document (preferred), or consider extending one of the following types with your repository: org.springframework.data.mongodb.repository.MongoRepository
2025-02-01 18:07:23.019 [INFO] [main] [o.s.d.r.c.RepositoryConfigurationDelegate] - Finished Spring Data repository scanning in 17 ms. Found 3 MongoDB repository interfaces.
2025-02-01 18:07:23.030 [INFO] [main] [o.s.d.r.c.RepositoryConfigurationDelegate] - Multiple Spring Data modules found, entering strict repository configuration mode
2025-02-01 18:07:23.033 [INFO] [main] [o.s.d.r.c.RepositoryConfigurationDelegate] - Bootstrapping Spring Data Redis repositories in DEFAULT mode.
2025-02-01 18:07:23.046 [INFO] [main] [o.s.d.r.c.RepositoryConfigurationExtensionSupport] - Spring Data Redis - Could not safely identify store assignment for repository candidate interface com.Kang.SpringBoot_Jpa.mongorepo.ApplicationRepository; If you want this repository to be a Redis repository, consider annotating your entities with one of these annotations: org.springframework.data.redis.core.RedisHash (preferred), or consider extending one of the following types with your repository: org.springframework.data.keyvalue.repository.KeyValueRepository
2025-02-01 18:07:23.047 [INFO] [main] [o.s.d.r.c.RepositoryConfigurationExtensionSupport] - Spring Data Redis - Could not safely identify store assignment for repository candidate interface com.Kang.SpringBoot_Jpa.mongorepo.ProjectRepository; If you want this repository to be a Redis repository, consider annotating your entities with one of these annotations: org.springframework.data.redis.core.RedisHash (preferred), or consider extending one of the following types with your repository: org.springframework.data.keyvalue.repository.KeyValueRepository
2025-02-01 18:07:23.047 [INFO] [main] [o.s.d.r.c.RepositoryConfigurationExtensionSupport] - Spring Data Redis - Could not safely identify store assignment for repository candidate interface com.Kang.SpringBoot_Jpa.mongorepo.SessionRepository; If you want this repository to be a Redis repository, consider annotating your entities with one of these annotations: org.springframework.data.redis.core.RedisHash (preferred), or consider extending one of the following types with your repository: org.springframework.data.keyvalue.repository.KeyValueRepository
2025-02-01 18:07:23.048 [INFO] [main] [o.s.d.r.c.RepositoryConfigurationExtensionSupport] - Spring Data Redis - Could not safely identify store assignment for repository candidate interface com.Kang.SpringBoot_Jpa.repository.UserRepository; If you want this repository to be a Redis repository, consider annotating your entities with one of these annotations: org.springframework.data.redis.core.RedisHash (preferred), or consider extending one of the following types with your repository: org.springframework.data.keyvalue.repository.KeyValueRepository
2025-02-01 18:07:23.048 [INFO] [main] [o.s.d.r.c.RepositoryConfigurationDelegate] - Finished Spring Data repository scanning in 7 ms. Found 0 Redis repository interfaces.
2025-02-01 18:07:23.724 [INFO] [main] [o.s.b.w.e.tomcat.TomcatWebServer] - Tomcat initialized with port 8080 (http)
2025-02-01 18:07:23.739 [INFO] [main] [o.a.coyote.http11.Http11NioProtocol] - Initializing ProtocolHandler ["http-nio-8080"]
2025-02-01 18:07:23.742 [INFO] [main] [o.a.catalina.core.StandardService] - Starting service [Tomcat]
2025-02-01 18:07:23.743 [INFO] [main] [o.a.catalina.core.StandardEngine] - Starting Servlet engine: [Apache Tomcat/10.1.33]
2025-02-01 18:07:23.844 [INFO] [main] [o.a.c.c.C.[Tomcat].[localhost].[/]] - Initializing Spring embedded WebApplicationContext
2025-02-01 18:07:23.845 [INFO] [main] [o.s.b.w.s.c.ServletWebServerApplicationContext] - Root WebApplicationContext: initialization completed in 1937 ms
2025-02-01 18:07:24.021 [INFO] [main] [o.h.jpa.internal.util.LogHelper] - HHH000204: Processing PersistenceUnitInfo [name: default]
2025-02-01 18:07:24.091 [INFO] [main] [org.hibernate.Version] - HHH000412: Hibernate ORM core version 6.6.2.Final
2025-02-01 18:07:24.133 [INFO] [main] [o.h.c.i.RegionFactoryInitiator] - HHH000026: Second-level cache disabled
2025-02-01 18:07:24.466 [INFO] [main] [o.s.o.j.p.SpringPersistenceUnitInfo] - No LoadTimeWeaver setup: ignoring JPA class transformer
2025-02-01 18:07:24.500 [INFO] [main] [com.zaxxer.hikari.HikariDataSource] - HikariPool-1 - Starting...
2025-02-01 18:07:24.803 [INFO] [main] [com.zaxxer.hikari.pool.HikariPool] - HikariPool-1 - Added connection com.mysql.cj.jdbc.ConnectionImpl@626df173
2025-02-01 18:07:24.805 [INFO] [main] [com.zaxxer.hikari.HikariDataSource] - HikariPool-1 - Start completed.
2025-02-01 18:07:24.889 [INFO] [main] [o.hibernate.orm.connections.pooling] - HHH10001005: Database info:
	Database JDBC URL [Connecting through datasource 'HikariDataSource (HikariPool-1)']
	Database driver: undefined/unknown
	Database version: 8.0.39
	Autocommit mode: undefined/unknown
	Isolation level: undefined/unknown
	Minimum pool size: undefined/unknown
	Maximum pool size: undefined/unknown
2025-02-01 18:07:25.681 [INFO] [main] [o.h.e.t.j.p.i.JtaPlatformInitiator] - HHH000489: No JTA platform available (set 'hibernate.transaction.jta.platform' to enable JTA platform integration)
2025-02-01 18:07:25.725 [INFO] [main] [o.s.o.j.LocalContainerEntityManagerFactoryBean] - Initialized JPA EntityManagerFactory for persistence unit 'default'
2025-02-01 18:07:26.581 [INFO] [main] [org.mongodb.driver.client] - MongoClient with metadata {"driver": {"name": "mongo-java-driver|sync|spring-boot", "version": "5.2.1"}, "os": {"type": "Windows", "name": "Windows 10", "architecture": "amd64", "version": "10.0"}, "platform": "Java/Eclipse Adoptium/17.0.8.1+1"} created with settings MongoClientSettings{readPreference=primary, writeConcern=WriteConcern{w=null, wTimeout=null ms, journal=null}, retryWrites=true, retryReads=true, readConcern=ReadConcern{level=null}, credential=null, transportSettings=null, commandListeners=[], codecRegistry=ProvidersCodecRegistry{codecProviders=[ValueCodecProvider{}, BsonValueCodecProvider{}, DBRefCodecProvider{}, DBObjectCodecProvider{}, DocumentCodecProvider{}, CollectionCodecProvider{}, IterableCodecProvider{}, MapCodecProvider{}, GeoJsonCodecProvider{}, GridFSFileCodecProvider{}, Jsr310CodecProvider{}, JsonObjectCodecProvider{}, BsonCodecProvider{}, EnumCodecProvider{}, com.mongodb.client.model.mql.ExpressionCodecProvider@4d7f3adf, com.mongodb.Jep395RecordCodecProvider@394c77e2, com.mongodb.KotlinCodecProvider@20dfe8b2]}, loggerSettings=LoggerSettings{maxDocumentLength=1000}, clusterSettings={hosts=[localhost:27017], srvServiceName=mongodb, mode=SINGLE, requiredClusterType=UNKNOWN, requiredReplicaSetName='null', serverSelector='null', clusterListeners='[]', serverSelectionTimeout='30000 ms', localThreshold='15 ms'}, socketSettings=SocketSettings{connectTimeoutMS=10000, readTimeoutMS=0, receiveBufferSize=0, proxySettings=ProxySettings{host=null, port=null, username=null, password=null}}, heartbeatSocketSettings=SocketSettings{connectTimeoutMS=10000, readTimeoutMS=10000, receiveBufferSize=0, proxySettings=ProxySettings{host=null, port=null, username=null, password=null}}, connectionPoolSettings=ConnectionPoolSettings{maxSize=100, minSize=0, maxWaitTimeMS=120000, maxConnectionLifeTimeMS=0, maxConnectionIdleTimeMS=0, maintenanceInitialDelayMS=0, maintenanceFrequencyMS=60000, connectionPoolListeners=[], maxConnecting=2}, serverSettings=ServerSettings{heartbeatFrequencyMS=10000, minHeartbeatFrequencyMS=500, serverMonitoringMode=AUTO, serverListeners='[]', serverMonitorListeners='[]'}, sslSettings=SslSettings{enabled=false, invalidHostNameAllowed=false, context=null}, applicationName='null', compressorList=[], uuidRepresentation=JAVA_LEGACY, serverApi=null, autoEncryptionSettings=null, dnsClient=null, inetAddressResolver=null, contextProvider=null, timeoutMS=null}
2025-02-01 18:07:26.595 [INFO] [cluster-ClusterId{value='679de44e4bff8e50b7af6d8c', description='null'}-localhost:27017] [org.mongodb.driver.cluster] - Monitor thread successfully connected to server with description ServerDescription{address=localhost:27017, type=STANDALONE, cryptd=false, state=CONNECTED, ok=true, minWireVersion=0, maxWireVersion=25, maxDocumentSize=16777216, logicalSessionTimeoutMinutes=30, roundTripTimeNanos=23137400, minRoundTripTimeNanos=0}
2025-02-01 18:07:26.874 [INFO] [main] [o.s.s.c.a.a.c.InitializeUserDetailsBeanManagerConfigurer$InitializeUserDetailsManagerConfigurer] - Global AuthenticationManager configured with UserDetailsService bean with name customUserDetailsService
2025-02-01 18:07:26.961 [INFO] [main] [o.s.b.a.w.s.WelcomePageHandlerMapping] - Adding welcome page template: index
2025-02-01 18:07:27.462 [INFO] [main] [o.a.coyote.http11.Http11NioProtocol] - Starting ProtocolHandler ["http-nio-8080"]
2025-02-01 18:07:27.484 [INFO] [main] [o.s.b.w.e.tomcat.TomcatWebServer] - Tomcat started on port 8080 (http) with context path '/'
2025-02-01 18:07:27.493 [INFO] [main] [c.K.S.SpringBootJpaApplication] - Started SpringBootJpaApplication in 6.295 seconds (process running for 6.738)
2025-02-01 18:07:36.202 [INFO] [http-nio-8080-exec-1] [o.a.c.c.C.[Tomcat].[localhost].[/]] - Initializing Spring DispatcherServlet 'dispatcherServlet'
2025-02-01 18:07:36.202 [INFO] [http-nio-8080-exec-1] [o.s.web.servlet.DispatcherServlet] - Initializing Servlet 'dispatcherServlet'
2025-02-01 18:07:36.203 [INFO] [http-nio-8080-exec-1] [o.s.web.servlet.DispatcherServlet] - Completed initialization in 1 ms
2025-02-01 18:07:36.244 [INFO] [http-nio-8080-exec-1] [c.K.S.controller.AdminController] - Admin page accessed by IP: 0:0:0:0:0:0:0:1
2025-02-01 18:07:37.620 [INFO] [http-nio-8080-exec-5] [c.K.S.controller.AdminController] - Admin project page accessed by IP: 0:0:0:0:0:0:0:1
