2025-01-27 00:30:51.845 [INFO] [background-preinit] [o.h.validator.internal.util.Version] - HV000001: Hibernate Validator 8.0.1.Final
2025-01-27 00:30:51.931 [INFO] [main] [c.K.S.SpringBootJpaApplication] - Starting SpringBootJpaApplication using Java 17.0.8.1 with PID 1972 (C:\Users\KANG\Desktop\Self-study\Spring_Boot\Jpa\SpringBootTaco\build\classes\java\main started by KANG in C:\Users\KANG\Desktop\Self-study\Spring_Boot\Jpa\SpringBootTaco)
2025-01-27 00:30:51.933 [INFO] [main] [c.K.S.SpringBootJpaApplication] - No active profile set, falling back to 1 default profile: "default"
2025-01-27 00:30:52.876 [INFO] [main] [o.s.d.r.c.RepositoryConfigurationDelegate] - Multiple Spring Data modules found, entering strict repository configuration mode
2025-01-27 00:30:52.879 [INFO] [main] [o.s.d.r.c.RepositoryConfigurationDelegate] - Bootstrapping Spring Data JPA repositories in DEFAULT mode.
2025-01-27 00:30:52.931 [INFO] [main] [o.s.d.r.c.RepositoryConfigurationExtensionSupport] - Spring Data JPA - Could not safely identify store assignment for repository candidate interface com.Kang.SpringBoot_Jpa.mongorepo.ProjectRepository; If you want this repository to be a JPA repository, consider annotating your entities with one of these annotations: jakarta.persistence.Entity, jakarta.persistence.MappedSuperclass (preferred), or consider extending one of the following types with your repository: org.springframework.data.jpa.repository.JpaRepository
2025-01-27 00:30:52.933 [INFO] [main] [o.s.d.r.c.RepositoryConfigurationExtensionSupport] - Spring Data JPA - Could not safely identify store assignment for repository candidate interface com.Kang.SpringBoot_Jpa.mongorepo.SessionRepository; If you want this repository to be a JPA repository, consider annotating your entities with one of these annotations: jakarta.persistence.Entity, jakarta.persistence.MappedSuperclass (preferred), or consider extending one of the following types with your repository: org.springframework.data.jpa.repository.JpaRepository
2025-01-27 00:30:53.071 [INFO] [main] [o.s.d.r.c.RepositoryConfigurationDelegate] - Finished Spring Data repository scanning in 181 ms. Found 1 JPA repository interface.
2025-01-27 00:30:53.105 [INFO] [main] [o.s.d.r.c.RepositoryConfigurationDelegate] - Multiple Spring Data modules found, entering strict repository configuration mode
2025-01-27 00:30:53.105 [INFO] [main] [o.s.d.r.c.RepositoryConfigurationDelegate] - Bootstrapping Spring Data MongoDB repositories in DEFAULT mode.
2025-01-27 00:30:53.115 [INFO] [main] [o.s.d.r.c.RepositoryConfigurationExtensionSupport] - Spring Data MongoDB - Could not safely identify store assignment for repository candidate interface com.Kang.SpringBoot_Jpa.repository.UserRepository; If you want this repository to be a MongoDB repository, consider annotating your entities with one of these annotations: org.springframework.data.mongodb.core.mapping.Document (preferred), or consider extending one of the following types with your repository: org.springframework.data.mongodb.repository.MongoRepository
2025-01-27 00:30:53.121 [INFO] [main] [o.s.d.r.c.RepositoryConfigurationDelegate] - Finished Spring Data repository scanning in 14 ms. Found 2 MongoDB repository interfaces.
2025-01-27 00:30:53.135 [INFO] [main] [o.s.d.r.c.RepositoryConfigurationDelegate] - Multiple Spring Data modules found, entering strict repository configuration mode
2025-01-27 00:30:53.137 [INFO] [main] [o.s.d.r.c.RepositoryConfigurationDelegate] - Bootstrapping Spring Data Redis repositories in DEFAULT mode.
2025-01-27 00:30:53.154 [INFO] [main] [o.s.d.r.c.RepositoryConfigurationExtensionSupport] - Spring Data Redis - Could not safely identify store assignment for repository candidate interface com.Kang.SpringBoot_Jpa.mongorepo.ProjectRepository; If you want this repository to be a Redis repository, consider annotating your entities with one of these annotations: org.springframework.data.redis.core.RedisHash (preferred), or consider extending one of the following types with your repository: org.springframework.data.keyvalue.repository.KeyValueRepository
2025-01-27 00:30:53.154 [INFO] [main] [o.s.d.r.c.RepositoryConfigurationExtensionSupport] - Spring Data Redis - Could not safely identify store assignment for repository candidate interface com.Kang.SpringBoot_Jpa.mongorepo.SessionRepository; If you want this repository to be a Redis repository, consider annotating your entities with one of these annotations: org.springframework.data.redis.core.RedisHash (preferred), or consider extending one of the following types with your repository: org.springframework.data.keyvalue.repository.KeyValueRepository
2025-01-27 00:30:53.155 [INFO] [main] [o.s.d.r.c.RepositoryConfigurationExtensionSupport] - Spring Data Redis - Could not safely identify store assignment for repository candidate interface com.Kang.SpringBoot_Jpa.repository.UserRepository; If you want this repository to be a Redis repository, consider annotating your entities with one of these annotations: org.springframework.data.redis.core.RedisHash (preferred), or consider extending one of the following types with your repository: org.springframework.data.keyvalue.repository.KeyValueRepository
2025-01-27 00:30:53.155 [INFO] [main] [o.s.d.r.c.RepositoryConfigurationDelegate] - Finished Spring Data repository scanning in 7 ms. Found 0 Redis repository interfaces.
2025-01-27 00:30:53.859 [INFO] [main] [o.s.b.w.e.tomcat.TomcatWebServer] - Tomcat initialized with port 8080 (http)
2025-01-27 00:30:53.871 [INFO] [main] [o.a.coyote.http11.Http11NioProtocol] - Initializing ProtocolHandler ["http-nio-8080"]
2025-01-27 00:30:53.873 [INFO] [main] [o.a.catalina.core.StandardService] - Starting service [Tomcat]
2025-01-27 00:30:53.873 [INFO] [main] [o.a.catalina.core.StandardEngine] - Starting Servlet engine: [Apache Tomcat/10.1.33]
2025-01-27 00:30:53.956 [INFO] [main] [o.a.c.c.C.[Tomcat].[localhost].[/]] - Initializing Spring embedded WebApplicationContext
2025-01-27 00:30:53.957 [INFO] [main] [o.s.b.w.s.c.ServletWebServerApplicationContext] - Root WebApplicationContext: initialization completed in 1962 ms
2025-01-27 00:30:54.131 [INFO] [main] [o.h.jpa.internal.util.LogHelper] - HHH000204: Processing PersistenceUnitInfo [name: default]
2025-01-27 00:30:54.218 [INFO] [main] [org.hibernate.Version] - HHH000412: Hibernate ORM core version 6.6.2.Final
2025-01-27 00:30:54.261 [INFO] [main] [o.h.c.i.RegionFactoryInitiator] - HHH000026: Second-level cache disabled
2025-01-27 00:30:54.597 [INFO] [main] [o.s.o.j.p.SpringPersistenceUnitInfo] - No LoadTimeWeaver setup: ignoring JPA class transformer
2025-01-27 00:30:54.638 [INFO] [main] [com.zaxxer.hikari.HikariDataSource] - HikariPool-1 - Starting...
2025-01-27 00:30:54.977 [INFO] [main] [com.zaxxer.hikari.pool.HikariPool] - HikariPool-1 - Added connection com.mysql.cj.jdbc.ConnectionImpl@4e4bfd9c
2025-01-27 00:30:54.979 [INFO] [main] [com.zaxxer.hikari.HikariDataSource] - HikariPool-1 - Start completed.
2025-01-27 00:30:55.072 [INFO] [main] [o.hibernate.orm.connections.pooling] - HHH10001005: Database info:
	Database JDBC URL [Connecting through datasource 'HikariDataSource (HikariPool-1)']
	Database driver: undefined/unknown
	Database version: 8.0.39
	Autocommit mode: undefined/unknown
	Isolation level: undefined/unknown
	Minimum pool size: undefined/unknown
	Maximum pool size: undefined/unknown
2025-01-27 00:30:55.919 [INFO] [main] [o.h.e.t.j.p.i.JtaPlatformInitiator] - HHH000489: No JTA platform available (set 'hibernate.transaction.jta.platform' to enable JTA platform integration)
2025-01-27 00:30:55.969 [INFO] [main] [o.s.o.j.LocalContainerEntityManagerFactoryBean] - Initialized JPA EntityManagerFactory for persistence unit 'default'
2025-01-27 00:30:56.869 [INFO] [main] [org.mongodb.driver.client] - MongoClient with metadata {"driver": {"name": "mongo-java-driver|sync|spring-boot", "version": "5.2.1"}, "os": {"type": "Windows", "name": "Windows 10", "architecture": "amd64", "version": "10.0"}, "platform": "Java/Eclipse Adoptium/17.0.8.1+1"} created with settings MongoClientSettings{readPreference=primary, writeConcern=WriteConcern{w=null, wTimeout=null ms, journal=null}, retryWrites=true, retryReads=true, readConcern=ReadConcern{level=null}, credential=null, transportSettings=null, commandListeners=[], codecRegistry=ProvidersCodecRegistry{codecProviders=[ValueCodecProvider{}, BsonValueCodecProvider{}, DBRefCodecProvider{}, DBObjectCodecProvider{}, DocumentCodecProvider{}, CollectionCodecProvider{}, IterableCodecProvider{}, MapCodecProvider{}, GeoJsonCodecProvider{}, GridFSFileCodecProvider{}, Jsr310CodecProvider{}, JsonObjectCodecProvider{}, BsonCodecProvider{}, EnumCodecProvider{}, com.mongodb.client.model.mql.ExpressionCodecProvider@1641dfb3, com.mongodb.Jep395RecordCodecProvider@49620576, com.mongodb.KotlinCodecProvider@3397c8c0]}, loggerSettings=LoggerSettings{maxDocumentLength=1000}, clusterSettings={hosts=[localhost:27017], srvServiceName=mongodb, mode=SINGLE, requiredClusterType=UNKNOWN, requiredReplicaSetName='null', serverSelector='null', clusterListeners='[]', serverSelectionTimeout='30000 ms', localThreshold='15 ms'}, socketSettings=SocketSettings{connectTimeoutMS=10000, readTimeoutMS=0, receiveBufferSize=0, proxySettings=ProxySettings{host=null, port=null, username=null, password=null}}, heartbeatSocketSettings=SocketSettings{connectTimeoutMS=10000, readTimeoutMS=10000, receiveBufferSize=0, proxySettings=ProxySettings{host=null, port=null, username=null, password=null}}, connectionPoolSettings=ConnectionPoolSettings{maxSize=100, minSize=0, maxWaitTimeMS=120000, maxConnectionLifeTimeMS=0, maxConnectionIdleTimeMS=0, maintenanceInitialDelayMS=0, maintenanceFrequencyMS=60000, connectionPoolListeners=[], maxConnecting=2}, serverSettings=ServerSettings{heartbeatFrequencyMS=10000, minHeartbeatFrequencyMS=500, serverMonitoringMode=AUTO, serverListeners='[]', serverMonitorListeners='[]'}, sslSettings=SslSettings{enabled=false, invalidHostNameAllowed=false, context=null}, applicationName='null', compressorList=[], uuidRepresentation=JAVA_LEGACY, serverApi=null, autoEncryptionSettings=null, dnsClient=null, inetAddressResolver=null, contextProvider=null, timeoutMS=null}
2025-01-27 00:30:56.882 [INFO] [cluster-ClusterId{value='679655306925690356092e80', description='null'}-localhost:27017] [org.mongodb.driver.cluster] - Monitor thread successfully connected to server with description ServerDescription{address=localhost:27017, type=STANDALONE, cryptd=false, state=CONNECTED, ok=true, minWireVersion=0, maxWireVersion=25, maxDocumentSize=16777216, logicalSessionTimeoutMinutes=30, roundTripTimeNanos=22495300, minRoundTripTimeNanos=0}
2025-01-27 00:30:57.183 [INFO] [main] [o.s.s.c.a.a.c.InitializeUserDetailsBeanManagerConfigurer$InitializeUserDetailsManagerConfigurer] - Global AuthenticationManager configured with UserDetailsService bean with name customUserDetailsService
2025-01-27 00:30:57.281 [INFO] [main] [o.s.b.a.w.s.WelcomePageHandlerMapping] - Adding welcome page template: index
2025-01-27 00:30:57.808 [INFO] [main] [o.a.coyote.http11.Http11NioProtocol] - Starting ProtocolHandler ["http-nio-8080"]
2025-01-27 00:30:57.828 [INFO] [main] [o.s.b.w.e.tomcat.TomcatWebServer] - Tomcat started on port 8080 (http) with context path '/'
2025-01-27 00:30:57.837 [INFO] [main] [c.K.S.SpringBootJpaApplication] - Started SpringBootJpaApplication in 6.562 seconds (process running for 6.987)
2025-01-27 00:33:29.675 [INFO] [http-nio-8080-exec-1] [o.a.c.c.C.[Tomcat].[localhost].[/]] - Initializing Spring DispatcherServlet 'dispatcherServlet'
2025-01-27 00:33:29.675 [INFO] [http-nio-8080-exec-1] [o.s.web.servlet.DispatcherServlet] - Initializing Servlet 'dispatcherServlet'
2025-01-27 00:33:29.676 [INFO] [http-nio-8080-exec-1] [o.s.web.servlet.DispatcherServlet] - Completed initialization in 1 ms
2025-01-27 00:33:29.717 [INFO] [http-nio-8080-exec-1] [c.K.S.controller.AdminController] - Admin page accessed by IP: 0:0:0:0:0:0:0:1
2025-01-27 00:33:30.952 [INFO] [http-nio-8080-exec-8] [c.K.S.controller.AccountController] - Login page accessed by IP: 0:0:0:0:0:0:0:1
2025-01-27 00:33:56.877 [INFO] [http-nio-8080-exec-1] [c.K.S.controller.MainController] - Index page accessed by IP: 0:0:0:0:0:0:0:1
2025-01-27 00:34:00.167 [INFO] [http-nio-8080-exec-2] [c.K.S.controller.AdminController] - Admin page accessed by IP: 0:0:0:0:0:0:0:1
2025-01-27 00:34:16.512 [INFO] [http-nio-8080-exec-5] [c.K.S.controller.AdminController] - Admin project page accessed by IP: 0:0:0:0:0:0:0:1
2025-01-27 00:34:21.038 [INFO] [http-nio-8080-exec-10] [c.K.S.controller.AdminController] - Admin write project page accessed by IP: 0:0:0:0:0:0:0:1
2025-01-27 00:40:41.822 [INFO] [background-preinit] [o.h.validator.internal.util.Version] - HV000001: Hibernate Validator 8.0.1.Final
2025-01-27 00:40:41.901 [INFO] [main] [c.K.S.SpringBootJpaApplication] - Starting SpringBootJpaApplication using Java 17.0.8.1 with PID 7764 (C:\Users\KANG\Desktop\Self-study\Spring_Boot\Jpa\SpringBootTaco\build\classes\java\main started by KANG in C:\Users\KANG\Desktop\Self-study\Spring_Boot\Jpa\SpringBootTaco)
2025-01-27 00:40:41.904 [INFO] [main] [c.K.S.SpringBootJpaApplication] - No active profile set, falling back to 1 default profile: "default"
2025-01-27 00:40:42.793 [INFO] [main] [o.s.d.r.c.RepositoryConfigurationDelegate] - Multiple Spring Data modules found, entering strict repository configuration mode
2025-01-27 00:40:42.796 [INFO] [main] [o.s.d.r.c.RepositoryConfigurationDelegate] - Bootstrapping Spring Data JPA repositories in DEFAULT mode.
2025-01-27 00:40:42.849 [INFO] [main] [o.s.d.r.c.RepositoryConfigurationExtensionSupport] - Spring Data JPA - Could not safely identify store assignment for repository candidate interface com.Kang.SpringBoot_Jpa.mongorepo.ProjectRepository; If you want this repository to be a JPA repository, consider annotating your entities with one of these annotations: jakarta.persistence.Entity, jakarta.persistence.MappedSuperclass (preferred), or consider extending one of the following types with your repository: org.springframework.data.jpa.repository.JpaRepository
2025-01-27 00:40:42.852 [INFO] [main] [o.s.d.r.c.RepositoryConfigurationExtensionSupport] - Spring Data JPA - Could not safely identify store assignment for repository candidate interface com.Kang.SpringBoot_Jpa.mongorepo.SessionRepository; If you want this repository to be a JPA repository, consider annotating your entities with one of these annotations: jakarta.persistence.Entity, jakarta.persistence.MappedSuperclass (preferred), or consider extending one of the following types with your repository: org.springframework.data.jpa.repository.JpaRepository
2025-01-27 00:40:42.979 [INFO] [main] [o.s.d.r.c.RepositoryConfigurationDelegate] - Finished Spring Data repository scanning in 172 ms. Found 1 JPA repository interface.
2025-01-27 00:40:43.014 [INFO] [main] [o.s.d.r.c.RepositoryConfigurationDelegate] - Multiple Spring Data modules found, entering strict repository configuration mode
2025-01-27 00:40:43.014 [INFO] [main] [o.s.d.r.c.RepositoryConfigurationDelegate] - Bootstrapping Spring Data MongoDB repositories in DEFAULT mode.
2025-01-27 00:40:43.024 [INFO] [main] [o.s.d.r.c.RepositoryConfigurationExtensionSupport] - Spring Data MongoDB - Could not safely identify store assignment for repository candidate interface com.Kang.SpringBoot_Jpa.repository.UserRepository; If you want this repository to be a MongoDB repository, consider annotating your entities with one of these annotations: org.springframework.data.mongodb.core.mapping.Document (preferred), or consider extending one of the following types with your repository: org.springframework.data.mongodb.repository.MongoRepository
2025-01-27 00:40:43.032 [INFO] [main] [o.s.d.r.c.RepositoryConfigurationDelegate] - Finished Spring Data repository scanning in 16 ms. Found 2 MongoDB repository interfaces.
2025-01-27 00:40:43.049 [INFO] [main] [o.s.d.r.c.RepositoryConfigurationDelegate] - Multiple Spring Data modules found, entering strict repository configuration mode
2025-01-27 00:40:43.051 [INFO] [main] [o.s.d.r.c.RepositoryConfigurationDelegate] - Bootstrapping Spring Data Redis repositories in DEFAULT mode.
2025-01-27 00:40:43.071 [INFO] [main] [o.s.d.r.c.RepositoryConfigurationExtensionSupport] - Spring Data Redis - Could not safely identify store assignment for repository candidate interface com.Kang.SpringBoot_Jpa.mongorepo.ProjectRepository; If you want this repository to be a Redis repository, consider annotating your entities with one of these annotations: org.springframework.data.redis.core.RedisHash (preferred), or consider extending one of the following types with your repository: org.springframework.data.keyvalue.repository.KeyValueRepository
2025-01-27 00:40:43.071 [INFO] [main] [o.s.d.r.c.RepositoryConfigurationExtensionSupport] - Spring Data Redis - Could not safely identify store assignment for repository candidate interface com.Kang.SpringBoot_Jpa.mongorepo.SessionRepository; If you want this repository to be a Redis repository, consider annotating your entities with one of these annotations: org.springframework.data.redis.core.RedisHash (preferred), or consider extending one of the following types with your repository: org.springframework.data.keyvalue.repository.KeyValueRepository
2025-01-27 00:40:43.071 [INFO] [main] [o.s.d.r.c.RepositoryConfigurationExtensionSupport] - Spring Data Redis - Could not safely identify store assignment for repository candidate interface com.Kang.SpringBoot_Jpa.repository.UserRepository; If you want this repository to be a Redis repository, consider annotating your entities with one of these annotations: org.springframework.data.redis.core.RedisHash (preferred), or consider extending one of the following types with your repository: org.springframework.data.keyvalue.repository.KeyValueRepository
2025-01-27 00:40:43.071 [INFO] [main] [o.s.d.r.c.RepositoryConfigurationDelegate] - Finished Spring Data repository scanning in 11 ms. Found 0 Redis repository interfaces.
2025-01-27 00:40:43.759 [INFO] [main] [o.s.b.w.e.tomcat.TomcatWebServer] - Tomcat initialized with port 8080 (http)
2025-01-27 00:40:43.773 [INFO] [main] [o.a.coyote.http11.Http11NioProtocol] - Initializing ProtocolHandler ["http-nio-8080"]
2025-01-27 00:40:43.775 [INFO] [main] [o.a.catalina.core.StandardService] - Starting service [Tomcat]
2025-01-27 00:40:43.776 [INFO] [main] [o.a.catalina.core.StandardEngine] - Starting Servlet engine: [Apache Tomcat/10.1.33]
2025-01-27 00:40:43.857 [INFO] [main] [o.a.c.c.C.[Tomcat].[localhost].[/]] - Initializing Spring embedded WebApplicationContext
2025-01-27 00:40:43.857 [INFO] [main] [o.s.b.w.s.c.ServletWebServerApplicationContext] - Root WebApplicationContext: initialization completed in 1888 ms
2025-01-27 00:40:44.013 [INFO] [main] [o.h.jpa.internal.util.LogHelper] - HHH000204: Processing PersistenceUnitInfo [name: default]
2025-01-27 00:40:44.085 [INFO] [main] [org.hibernate.Version] - HHH000412: Hibernate ORM core version 6.6.2.Final
2025-01-27 00:40:44.132 [INFO] [main] [o.h.c.i.RegionFactoryInitiator] - HHH000026: Second-level cache disabled
2025-01-27 00:40:44.448 [INFO] [main] [o.s.o.j.p.SpringPersistenceUnitInfo] - No LoadTimeWeaver setup: ignoring JPA class transformer
2025-01-27 00:40:44.485 [INFO] [main] [com.zaxxer.hikari.HikariDataSource] - HikariPool-1 - Starting...
2025-01-27 00:40:44.777 [INFO] [main] [com.zaxxer.hikari.pool.HikariPool] - HikariPool-1 - Added connection com.mysql.cj.jdbc.ConnectionImpl@6d7556a8
2025-01-27 00:40:44.780 [INFO] [main] [com.zaxxer.hikari.HikariDataSource] - HikariPool-1 - Start completed.
2025-01-27 00:40:44.873 [INFO] [main] [o.hibernate.orm.connections.pooling] - HHH10001005: Database info:
	Database JDBC URL [Connecting through datasource 'HikariDataSource (HikariPool-1)']
	Database driver: undefined/unknown
	Database version: 8.0.39
	Autocommit mode: undefined/unknown
	Isolation level: undefined/unknown
	Minimum pool size: undefined/unknown
	Maximum pool size: undefined/unknown
2025-01-27 00:40:45.694 [INFO] [main] [o.h.e.t.j.p.i.JtaPlatformInitiator] - HHH000489: No JTA platform available (set 'hibernate.transaction.jta.platform' to enable JTA platform integration)
2025-01-27 00:40:45.741 [INFO] [main] [o.s.o.j.LocalContainerEntityManagerFactoryBean] - Initialized JPA EntityManagerFactory for persistence unit 'default'
2025-01-27 00:40:46.622 [INFO] [main] [org.mongodb.driver.client] - MongoClient with metadata {"driver": {"name": "mongo-java-driver|sync|spring-boot", "version": "5.2.1"}, "os": {"type": "Windows", "name": "Windows 10", "architecture": "amd64", "version": "10.0"}, "platform": "Java/Eclipse Adoptium/17.0.8.1+1"} created with settings MongoClientSettings{readPreference=primary, writeConcern=WriteConcern{w=null, wTimeout=null ms, journal=null}, retryWrites=true, retryReads=true, readConcern=ReadConcern{level=null}, credential=null, transportSettings=null, commandListeners=[], codecRegistry=ProvidersCodecRegistry{codecProviders=[ValueCodecProvider{}, BsonValueCodecProvider{}, DBRefCodecProvider{}, DBObjectCodecProvider{}, DocumentCodecProvider{}, CollectionCodecProvider{}, IterableCodecProvider{}, MapCodecProvider{}, GeoJsonCodecProvider{}, GridFSFileCodecProvider{}, Jsr310CodecProvider{}, JsonObjectCodecProvider{}, BsonCodecProvider{}, EnumCodecProvider{}, com.mongodb.client.model.mql.ExpressionCodecProvider@38c7ad43, com.mongodb.Jep395RecordCodecProvider@1ee04ff6, com.mongodb.KotlinCodecProvider@32fefbe6]}, loggerSettings=LoggerSettings{maxDocumentLength=1000}, clusterSettings={hosts=[localhost:27017], srvServiceName=mongodb, mode=SINGLE, requiredClusterType=UNKNOWN, requiredReplicaSetName='null', serverSelector='null', clusterListeners='[]', serverSelectionTimeout='30000 ms', localThreshold='15 ms'}, socketSettings=SocketSettings{connectTimeoutMS=10000, readTimeoutMS=0, receiveBufferSize=0, proxySettings=ProxySettings{host=null, port=null, username=null, password=null}}, heartbeatSocketSettings=SocketSettings{connectTimeoutMS=10000, readTimeoutMS=10000, receiveBufferSize=0, proxySettings=ProxySettings{host=null, port=null, username=null, password=null}}, connectionPoolSettings=ConnectionPoolSettings{maxSize=100, minSize=0, maxWaitTimeMS=120000, maxConnectionLifeTimeMS=0, maxConnectionIdleTimeMS=0, maintenanceInitialDelayMS=0, maintenanceFrequencyMS=60000, connectionPoolListeners=[], maxConnecting=2}, serverSettings=ServerSettings{heartbeatFrequencyMS=10000, minHeartbeatFrequencyMS=500, serverMonitoringMode=AUTO, serverListeners='[]', serverMonitorListeners='[]'}, sslSettings=SslSettings{enabled=false, invalidHostNameAllowed=false, context=null}, applicationName='null', compressorList=[], uuidRepresentation=JAVA_LEGACY, serverApi=null, autoEncryptionSettings=null, dnsClient=null, inetAddressResolver=null, contextProvider=null, timeoutMS=null}
2025-01-27 00:40:46.634 [INFO] [cluster-ClusterId{value='6796577e148df62caf3b713e', description='null'}-localhost:27017] [org.mongodb.driver.cluster] - Monitor thread successfully connected to server with description ServerDescription{address=localhost:27017, type=STANDALONE, cryptd=false, state=CONNECTED, ok=true, minWireVersion=0, maxWireVersion=25, maxDocumentSize=16777216, logicalSessionTimeoutMinutes=30, roundTripTimeNanos=23735300, minRoundTripTimeNanos=0}
2025-01-27 00:40:46.935 [INFO] [main] [o.s.s.c.a.a.c.InitializeUserDetailsBeanManagerConfigurer$InitializeUserDetailsManagerConfigurer] - Global AuthenticationManager configured with UserDetailsService bean with name customUserDetailsService
2025-01-27 00:40:47.038 [INFO] [main] [o.s.b.a.w.s.WelcomePageHandlerMapping] - Adding welcome page template: index
2025-01-27 00:40:47.570 [INFO] [main] [o.a.coyote.http11.Http11NioProtocol] - Starting ProtocolHandler ["http-nio-8080"]
2025-01-27 00:40:47.596 [INFO] [main] [o.s.b.w.e.tomcat.TomcatWebServer] - Tomcat started on port 8080 (http) with context path '/'
2025-01-27 00:40:47.606 [INFO] [main] [c.K.S.SpringBootJpaApplication] - Started SpringBootJpaApplication in 6.339 seconds (process running for 6.753)
2025-01-27 00:41:21.079 [INFO] [http-nio-8080-exec-1] [o.a.c.c.C.[Tomcat].[localhost].[/]] - Initializing Spring DispatcherServlet 'dispatcherServlet'
2025-01-27 00:41:21.079 [INFO] [http-nio-8080-exec-1] [o.s.web.servlet.DispatcherServlet] - Initializing Servlet 'dispatcherServlet'
2025-01-27 00:41:21.080 [INFO] [http-nio-8080-exec-1] [o.s.web.servlet.DispatcherServlet] - Completed initialization in 1 ms
2025-01-27 00:41:21.118 [INFO] [http-nio-8080-exec-1] [c.K.S.controller.AdminController] - Admin page accessed by IP: 0:0:0:0:0:0:0:1
2025-01-27 00:41:22.331 [INFO] [http-nio-8080-exec-5] [c.K.S.controller.AdminController] - Admin project page accessed by IP: 0:0:0:0:0:0:0:1
2025-01-27 00:41:23.436 [INFO] [http-nio-8080-exec-8] [c.K.S.controller.AdminController] - Admin write project page accessed by IP: 0:0:0:0:0:0:0:1
2025-01-27 00:51:00.266 [INFO] [background-preinit] [o.h.validator.internal.util.Version] - HV000001: Hibernate Validator 8.0.1.Final
2025-01-27 00:51:00.341 [INFO] [main] [c.K.S.SpringBootJpaApplication] - Starting SpringBootJpaApplication using Java 17.0.8.1 with PID 18456 (C:\Users\KANG\Desktop\Self-study\Spring_Boot\Jpa\SpringBootTaco\build\classes\java\main started by KANG in C:\Users\KANG\Desktop\Self-study\Spring_Boot\Jpa\SpringBootTaco)
2025-01-27 00:51:00.343 [INFO] [main] [c.K.S.SpringBootJpaApplication] - No active profile set, falling back to 1 default profile: "default"
2025-01-27 00:51:01.240 [INFO] [main] [o.s.d.r.c.RepositoryConfigurationDelegate] - Multiple Spring Data modules found, entering strict repository configuration mode
2025-01-27 00:51:01.242 [INFO] [main] [o.s.d.r.c.RepositoryConfigurationDelegate] - Bootstrapping Spring Data JPA repositories in DEFAULT mode.
2025-01-27 00:51:01.296 [INFO] [main] [o.s.d.r.c.RepositoryConfigurationExtensionSupport] - Spring Data JPA - Could not safely identify store assignment for repository candidate interface com.Kang.SpringBoot_Jpa.mongorepo.ProjectRepository; If you want this repository to be a JPA repository, consider annotating your entities with one of these annotations: jakarta.persistence.Entity, jakarta.persistence.MappedSuperclass (preferred), or consider extending one of the following types with your repository: org.springframework.data.jpa.repository.JpaRepository
2025-01-27 00:51:01.298 [INFO] [main] [o.s.d.r.c.RepositoryConfigurationExtensionSupport] - Spring Data JPA - Could not safely identify store assignment for repository candidate interface com.Kang.SpringBoot_Jpa.mongorepo.SessionRepository; If you want this repository to be a JPA repository, consider annotating your entities with one of these annotations: jakarta.persistence.Entity, jakarta.persistence.MappedSuperclass (preferred), or consider extending one of the following types with your repository: org.springframework.data.jpa.repository.JpaRepository
2025-01-27 00:51:01.421 [INFO] [main] [o.s.d.r.c.RepositoryConfigurationDelegate] - Finished Spring Data repository scanning in 165 ms. Found 1 JPA repository interface.
2025-01-27 00:51:01.458 [INFO] [main] [o.s.d.r.c.RepositoryConfigurationDelegate] - Multiple Spring Data modules found, entering strict repository configuration mode
2025-01-27 00:51:01.459 [INFO] [main] [o.s.d.r.c.RepositoryConfigurationDelegate] - Bootstrapping Spring Data MongoDB repositories in DEFAULT mode.
2025-01-27 00:51:01.472 [INFO] [main] [o.s.d.r.c.RepositoryConfigurationExtensionSupport] - Spring Data MongoDB - Could not safely identify store assignment for repository candidate interface com.Kang.SpringBoot_Jpa.repository.UserRepository; If you want this repository to be a MongoDB repository, consider annotating your entities with one of these annotations: org.springframework.data.mongodb.core.mapping.Document (preferred), or consider extending one of the following types with your repository: org.springframework.data.mongodb.repository.MongoRepository
2025-01-27 00:51:01.481 [INFO] [main] [o.s.d.r.c.RepositoryConfigurationDelegate] - Finished Spring Data repository scanning in 20 ms. Found 2 MongoDB repository interfaces.
2025-01-27 00:51:01.501 [INFO] [main] [o.s.d.r.c.RepositoryConfigurationDelegate] - Multiple Spring Data modules found, entering strict repository configuration mode
2025-01-27 00:51:01.504 [INFO] [main] [o.s.d.r.c.RepositoryConfigurationDelegate] - Bootstrapping Spring Data Redis repositories in DEFAULT mode.
2025-01-27 00:51:01.523 [INFO] [main] [o.s.d.r.c.RepositoryConfigurationExtensionSupport] - Spring Data Redis - Could not safely identify store assignment for repository candidate interface com.Kang.SpringBoot_Jpa.mongorepo.ProjectRepository; If you want this repository to be a Redis repository, consider annotating your entities with one of these annotations: org.springframework.data.redis.core.RedisHash (preferred), or consider extending one of the following types with your repository: org.springframework.data.keyvalue.repository.KeyValueRepository
2025-01-27 00:51:01.523 [INFO] [main] [o.s.d.r.c.RepositoryConfigurationExtensionSupport] - Spring Data Redis - Could not safely identify store assignment for repository candidate interface com.Kang.SpringBoot_Jpa.mongorepo.SessionRepository; If you want this repository to be a Redis repository, consider annotating your entities with one of these annotations: org.springframework.data.redis.core.RedisHash (preferred), or consider extending one of the following types with your repository: org.springframework.data.keyvalue.repository.KeyValueRepository
2025-01-27 00:51:01.523 [INFO] [main] [o.s.d.r.c.RepositoryConfigurationExtensionSupport] - Spring Data Redis - Could not safely identify store assignment for repository candidate interface com.Kang.SpringBoot_Jpa.repository.UserRepository; If you want this repository to be a Redis repository, consider annotating your entities with one of these annotations: org.springframework.data.redis.core.RedisHash (preferred), or consider extending one of the following types with your repository: org.springframework.data.keyvalue.repository.KeyValueRepository
2025-01-27 00:51:01.523 [INFO] [main] [o.s.d.r.c.RepositoryConfigurationDelegate] - Finished Spring Data repository scanning in 7 ms. Found 0 Redis repository interfaces.
2025-01-27 00:51:02.228 [INFO] [main] [o.s.b.w.e.tomcat.TomcatWebServer] - Tomcat initialized with port 8080 (http)
2025-01-27 00:51:02.241 [INFO] [main] [o.a.coyote.http11.Http11NioProtocol] - Initializing ProtocolHandler ["http-nio-8080"]
2025-01-27 00:51:02.243 [INFO] [main] [o.a.catalina.core.StandardService] - Starting service [Tomcat]
2025-01-27 00:51:02.244 [INFO] [main] [o.a.catalina.core.StandardEngine] - Starting Servlet engine: [Apache Tomcat/10.1.33]
2025-01-27 00:51:02.334 [INFO] [main] [o.a.c.c.C.[Tomcat].[localhost].[/]] - Initializing Spring embedded WebApplicationContext
2025-01-27 00:51:02.335 [INFO] [main] [o.s.b.w.s.c.ServletWebServerApplicationContext] - Root WebApplicationContext: initialization completed in 1940 ms
2025-01-27 00:51:02.498 [INFO] [main] [o.h.jpa.internal.util.LogHelper] - HHH000204: Processing PersistenceUnitInfo [name: default]
2025-01-27 00:51:02.571 [INFO] [main] [org.hibernate.Version] - HHH000412: Hibernate ORM core version 6.6.2.Final
2025-01-27 00:51:02.621 [INFO] [main] [o.h.c.i.RegionFactoryInitiator] - HHH000026: Second-level cache disabled
2025-01-27 00:51:02.954 [INFO] [main] [o.s.o.j.p.SpringPersistenceUnitInfo] - No LoadTimeWeaver setup: ignoring JPA class transformer
2025-01-27 00:51:02.990 [INFO] [main] [com.zaxxer.hikari.HikariDataSource] - HikariPool-1 - Starting...
2025-01-27 00:51:03.279 [INFO] [main] [com.zaxxer.hikari.pool.HikariPool] - HikariPool-1 - Added connection com.mysql.cj.jdbc.ConnectionImpl@20fa5277
2025-01-27 00:51:03.281 [INFO] [main] [com.zaxxer.hikari.HikariDataSource] - HikariPool-1 - Start completed.
2025-01-27 00:51:03.392 [INFO] [main] [o.hibernate.orm.connections.pooling] - HHH10001005: Database info:
	Database JDBC URL [Connecting through datasource 'HikariDataSource (HikariPool-1)']
	Database driver: undefined/unknown
	Database version: 8.0.39
	Autocommit mode: undefined/unknown
	Isolation level: undefined/unknown
	Minimum pool size: undefined/unknown
	Maximum pool size: undefined/unknown
2025-01-27 00:51:04.198 [INFO] [main] [o.h.e.t.j.p.i.JtaPlatformInitiator] - HHH000489: No JTA platform available (set 'hibernate.transaction.jta.platform' to enable JTA platform integration)
2025-01-27 00:51:04.241 [INFO] [main] [o.s.o.j.LocalContainerEntityManagerFactoryBean] - Initialized JPA EntityManagerFactory for persistence unit 'default'
2025-01-27 00:51:05.199 [INFO] [main] [org.mongodb.driver.client] - MongoClient with metadata {"driver": {"name": "mongo-java-driver|sync|spring-boot", "version": "5.2.1"}, "os": {"type": "Windows", "name": "Windows 10", "architecture": "amd64", "version": "10.0"}, "platform": "Java/Eclipse Adoptium/17.0.8.1+1"} created with settings MongoClientSettings{readPreference=primary, writeConcern=WriteConcern{w=null, wTimeout=null ms, journal=null}, retryWrites=true, retryReads=true, readConcern=ReadConcern{level=null}, credential=null, transportSettings=null, commandListeners=[], codecRegistry=ProvidersCodecRegistry{codecProviders=[ValueCodecProvider{}, BsonValueCodecProvider{}, DBRefCodecProvider{}, DBObjectCodecProvider{}, DocumentCodecProvider{}, CollectionCodecProvider{}, IterableCodecProvider{}, MapCodecProvider{}, GeoJsonCodecProvider{}, GridFSFileCodecProvider{}, Jsr310CodecProvider{}, JsonObjectCodecProvider{}, BsonCodecProvider{}, EnumCodecProvider{}, com.mongodb.client.model.mql.ExpressionCodecProvider@3c2188b0, com.mongodb.Jep395RecordCodecProvider@9751c9, com.mongodb.KotlinCodecProvider@c1bcea1]}, loggerSettings=LoggerSettings{maxDocumentLength=1000}, clusterSettings={hosts=[localhost:27017], srvServiceName=mongodb, mode=SINGLE, requiredClusterType=UNKNOWN, requiredReplicaSetName='null', serverSelector='null', clusterListeners='[]', serverSelectionTimeout='30000 ms', localThreshold='15 ms'}, socketSettings=SocketSettings{connectTimeoutMS=10000, readTimeoutMS=0, receiveBufferSize=0, proxySettings=ProxySettings{host=null, port=null, username=null, password=null}}, heartbeatSocketSettings=SocketSettings{connectTimeoutMS=10000, readTimeoutMS=10000, receiveBufferSize=0, proxySettings=ProxySettings{host=null, port=null, username=null, password=null}}, connectionPoolSettings=ConnectionPoolSettings{maxSize=100, minSize=0, maxWaitTimeMS=120000, maxConnectionLifeTimeMS=0, maxConnectionIdleTimeMS=0, maintenanceInitialDelayMS=0, maintenanceFrequencyMS=60000, connectionPoolListeners=[], maxConnecting=2}, serverSettings=ServerSettings{heartbeatFrequencyMS=10000, minHeartbeatFrequencyMS=500, serverMonitoringMode=AUTO, serverListeners='[]', serverMonitorListeners='[]'}, sslSettings=SslSettings{enabled=false, invalidHostNameAllowed=false, context=null}, applicationName='null', compressorList=[], uuidRepresentation=JAVA_LEGACY, serverApi=null, autoEncryptionSettings=null, dnsClient=null, inetAddressResolver=null, contextProvider=null, timeoutMS=null}
2025-01-27 00:51:05.214 [INFO] [cluster-ClusterId{value='679659e9a553c4324a02d3af', description='null'}-localhost:27017] [org.mongodb.driver.cluster] - Monitor thread successfully connected to server with description ServerDescription{address=localhost:27017, type=STANDALONE, cryptd=false, state=CONNECTED, ok=true, minWireVersion=0, maxWireVersion=25, maxDocumentSize=16777216, logicalSessionTimeoutMinutes=30, roundTripTimeNanos=23304000, minRoundTripTimeNanos=0}
2025-01-27 00:51:05.477 [INFO] [main] [o.s.s.c.a.a.c.InitializeUserDetailsBeanManagerConfigurer$InitializeUserDetailsManagerConfigurer] - Global AuthenticationManager configured with UserDetailsService bean with name customUserDetailsService
2025-01-27 00:51:05.568 [INFO] [main] [o.s.b.a.w.s.WelcomePageHandlerMapping] - Adding welcome page template: index
2025-01-27 00:51:06.098 [INFO] [main] [o.a.coyote.http11.Http11NioProtocol] - Starting ProtocolHandler ["http-nio-8080"]
2025-01-27 00:51:06.117 [INFO] [main] [o.s.b.w.e.tomcat.TomcatWebServer] - Tomcat started on port 8080 (http) with context path '/'
2025-01-27 00:51:06.127 [INFO] [main] [c.K.S.SpringBootJpaApplication] - Started SpringBootJpaApplication in 6.414 seconds (process running for 6.827)
2025-01-27 00:51:10.467 [INFO] [http-nio-8080-exec-1] [o.a.c.c.C.[Tomcat].[localhost].[/]] - Initializing Spring DispatcherServlet 'dispatcherServlet'
2025-01-27 00:51:10.467 [INFO] [http-nio-8080-exec-1] [o.s.web.servlet.DispatcherServlet] - Initializing Servlet 'dispatcherServlet'
2025-01-27 00:51:10.468 [INFO] [http-nio-8080-exec-1] [o.s.web.servlet.DispatcherServlet] - Completed initialization in 1 ms
2025-01-27 00:51:10.507 [INFO] [http-nio-8080-exec-1] [c.K.S.controller.AdminController] - Admin page accessed by IP: 0:0:0:0:0:0:0:1
2025-01-27 00:51:11.583 [INFO] [http-nio-8080-exec-5] [c.K.S.controller.AdminController] - Admin project page accessed by IP: 0:0:0:0:0:0:0:1
2025-01-27 00:51:12.536 [INFO] [http-nio-8080-exec-8] [c.K.S.controller.AdminController] - Admin write project page accessed by IP: 0:0:0:0:0:0:0:1
2025-01-27 00:51:23.588 [INFO] [http-nio-8080-exec-2] [c.K.S.service.FileService] - File pre-upload successful: FileName=chrome_screenshot_www.youtube.com (8).png, FilePath=C:/Users/KANG/Desktop/Self-study/Spring_Boot/Test/temp/7bf9207b-ea34-48a4-8365-d3dcea345f75_chrome_screenshot_www.youtube.com (8).png
2025-01-27 00:57:27.054 [INFO] [http-nio-8080-exec-5] [c.K.S.service.FileService] - File pre-upload successful: FileName=chrome_screenshot_www.youtube.com (10).png, FilePath=C:/Users/KANG/Desktop/Self-study/Spring_Boot/Test/temp/72f17aca-63f3-4672-8d99-fd69a70923c4_chrome_screenshot_www.youtube.com (10).png
2025-01-27 00:58:28.147 [INFO] [http-nio-8080-exec-8] [c.K.S.service.FileService] - File pre-upload successful: FileName=chrome_screenshot_www.youtube.com (10).png, FilePath=C:/Users/KANG/Desktop/Self-study/Spring_Boot/Test/temp/1fe908fb-f069-4967-b7e7-2514a75f3078_chrome_screenshot_www.youtube.com (10).png
2025-01-27 00:58:30.762 [INFO] [http-nio-8080-exec-9] [c.K.S.service.FileService] - File pre-upload successful: FileName=chrome_screenshot_www.youtube.com (15).png, FilePath=C:/Users/KANG/Desktop/Self-study/Spring_Boot/Test/temp/e06df756-3816-4bb3-93fe-87fea3460e4d_chrome_screenshot_www.youtube.com (15).png
2025-01-27 00:58:34.819 [INFO] [http-nio-8080-exec-1] [c.K.S.service.FileService] - File real-upload successful: FileName=7bf9207b-ea34-48a4-8365-d3dcea345f75_chrome_screenshot_www.youtube.com (8).png, FilePath=C:/Users/KANG/Desktop/Self-study/Spring_Boot/Test/real/7bf9207b-ea34-48a4-8365-d3dcea345f75_chrome_screenshot_www.youtube.com (8).png
2025-01-27 00:58:34.819 [INFO] [http-nio-8080-exec-1] [c.K.S.service.AdminService] - Successfully uploaded thumbnail: C:/Users/KANG/Desktop/Self-study/Spring_Boot/Test/temp/7bf9207b-ea34-48a4-8365-d3dcea345f75_chrome_screenshot_www.youtube.com (8).png to C:/Users/KANG/Desktop/Self-study/Spring_Boot/Test/real/7bf9207b-ea34-48a4-8365-d3dcea345f75_chrome_screenshot_www.youtube.com (8).png
2025-01-27 00:58:34.821 [INFO] [http-nio-8080-exec-1] [c.K.S.service.FileService] - File real-upload successful: FileName=1fe908fb-f069-4967-b7e7-2514a75f3078_chrome_screenshot_www.youtube.com (10).png, FilePath=C:/Users/KANG/Desktop/Self-study/Spring_Boot/Test/real/1fe908fb-f069-4967-b7e7-2514a75f3078_chrome_screenshot_www.youtube.com (10).png
2025-01-27 00:58:34.821 [INFO] [http-nio-8080-exec-1] [c.K.S.service.AdminService] - Successfully uploaded attachment: C:/Users/KANG/Desktop/Self-study/Spring_Boot/Test/temp/1fe908fb-f069-4967-b7e7-2514a75f3078_chrome_screenshot_www.youtube.com (10).png to C:/Users/KANG/Desktop/Self-study/Spring_Boot/Test/real/1fe908fb-f069-4967-b7e7-2514a75f3078_chrome_screenshot_www.youtube.com (10).png
2025-01-27 00:58:34.822 [INFO] [http-nio-8080-exec-1] [c.K.S.service.FileService] - File real-upload successful: FileName=e06df756-3816-4bb3-93fe-87fea3460e4d_chrome_screenshot_www.youtube.com (15).png, FilePath=C:/Users/KANG/Desktop/Self-study/Spring_Boot/Test/real/e06df756-3816-4bb3-93fe-87fea3460e4d_chrome_screenshot_www.youtube.com (15).png
2025-01-27 00:58:34.822 [INFO] [http-nio-8080-exec-1] [c.K.S.service.AdminService] - Successfully uploaded attachment: C:/Users/KANG/Desktop/Self-study/Spring_Boot/Test/temp/e06df756-3816-4bb3-93fe-87fea3460e4d_chrome_screenshot_www.youtube.com (15).png to C:/Users/KANG/Desktop/Self-study/Spring_Boot/Test/real/e06df756-3816-4bb3-93fe-87fea3460e4d_chrome_screenshot_www.youtube.com (15).png
2025-01-27 00:58:34.867 [INFO] [http-nio-8080-exec-1] [c.K.S.service.AdminService] - Successfully saved project: Title=2기 test project
2025-01-27 00:58:35.753 [INFO] [http-nio-8080-exec-2] [c.K.S.controller.AdminController] - Admin project page accessed by IP: 0:0:0:0:0:0:0:1
2025-01-27 01:03:30.582 [INFO] [http-nio-8080-exec-9] [c.K.S.controller.AdminController] - Admin write project page accessed by IP: 0:0:0:0:0:0:0:1
2025-01-27 01:03:36.446 [INFO] [http-nio-8080-exec-1] [c.K.S.controller.AdminController] - Admin session page accessed by IP: 0:0:0:0:0:0:0:1
2025-01-27 01:03:37.054 [INFO] [http-nio-8080-exec-3] [c.K.S.controller.AdminController] - Admin project page accessed by IP: 0:0:0:0:0:0:0:1
2025-01-27 01:03:38.688 [INFO] [http-nio-8080-exec-8] [c.K.S.controller.AdminController] - Admin session page accessed by IP: 0:0:0:0:0:0:0:1
2025-01-27 01:03:39.544 [INFO] [http-nio-8080-exec-7] [c.K.S.controller.AdminController] - Admin project page accessed by IP: 0:0:0:0:0:0:0:1
2025-01-27 01:03:43.818 [INFO] [http-nio-8080-exec-2] [c.K.S.controller.AdminController] - Admin session page accessed by IP: 0:0:0:0:0:0:0:1
2025-01-27 01:03:46.711 [INFO] [http-nio-8080-exec-3] [c.K.S.controller.AdminController] - Admin project page accessed by IP: 0:0:0:0:0:0:0:1
2025-01-27 01:03:47.737 [INFO] [http-nio-8080-exec-8] [c.K.S.controller.AdminController] - Admin session page accessed by IP: 0:0:0:0:0:0:0:1
2025-01-27 01:09:11.764 [INFO] [http-nio-8080-exec-10] [c.K.S.controller.AdminController] - Admin page accessed by IP: 0:0:0:0:0:0:0:1
2025-01-27 01:09:12.564 [INFO] [http-nio-8080-exec-4] [c.K.S.controller.AdminController] - Admin session page accessed by IP: 0:0:0:0:0:0:0:1
2025-01-27 01:13:21.480 [INFO] [http-nio-8080-exec-7] [c.K.S.controller.AdminController] - Admin project page accessed by IP: 0:0:0:0:0:0:0:1
2025-01-27 01:14:14.965 [INFO] [http-nio-8080-exec-5] [c.K.S.controller.AdminController] - Admin page accessed by IP: 0:0:0:0:0:0:0:1
2025-01-27 01:14:16.179 [INFO] [http-nio-8080-exec-8] [c.K.S.controller.AdminController] - Admin project page accessed by IP: 0:0:0:0:0:0:0:1
2025-01-27 01:14:20.117 [INFO] [http-nio-8080-exec-1] [c.K.S.service.AdminService] - Successfully deleted project: Title=2기 test project
2025-01-27 01:14:21.277 [INFO] [http-nio-8080-exec-2] [c.K.S.controller.AdminController] - Admin project page accessed by IP: 0:0:0:0:0:0:0:1
